#! /usr/bin/vvp
:ivl_version "11.0 (stable)";
:ivl_delay_selection "TYPICAL";
:vpi_time_precision + 0;
:vpi_module "/usr/lib/x86_64-linux-gnu/ivl/system.vpi";
:vpi_module "/usr/lib/x86_64-linux-gnu/ivl/vhdl_sys.vpi";
:vpi_module "/usr/lib/x86_64-linux-gnu/ivl/vhdl_textio.vpi";
:vpi_module "/usr/lib/x86_64-linux-gnu/ivl/v2005_math.vpi";
:vpi_module "/usr/lib/x86_64-linux-gnu/ivl/va_math.vpi";
S_0x55a5ca507310 .scope module, "test_bench" "test_bench" 2 138;
 .timescale 0 0;
v0x55a5ca5c2400_0 .var "clk", 0 0;
v0x55a5ca5c24c0_0 .var "down", 0 0;
v0x55a5ca5c2590_0 .net "number", 6 0, L_0x55a5ca5c2850;  1 drivers
v0x55a5ca5c2690_0 .var "reset", 0 0;
v0x55a5ca5c2760_0 .var "up", 0 0;
S_0x55a5ca5074a0 .scope module, "instancia" "counter" 2 141, 2 1 0, S_0x55a5ca507310;
 .timescale 0 0;
    .port_info 0 /INPUT 1 "clk";
    .port_info 1 /INPUT 1 "reset";
    .port_info 2 /INPUT 1 "up";
    .port_info 3 /INPUT 1 "down";
    .port_info 4 /OUTPUT 7 "salida";
P_0x55a5ca4bfc40 .param/l "S0" 0 2 6, C4<000>;
P_0x55a5ca4bfc80 .param/l "S1" 0 2 7, C4<001>;
P_0x55a5ca4bfcc0 .param/l "S2" 0 2 8, C4<010>;
P_0x55a5ca4bfd00 .param/l "S3" 0 2 9, C4<011>;
P_0x55a5ca4bfd40 .param/l "S4" 0 2 10, C4<100>;
P_0x55a5ca4bfd80 .param/l "S5" 0 2 11, C4<101>;
P_0x55a5ca4bfdc0 .param/l "S6" 0 2 12, C4<110>;
L_0x55a5ca5c2850 .functor BUFZ 7, v0x55a5ca5c1fd0_0, C4<0000000>, C4<0000000>, C4<0000000>;
v0x55a5ca4f74f0_0 .net "clk", 0 0, v0x55a5ca5c2400_0;  1 drivers
v0x55a5ca5c1d70_0 .var "current_state", 2 0;
v0x55a5ca5c1e50_0 .net "down", 0 0, v0x55a5ca5c24c0_0;  1 drivers
v0x55a5ca5c1ef0_0 .var "next_state", 2 0;
v0x55a5ca5c1fd0_0 .var "number", 6 0;
v0x55a5ca5c2100_0 .net "reset", 0 0, v0x55a5ca5c2690_0;  1 drivers
v0x55a5ca5c21c0_0 .net "salida", 6 0, L_0x55a5ca5c2850;  alias, 1 drivers
v0x55a5ca5c22a0_0 .net "up", 0 0, v0x55a5ca5c2760_0;  1 drivers
E_0x55a5ca4f71e0 .event posedge, v0x55a5ca4f74f0_0;
E_0x55a5ca4be880 .event edge, v0x55a5ca5c1e50_0, v0x55a5ca5c22a0_0, v0x55a5ca5c1d70_0;
E_0x55a5ca4f6f10 .event posedge, v0x55a5ca5c2100_0, v0x55a5ca4f74f0_0;
    .scope S_0x55a5ca5074a0;
T_0 ;
    %wait E_0x55a5ca4f6f10;
    %load/vec4 v0x55a5ca5c2100_0;
    %flag_set/vec4 8;
    %jmp/0xz  T_0.0, 8;
    %pushi/vec4 0, 0, 3;
    %assign/vec4 v0x55a5ca5c1d70_0, 0;
    %jmp T_0.1;
T_0.0 ;
    %load/vec4 v0x55a5ca5c1ef0_0;
    %assign/vec4 v0x55a5ca5c1d70_0, 0;
T_0.1 ;
    %jmp T_0;
    .thread T_0;
    .scope S_0x55a5ca5074a0;
T_1 ;
    %wait E_0x55a5ca4be880;
    %load/vec4 v0x55a5ca5c1d70_0;
    %dup/vec4;
    %pushi/vec4 0, 0, 3;
    %cmp/u;
    %jmp/1 T_1.0, 6;
    %dup/vec4;
    %pushi/vec4 1, 0, 3;
    %cmp/u;
    %jmp/1 T_1.1, 6;
    %dup/vec4;
    %pushi/vec4 3, 0, 3;
    %cmp/u;
    %jmp/1 T_1.2, 6;
    %dup/vec4;
    %pushi/vec4 2, 0, 3;
    %cmp/u;
    %jmp/1 T_1.3, 6;
    %dup/vec4;
    %pushi/vec4 4, 0, 3;
    %cmp/u;
    %jmp/1 T_1.4, 6;
    %dup/vec4;
    %pushi/vec4 5, 0, 3;
    %cmp/u;
    %jmp/1 T_1.5, 6;
    %dup/vec4;
    %pushi/vec4 6, 0, 3;
    %cmp/u;
    %jmp/1 T_1.6, 6;
    %pushi/vec4 0, 0, 3;
    %store/vec4 v0x55a5ca5c1ef0_0, 0, 3;
    %jmp T_1.8;
T_1.0 ;
    %load/vec4 v0x55a5ca5c22a0_0;
    %flag_set/vec4 8;
    %jmp/0xz  T_1.9, 8;
    %pushi/vec4 1, 0, 3;
    %store/vec4 v0x55a5ca5c1ef0_0, 0, 3;
    %jmp T_1.10;
T_1.9 ;
    %load/vec4 v0x55a5ca5c1e50_0;
    %flag_set/vec4 8;
    %jmp/0xz  T_1.11, 8;
    %pushi/vec4 3, 0, 3;
    %store/vec4 v0x55a5ca5c1ef0_0, 0, 3;
T_1.11 ;
T_1.10 ;
    %jmp T_1.8;
T_1.1 ;
    %load/vec4 v0x55a5ca5c22a0_0;
    %inv;
    %flag_set/vec4 8;
    %jmp/0xz  T_1.13, 8;
    %pushi/vec4 2, 0, 3;
    %store/vec4 v0x55a5ca5c1ef0_0, 0, 3;
    %jmp T_1.14;
T_1.13 ;
    %load/vec4 v0x55a5ca5c1e50_0;
    %flag_set/vec4 8;
    %jmp/0xz  T_1.15, 8;
    %pushi/vec4 3, 0, 3;
    %store/vec4 v0x55a5ca5c1ef0_0, 0, 3;
T_1.15 ;
T_1.14 ;
    %jmp T_1.8;
T_1.2 ;
    %load/vec4 v0x55a5ca5c1e50_0;
    %inv;
    %flag_set/vec4 8;
    %jmp/0xz  T_1.17, 8;
    %pushi/vec4 4, 0, 3;
    %store/vec4 v0x55a5ca5c1ef0_0, 0, 3;
    %jmp T_1.18;
T_1.17 ;
    %load/vec4 v0x55a5ca5c22a0_0;
    %flag_set/vec4 8;
    %jmp/0xz  T_1.19, 8;
    %pushi/vec4 1, 0, 3;
    %store/vec4 v0x55a5ca5c1ef0_0, 0, 3;
T_1.19 ;
T_1.18 ;
    %jmp T_1.8;
T_1.3 ;
    %load/vec4 v0x55a5ca5c22a0_0;
    %flag_set/vec4 8;
    %jmp/0xz  T_1.21, 8;
    %pushi/vec4 1, 0, 3;
    %store/vec4 v0x55a5ca5c1ef0_0, 0, 3;
    %jmp T_1.22;
T_1.21 ;
    %load/vec4 v0x55a5ca5c1e50_0;
    %flag_set/vec4 8;
    %jmp/0xz  T_1.23, 8;
    %pushi/vec4 3, 0, 3;
    %store/vec4 v0x55a5ca5c1ef0_0, 0, 3;
    %jmp T_1.24;
T_1.23 ;
    %pushi/vec4 5, 0, 3;
    %store/vec4 v0x55a5ca5c1ef0_0, 0, 3;
T_1.24 ;
T_1.22 ;
    %jmp T_1.8;
T_1.4 ;
    %load/vec4 v0x55a5ca5c1e50_0;
    %flag_set/vec4 8;
    %jmp/0xz  T_1.25, 8;
    %pushi/vec4 3, 0, 3;
    %store/vec4 v0x55a5ca5c1ef0_0, 0, 3;
    %jmp T_1.26;
T_1.25 ;
    %load/vec4 v0x55a5ca5c22a0_0;
    %flag_set/vec4 8;
    %jmp/0xz  T_1.27, 8;
    %pushi/vec4 1, 0, 3;
    %store/vec4 v0x55a5ca5c1ef0_0, 0, 3;
    %jmp T_1.28;
T_1.27 ;
    %pushi/vec4 6, 0, 3;
    %store/vec4 v0x55a5ca5c1ef0_0, 0, 3;
T_1.28 ;
T_1.26 ;
    %jmp T_1.8;
T_1.5 ;
    %load/vec4 v0x55a5ca5c22a0_0;
    %flag_set/vec4 8;
    %jmp/0xz  T_1.29, 8;
    %pushi/vec4 1, 0, 3;
    %store/vec4 v0x55a5ca5c1ef0_0, 0, 3;
    %jmp T_1.30;
T_1.29 ;
    %load/vec4 v0x55a5ca5c1e50_0;
    %flag_set/vec4 8;
    %jmp/0xz  T_1.31, 8;
    %pushi/vec4 3, 0, 3;
    %store/vec4 v0x55a5ca5c1ef0_0, 0, 3;
    %jmp T_1.32;
T_1.31 ;
    %pushi/vec4 2, 0, 3;
    %store/vec4 v0x55a5ca5c1ef0_0, 0, 3;
T_1.32 ;
T_1.30 ;
    %jmp T_1.8;
T_1.6 ;
    %load/vec4 v0x55a5ca5c22a0_0;
    %flag_set/vec4 8;
    %jmp/0xz  T_1.33, 8;
    %pushi/vec4 1, 0, 3;
    %store/vec4 v0x55a5ca5c1ef0_0, 0, 3;
    %jmp T_1.34;
T_1.33 ;
    %load/vec4 v0x55a5ca5c1e50_0;
    %flag_set/vec4 8;
    %jmp/0xz  T_1.35, 8;
    %pushi/vec4 3, 0, 3;
    %store/vec4 v0x55a5ca5c1ef0_0, 0, 3;
    %jmp T_1.36;
T_1.35 ;
    %pushi/vec4 4, 0, 3;
    %store/vec4 v0x55a5ca5c1ef0_0, 0, 3;
T_1.36 ;
T_1.34 ;
    %jmp T_1.8;
T_1.8 ;
    %pop/vec4 1;
    %jmp T_1;
    .thread T_1, $push;
    .scope S_0x55a5ca5074a0;
T_2 ;
    %wait E_0x55a5ca4f71e0;
    %load/vec4 v0x55a5ca5c1d70_0;
    %dup/vec4;
    %pushi/vec4 0, 0, 3;
    %cmp/u;
    %jmp/1 T_2.0, 6;
    %dup/vec4;
    %pushi/vec4 1, 0, 3;
    %cmp/u;
    %jmp/1 T_2.1, 6;
    %dup/vec4;
    %pushi/vec4 2, 0, 3;
    %cmp/u;
    %jmp/1 T_2.2, 6;
    %dup/vec4;
    %pushi/vec4 3, 0, 3;
    %cmp/u;
    %jmp/1 T_2.3, 6;
    %dup/vec4;
    %pushi/vec4 4, 0, 3;
    %cmp/u;
    %jmp/1 T_2.4, 6;
    %dup/vec4;
    %pushi/vec4 5, 0, 3;
    %cmp/u;
    %jmp/1 T_2.5, 6;
    %dup/vec4;
    %pushi/vec4 6, 0, 3;
    %cmp/u;
    %jmp/1 T_2.6, 6;
    %jmp T_2.7;
T_2.0 ;
    %pushi/vec4 0, 0, 7;
    %assign/vec4 v0x55a5ca5c1fd0_0, 0;
    %jmp T_2.7;
T_2.1 ;
    %load/vec4 v0x55a5ca5c22a0_0;
    %inv;
    %flag_set/vec4 8;
    %jmp/0xz  T_2.8, 8;
    %load/vec4 v0x55a5ca5c1fd0_0;
    %pad/u 32;
    %addi 1, 0, 32;
    %cmpi/u 100, 0, 32;
    %flag_or 5, 4; GT is !LE
    %flag_inv 5;
    %flag_mov 8, 5;
    %jmp/0 T_2.10, 8;
    %pushi/vec4 0, 0, 7;
    %jmp/1 T_2.11, 8;
T_2.10 ; End of true expr.
    %load/vec4 v0x55a5ca5c1fd0_0;
    %addi 1, 0, 7;
    %jmp/0 T_2.11, 8;
 ; End of false expr.
    %blend;
T_2.11;
    %assign/vec4 v0x55a5ca5c1fd0_0, 0;
T_2.8 ;
    %jmp T_2.7;
T_2.2 ;
    %load/vec4 v0x55a5ca5c22a0_0;
    %inv;
    %flag_set/vec4 8;
    %jmp/0xz  T_2.12, 8;
    %load/vec4 v0x55a5ca5c1fd0_0;
    %pad/u 32;
    %addi 1, 0, 32;
    %cmpi/u 100, 0, 32;
    %flag_or 5, 4; GT is !LE
    %flag_inv 5;
    %flag_mov 8, 5;
    %jmp/0 T_2.14, 8;
    %pushi/vec4 0, 0, 7;
    %jmp/1 T_2.15, 8;
T_2.14 ; End of true expr.
    %load/vec4 v0x55a5ca5c1fd0_0;
    %addi 1, 0, 7;
    %jmp/0 T_2.15, 8;
 ; End of false expr.
    %blend;
T_2.15;
    %assign/vec4 v0x55a5ca5c1fd0_0, 0;
T_2.12 ;
    %jmp T_2.7;
T_2.3 ;
    %load/vec4 v0x55a5ca5c1e50_0;
    %inv;
    %flag_set/vec4 8;
    %jmp/0xz  T_2.16, 8;
    %load/vec4 v0x55a5ca5c1fd0_0;
    %pad/u 32;
    %subi 1, 0, 32;
    %cmpi/u 100, 0, 32;
    %flag_or 5, 4; GT is !LE
    %flag_inv 5;
    %flag_mov 8, 5;
    %jmp/0 T_2.18, 8;
    %pushi/vec4 100, 0, 8;
    %jmp/1 T_2.19, 8;
T_2.18 ; End of true expr.
    %load/vec4 v0x55a5ca5c1fd0_0;
    %pad/u 8;
    %subi 1, 0, 8;
    %jmp/0 T_2.19, 8;
 ; End of false expr.
    %blend;
T_2.19;
    %pad/u 7;
    %assign/vec4 v0x55a5ca5c1fd0_0, 0;
T_2.16 ;
    %jmp T_2.7;
T_2.4 ;
    %load/vec4 v0x55a5ca5c1e50_0;
    %inv;
    %flag_set/vec4 8;
    %jmp/0xz  T_2.20, 8;
    %load/vec4 v0x55a5ca5c1fd0_0;
    %pad/u 32;
    %subi 1, 0, 32;
    %cmpi/u 100, 0, 32;
    %flag_or 5, 4; GT is !LE
    %flag_inv 5;
    %flag_mov 8, 5;
    %jmp/0 T_2.22, 8;
    %pushi/vec4 100, 0, 8;
    %jmp/1 T_2.23, 8;
T_2.22 ; End of true expr.
    %load/vec4 v0x55a5ca5c1fd0_0;
    %pad/u 8;
    %subi 1, 0, 8;
    %jmp/0 T_2.23, 8;
 ; End of false expr.
    %blend;
T_2.23;
    %pad/u 7;
    %assign/vec4 v0x55a5ca5c1fd0_0, 0;
T_2.20 ;
    %jmp T_2.7;
T_2.5 ;
    %load/vec4 v0x55a5ca5c22a0_0;
    %inv;
    %flag_set/vec4 8;
    %jmp/0xz  T_2.24, 8;
    %load/vec4 v0x55a5ca5c1fd0_0;
    %pad/u 32;
    %addi 1, 0, 32;
    %cmpi/u 100, 0, 32;
    %flag_or 5, 4; GT is !LE
    %flag_inv 5;
    %flag_mov 8, 5;
    %jmp/0 T_2.26, 8;
    %pushi/vec4 0, 0, 7;
    %jmp/1 T_2.27, 8;
T_2.26 ; End of true expr.
    %load/vec4 v0x55a5ca5c1fd0_0;
    %addi 1, 0, 7;
    %jmp/0 T_2.27, 8;
 ; End of false expr.
    %blend;
T_2.27;
    %assign/vec4 v0x55a5ca5c1fd0_0, 0;
T_2.24 ;
    %jmp T_2.7;
T_2.6 ;
    %load/vec4 v0x55a5ca5c1e50_0;
    %inv;
    %flag_set/vec4 8;
    %jmp/0xz  T_2.28, 8;
    %load/vec4 v0x55a5ca5c1fd0_0;
    %pad/u 32;
    %subi 1, 0, 32;
    %cmpi/u 100, 0, 32;
    %flag_or 5, 4; GT is !LE
    %flag_inv 5;
    %flag_mov 8, 5;
    %jmp/0 T_2.30, 8;
    %pushi/vec4 100, 0, 8;
    %jmp/1 T_2.31, 8;
T_2.30 ; End of true expr.
    %load/vec4 v0x55a5ca5c1fd0_0;
    %pad/u 8;
    %subi 1, 0, 8;
    %jmp/0 T_2.31, 8;
 ; End of false expr.
    %blend;
T_2.31;
    %pad/u 7;
    %assign/vec4 v0x55a5ca5c1fd0_0, 0;
T_2.28 ;
    %jmp T_2.7;
T_2.7 ;
    %pop/vec4 1;
    %jmp T_2;
    .thread T_2;
    .scope S_0x55a5ca507310;
T_3 ;
    %pushi/vec4 0, 0, 1;
    %store/vec4 v0x55a5ca5c2400_0, 0, 1;
    %pushi/vec4 1, 0, 1;
    %store/vec4 v0x55a5ca5c2690_0, 0, 1;
    %pushi/vec4 0, 0, 1;
    %store/vec4 v0x55a5ca5c2760_0, 0, 1;
    %pushi/vec4 0, 0, 1;
    %store/vec4 v0x55a5ca5c24c0_0, 0, 1;
    %delay 1, 0;
    %pushi/vec4 1, 0, 1;
    %store/vec4 v0x55a5ca5c2400_0, 0, 1;
    %pushi/vec4 1, 0, 1;
    %store/vec4 v0x55a5ca5c2690_0, 0, 1;
    %pushi/vec4 0, 0, 1;
    %store/vec4 v0x55a5ca5c2760_0, 0, 1;
    %pushi/vec4 0, 0, 1;
    %store/vec4 v0x55a5ca5c24c0_0, 0, 1;
    %delay 1, 0;
    %pushi/vec4 0, 0, 1;
    %store/vec4 v0x55a5ca5c2400_0, 0, 1;
    %pushi/vec4 0, 0, 1;
    %store/vec4 v0x55a5ca5c2690_0, 0, 1;
    %pushi/vec4 0, 0, 1;
    %store/vec4 v0x55a5ca5c2760_0, 0, 1;
    %pushi/vec4 0, 0, 1;
    %store/vec4 v0x55a5ca5c24c0_0, 0, 1;
    %delay 1, 0;
    %pushi/vec4 1, 0, 1;
    %store/vec4 v0x55a5ca5c2400_0, 0, 1;
    %pushi/vec4 0, 0, 1;
    %store/vec4 v0x55a5ca5c2690_0, 0, 1;
    %pushi/vec4 0, 0, 1;
    %store/vec4 v0x55a5ca5c2760_0, 0, 1;
    %pushi/vec4 0, 0, 1;
    %store/vec4 v0x55a5ca5c24c0_0, 0, 1;
    %delay 1, 0;
    %pushi/vec4 0, 0, 1;
    %store/vec4 v0x55a5ca5c2400_0, 0, 1;
    %pushi/vec4 0, 0, 1;
    %store/vec4 v0x55a5ca5c2690_0, 0, 1;
    %pushi/vec4 0, 0, 1;
    %store/vec4 v0x55a5ca5c2760_0, 0, 1;
    %pushi/vec4 0, 0, 1;
    %store/vec4 v0x55a5ca5c24c0_0, 0, 1;
    %delay 1, 0;
    %pushi/vec4 1, 0, 1;
    %store/vec4 v0x55a5ca5c2400_0, 0, 1;
    %pushi/vec4 0, 0, 1;
    %store/vec4 v0x55a5ca5c2690_0, 0, 1;
    %pushi/vec4 1, 0, 1;
    %store/vec4 v0x55a5ca5c2760_0, 0, 1;
    %pushi/vec4 0, 0, 1;
    %store/vec4 v0x55a5ca5c24c0_0, 0, 1;
    %delay 1, 0;
    %pushi/vec4 0, 0, 1;
    %store/vec4 v0x55a5ca5c2400_0, 0, 1;
    %pushi/vec4 0, 0, 1;
    %store/vec4 v0x55a5ca5c2690_0, 0, 1;
    %pushi/vec4 0, 0, 1;
    %store/vec4 v0x55a5ca5c2760_0, 0, 1;
    %pushi/vec4 0, 0, 1;
    %store/vec4 v0x55a5ca5c24c0_0, 0, 1;
    %delay 1, 0;
    %pushi/vec4 1, 0, 1;
    %store/vec4 v0x55a5ca5c2400_0, 0, 1;
    %pushi/vec4 0, 0, 1;
    %store/vec4 v0x55a5ca5c2690_0, 0, 1;
    %pushi/vec4 0, 0, 1;
    %store/vec4 v0x55a5ca5c2760_0, 0, 1;
    %pushi/vec4 0, 0, 1;
    %store/vec4 v0x55a5ca5c24c0_0, 0, 1;
    %delay 1, 0;
    %pushi/vec4 0, 0, 1;
    %store/vec4 v0x55a5ca5c2400_0, 0, 1;
    %pushi/vec4 0, 0, 1;
    %store/vec4 v0x55a5ca5c2690_0, 0, 1;
    %pushi/vec4 0, 0, 1;
    %store/vec4 v0x55a5ca5c2760_0, 0, 1;
    %pushi/vec4 0, 0, 1;
    %store/vec4 v0x55a5ca5c24c0_0, 0, 1;
    %delay 1, 0;
    %pushi/vec4 1, 0, 1;
    %store/vec4 v0x55a5ca5c2400_0, 0, 1;
    %pushi/vec4 0, 0, 1;
    %store/vec4 v0x55a5ca5c2690_0, 0, 1;
    %pushi/vec4 0, 0, 1;
    %store/vec4 v0x55a5ca5c2760_0, 0, 1;
    %pushi/vec4 0, 0, 1;
    %store/vec4 v0x55a5ca5c24c0_0, 0, 1;
    %delay 1, 0;
    %pushi/vec4 0, 0, 1;
    %store/vec4 v0x55a5ca5c2400_0, 0, 1;
    %pushi/vec4 0, 0, 1;
    %store/vec4 v0x55a5ca5c2690_0, 0, 1;
    %pushi/vec4 0, 0, 1;
    %store/vec4 v0x55a5ca5c2760_0, 0, 1;
    %pushi/vec4 0, 0, 1;
    %store/vec4 v0x55a5ca5c24c0_0, 0, 1;
    %delay 1, 0;
    %pushi/vec4 1, 0, 1;
    %store/vec4 v0x55a5ca5c2400_0, 0, 1;
    %pushi/vec4 0, 0, 1;
    %store/vec4 v0x55a5ca5c2690_0, 0, 1;
    %pushi/vec4 0, 0, 1;
    %store/vec4 v0x55a5ca5c2760_0, 0, 1;
    %pushi/vec4 0, 0, 1;
    %store/vec4 v0x55a5ca5c24c0_0, 0, 1;
    %delay 1, 0;
    %pushi/vec4 0, 0, 1;
    %store/vec4 v0x55a5ca5c2400_0, 0, 1;
    %pushi/vec4 0, 0, 1;
    %store/vec4 v0x55a5ca5c2690_0, 0, 1;
    %pushi/vec4 0, 0, 1;
    %store/vec4 v0x55a5ca5c2760_0, 0, 1;
    %pushi/vec4 0, 0, 1;
    %store/vec4 v0x55a5ca5c24c0_0, 0, 1;
    %delay 1, 0;
    %pushi/vec4 1, 0, 1;
    %store/vec4 v0x55a5ca5c2400_0, 0, 1;
    %pushi/vec4 0, 0, 1;
    %store/vec4 v0x55a5ca5c2690_0, 0, 1;
    %pushi/vec4 0, 0, 1;
    %store/vec4 v0x55a5ca5c2760_0, 0, 1;
    %pushi/vec4 0, 0, 1;
    %store/vec4 v0x55a5ca5c24c0_0, 0, 1;
    %delay 1, 0;
    %pushi/vec4 0, 0, 1;
    %store/vec4 v0x55a5ca5c2400_0, 0, 1;
    %pushi/vec4 0, 0, 1;
    %store/vec4 v0x55a5ca5c2690_0, 0, 1;
    %pushi/vec4 0, 0, 1;
    %store/vec4 v0x55a5ca5c2760_0, 0, 1;
    %pushi/vec4 0, 0, 1;
    %store/vec4 v0x55a5ca5c24c0_0, 0, 1;
    %delay 1, 0;
    %pushi/vec4 1, 0, 1;
    %store/vec4 v0x55a5ca5c2400_0, 0, 1;
    %pushi/vec4 0, 0, 1;
    %store/vec4 v0x55a5ca5c2690_0, 0, 1;
    %pushi/vec4 0, 0, 1;
    %store/vec4 v0x55a5ca5c2760_0, 0, 1;
    %pushi/vec4 0, 0, 1;
    %store/vec4 v0x55a5ca5c24c0_0, 0, 1;
    %delay 1, 0;
    %pushi/vec4 0, 0, 1;
    %store/vec4 v0x55a5ca5c2400_0, 0, 1;
    %pushi/vec4 0, 0, 1;
    %store/vec4 v0x55a5ca5c2690_0, 0, 1;
    %pushi/vec4 0, 0, 1;
    %store/vec4 v0x55a5ca5c2760_0, 0, 1;
    %pushi/vec4 0, 0, 1;
    %store/vec4 v0x55a5ca5c24c0_0, 0, 1;
    %delay 1, 0;
    %pushi/vec4 1, 0, 1;
    %store/vec4 v0x55a5ca5c2400_0, 0, 1;
    %pushi/vec4 0, 0, 1;
    %store/vec4 v0x55a5ca5c2690_0, 0, 1;
    %pushi/vec4 0, 0, 1;
    %store/vec4 v0x55a5ca5c2760_0, 0, 1;
    %pushi/vec4 0, 0, 1;
    %store/vec4 v0x55a5ca5c24c0_0, 0, 1;
    %delay 1, 0;
    %pushi/vec4 0, 0, 1;
    %store/vec4 v0x55a5ca5c2400_0, 0, 1;
    %pushi/vec4 0, 0, 1;
    %store/vec4 v0x55a5ca5c2690_0, 0, 1;
    %pushi/vec4 0, 0, 1;
    %store/vec4 v0x55a5ca5c2760_0, 0, 1;
    %pushi/vec4 0, 0, 1;
    %store/vec4 v0x55a5ca5c24c0_0, 0, 1;
    %delay 1, 0;
    %pushi/vec4 1, 0, 1;
    %store/vec4 v0x55a5ca5c2400_0, 0, 1;
    %pushi/vec4 0, 0, 1;
    %store/vec4 v0x55a5ca5c2690_0, 0, 1;
    %pushi/vec4 0, 0, 1;
    %store/vec4 v0x55a5ca5c2760_0, 0, 1;
    %pushi/vec4 0, 0, 1;
    %store/vec4 v0x55a5ca5c24c0_0, 0, 1;
    %delay 1, 0;
    %pushi/vec4 0, 0, 1;
    %store/vec4 v0x55a5ca5c2400_0, 0, 1;
    %pushi/vec4 0, 0, 1;
    %store/vec4 v0x55a5ca5c2690_0, 0, 1;
    %pushi/vec4 0, 0, 1;
    %store/vec4 v0x55a5ca5c2760_0, 0, 1;
    %pushi/vec4 0, 0, 1;
    %store/vec4 v0x55a5ca5c24c0_0, 0, 1;
    %delay 1, 0;
    %pushi/vec4 1, 0, 1;
    %store/vec4 v0x55a5ca5c2400_0, 0, 1;
    %pushi/vec4 0, 0, 1;
    %store/vec4 v0x55a5ca5c2690_0, 0, 1;
    %pushi/vec4 0, 0, 1;
    %store/vec4 v0x55a5ca5c2760_0, 0, 1;
    %pushi/vec4 0, 0, 1;
    %store/vec4 v0x55a5ca5c24c0_0, 0, 1;
    %delay 1, 0;
    %pushi/vec4 0, 0, 1;
    %store/vec4 v0x55a5ca5c2400_0, 0, 1;
    %pushi/vec4 0, 0, 1;
    %store/vec4 v0x55a5ca5c2690_0, 0, 1;
    %pushi/vec4 0, 0, 1;
    %store/vec4 v0x55a5ca5c2760_0, 0, 1;
    %pushi/vec4 0, 0, 1;
    %store/vec4 v0x55a5ca5c24c0_0, 0, 1;
    %delay 1, 0;
    %pushi/vec4 1, 0, 1;
    %store/vec4 v0x55a5ca5c2400_0, 0, 1;
    %pushi/vec4 0, 0, 1;
    %store/vec4 v0x55a5ca5c2690_0, 0, 1;
    %pushi/vec4 0, 0, 1;
    %store/vec4 v0x55a5ca5c2760_0, 0, 1;
    %pushi/vec4 0, 0, 1;
    %store/vec4 v0x55a5ca5c24c0_0, 0, 1;
    %delay 1, 0;
    %pushi/vec4 0, 0, 1;
    %store/vec4 v0x55a5ca5c2400_0, 0, 1;
    %pushi/vec4 0, 0, 1;
    %store/vec4 v0x55a5ca5c2690_0, 0, 1;
    %pushi/vec4 0, 0, 1;
    %store/vec4 v0x55a5ca5c2760_0, 0, 1;
    %pushi/vec4 0, 0, 1;
    %store/vec4 v0x55a5ca5c24c0_0, 0, 1;
    %delay 1, 0;
    %pushi/vec4 1, 0, 1;
    %store/vec4 v0x55a5ca5c2400_0, 0, 1;
    %pushi/vec4 0, 0, 1;
    %store/vec4 v0x55a5ca5c2690_0, 0, 1;
    %pushi/vec4 0, 0, 1;
    %store/vec4 v0x55a5ca5c2760_0, 0, 1;
    %pushi/vec4 0, 0, 1;
    %store/vec4 v0x55a5ca5c24c0_0, 0, 1;
    %delay 1, 0;
    %pushi/vec4 0, 0, 1;
    %store/vec4 v0x55a5ca5c2400_0, 0, 1;
    %pushi/vec4 0, 0, 1;
    %store/vec4 v0x55a5ca5c2690_0, 0, 1;
    %pushi/vec4 0, 0, 1;
    %store/vec4 v0x55a5ca5c2760_0, 0, 1;
    %pushi/vec4 0, 0, 1;
    %store/vec4 v0x55a5ca5c24c0_0, 0, 1;
    %delay 1, 0;
    %pushi/vec4 1, 0, 1;
    %store/vec4 v0x55a5ca5c2400_0, 0, 1;
    %pushi/vec4 0, 0, 1;
    %store/vec4 v0x55a5ca5c2690_0, 0, 1;
    %pushi/vec4 0, 0, 1;
    %store/vec4 v0x55a5ca5c2760_0, 0, 1;
    %pushi/vec4 0, 0, 1;
    %store/vec4 v0x55a5ca5c24c0_0, 0, 1;
    %delay 1, 0;
    %pushi/vec4 0, 0, 1;
    %store/vec4 v0x55a5ca5c2400_0, 0, 1;
    %pushi/vec4 0, 0, 1;
    %store/vec4 v0x55a5ca5c2690_0, 0, 1;
    %pushi/vec4 0, 0, 1;
    %store/vec4 v0x55a5ca5c2760_0, 0, 1;
    %pushi/vec4 0, 0, 1;
    %store/vec4 v0x55a5ca5c24c0_0, 0, 1;
    %delay 1, 0;
    %pushi/vec4 1, 0, 1;
    %store/vec4 v0x55a5ca5c2400_0, 0, 1;
    %pushi/vec4 0, 0, 1;
    %store/vec4 v0x55a5ca5c2690_0, 0, 1;
    %pushi/vec4 0, 0, 1;
    %store/vec4 v0x55a5ca5c2760_0, 0, 1;
    %pushi/vec4 0, 0, 1;
    %store/vec4 v0x55a5ca5c24c0_0, 0, 1;
    %delay 1, 0;
    %pushi/vec4 0, 0, 1;
    %store/vec4 v0x55a5ca5c2400_0, 0, 1;
    %pushi/vec4 0, 0, 1;
    %store/vec4 v0x55a5ca5c2690_0, 0, 1;
    %pushi/vec4 0, 0, 1;
    %store/vec4 v0x55a5ca5c2760_0, 0, 1;
    %pushi/vec4 0, 0, 1;
    %store/vec4 v0x55a5ca5c24c0_0, 0, 1;
    %delay 1, 0;
    %pushi/vec4 1, 0, 1;
    %store/vec4 v0x55a5ca5c2400_0, 0, 1;
    %pushi/vec4 0, 0, 1;
    %store/vec4 v0x55a5ca5c2690_0, 0, 1;
    %pushi/vec4 0, 0, 1;
    %store/vec4 v0x55a5ca5c2760_0, 0, 1;
    %pushi/vec4 0, 0, 1;
    %store/vec4 v0x55a5ca5c24c0_0, 0, 1;
    %delay 1, 0;
    %pushi/vec4 0, 0, 1;
    %store/vec4 v0x55a5ca5c2400_0, 0, 1;
    %pushi/vec4 0, 0, 1;
    %store/vec4 v0x55a5ca5c2690_0, 0, 1;
    %pushi/vec4 0, 0, 1;
    %store/vec4 v0x55a5ca5c2760_0, 0, 1;
    %pushi/vec4 0, 0, 1;
    %store/vec4 v0x55a5ca5c24c0_0, 0, 1;
    %delay 1, 0;
    %pushi/vec4 1, 0, 1;
    %store/vec4 v0x55a5ca5c2400_0, 0, 1;
    %pushi/vec4 0, 0, 1;
    %store/vec4 v0x55a5ca5c2690_0, 0, 1;
    %pushi/vec4 0, 0, 1;
    %store/vec4 v0x55a5ca5c2760_0, 0, 1;
    %pushi/vec4 0, 0, 1;
    %store/vec4 v0x55a5ca5c24c0_0, 0, 1;
    %delay 1, 0;
    %pushi/vec4 0, 0, 1;
    %store/vec4 v0x55a5ca5c2400_0, 0, 1;
    %pushi/vec4 0, 0, 1;
    %store/vec4 v0x55a5ca5c2690_0, 0, 1;
    %pushi/vec4 0, 0, 1;
    %store/vec4 v0x55a5ca5c2760_0, 0, 1;
    %pushi/vec4 0, 0, 1;
    %store/vec4 v0x55a5ca5c24c0_0, 0, 1;
    %delay 1, 0;
    %pushi/vec4 1, 0, 1;
    %store/vec4 v0x55a5ca5c2400_0, 0, 1;
    %pushi/vec4 0, 0, 1;
    %store/vec4 v0x55a5ca5c2690_0, 0, 1;
    %pushi/vec4 0, 0, 1;
    %store/vec4 v0x55a5ca5c2760_0, 0, 1;
    %pushi/vec4 0, 0, 1;
    %store/vec4 v0x55a5ca5c24c0_0, 0, 1;
    %delay 1, 0;
    %pushi/vec4 0, 0, 1;
    %store/vec4 v0x55a5ca5c2400_0, 0, 1;
    %pushi/vec4 0, 0, 1;
    %store/vec4 v0x55a5ca5c2690_0, 0, 1;
    %pushi/vec4 0, 0, 1;
    %store/vec4 v0x55a5ca5c2760_0, 0, 1;
    %pushi/vec4 0, 0, 1;
    %store/vec4 v0x55a5ca5c24c0_0, 0, 1;
    %delay 1, 0;
    %pushi/vec4 1, 0, 1;
    %store/vec4 v0x55a5ca5c2400_0, 0, 1;
    %pushi/vec4 0, 0, 1;
    %store/vec4 v0x55a5ca5c2690_0, 0, 1;
    %pushi/vec4 0, 0, 1;
    %store/vec4 v0x55a5ca5c2760_0, 0, 1;
    %pushi/vec4 0, 0, 1;
    %store/vec4 v0x55a5ca5c24c0_0, 0, 1;
    %delay 1, 0;
    %pushi/vec4 0, 0, 1;
    %store/vec4 v0x55a5ca5c2400_0, 0, 1;
    %pushi/vec4 0, 0, 1;
    %store/vec4 v0x55a5ca5c2690_0, 0, 1;
    %pushi/vec4 0, 0, 1;
    %store/vec4 v0x55a5ca5c2760_0, 0, 1;
    %pushi/vec4 0, 0, 1;
    %store/vec4 v0x55a5ca5c24c0_0, 0, 1;
    %delay 1, 0;
    %pushi/vec4 1, 0, 1;
    %store/vec4 v0x55a5ca5c2400_0, 0, 1;
    %pushi/vec4 0, 0, 1;
    %store/vec4 v0x55a5ca5c2690_0, 0, 1;
    %pushi/vec4 0, 0, 1;
    %store/vec4 v0x55a5ca5c2760_0, 0, 1;
    %pushi/vec4 0, 0, 1;
    %store/vec4 v0x55a5ca5c24c0_0, 0, 1;
    %delay 1, 0;
    %pushi/vec4 0, 0, 1;
    %store/vec4 v0x55a5ca5c2400_0, 0, 1;
    %pushi/vec4 0, 0, 1;
    %store/vec4 v0x55a5ca5c2690_0, 0, 1;
    %pushi/vec4 0, 0, 1;
    %store/vec4 v0x55a5ca5c2760_0, 0, 1;
    %pushi/vec4 0, 0, 1;
    %store/vec4 v0x55a5ca5c24c0_0, 0, 1;
    %delay 1, 0;
    %pushi/vec4 1, 0, 1;
    %store/vec4 v0x55a5ca5c2400_0, 0, 1;
    %pushi/vec4 0, 0, 1;
    %store/vec4 v0x55a5ca5c2690_0, 0, 1;
    %pushi/vec4 0, 0, 1;
    %store/vec4 v0x55a5ca5c2760_0, 0, 1;
    %pushi/vec4 0, 0, 1;
    %store/vec4 v0x55a5ca5c24c0_0, 0, 1;
    %delay 1, 0;
    %pushi/vec4 0, 0, 1;
    %store/vec4 v0x55a5ca5c2400_0, 0, 1;
    %pushi/vec4 0, 0, 1;
    %store/vec4 v0x55a5ca5c2690_0, 0, 1;
    %pushi/vec4 0, 0, 1;
    %store/vec4 v0x55a5ca5c2760_0, 0, 1;
    %pushi/vec4 0, 0, 1;
    %store/vec4 v0x55a5ca5c24c0_0, 0, 1;
    %delay 1, 0;
    %pushi/vec4 1, 0, 1;
    %store/vec4 v0x55a5ca5c2400_0, 0, 1;
    %pushi/vec4 0, 0, 1;
    %store/vec4 v0x55a5ca5c2690_0, 0, 1;
    %pushi/vec4 0, 0, 1;
    %store/vec4 v0x55a5ca5c2760_0, 0, 1;
    %pushi/vec4 0, 0, 1;
    %store/vec4 v0x55a5ca5c24c0_0, 0, 1;
    %delay 1, 0;
    %pushi/vec4 0, 0, 1;
    %store/vec4 v0x55a5ca5c2400_0, 0, 1;
    %pushi/vec4 0, 0, 1;
    %store/vec4 v0x55a5ca5c2690_0, 0, 1;
    %pushi/vec4 0, 0, 1;
    %store/vec4 v0x55a5ca5c2760_0, 0, 1;
    %pushi/vec4 0, 0, 1;
    %store/vec4 v0x55a5ca5c24c0_0, 0, 1;
    %delay 1, 0;
    %pushi/vec4 1, 0, 1;
    %store/vec4 v0x55a5ca5c2400_0, 0, 1;
    %pushi/vec4 0, 0, 1;
    %store/vec4 v0x55a5ca5c2690_0, 0, 1;
    %pushi/vec4 0, 0, 1;
    %store/vec4 v0x55a5ca5c2760_0, 0, 1;
    %pushi/vec4 0, 0, 1;
    %store/vec4 v0x55a5ca5c24c0_0, 0, 1;
    %delay 1, 0;
    %pushi/vec4 0, 0, 1;
    %store/vec4 v0x55a5ca5c2400_0, 0, 1;
    %pushi/vec4 0, 0, 1;
    %store/vec4 v0x55a5ca5c2690_0, 0, 1;
    %pushi/vec4 0, 0, 1;
    %store/vec4 v0x55a5ca5c2760_0, 0, 1;
    %pushi/vec4 0, 0, 1;
    %store/vec4 v0x55a5ca5c24c0_0, 0, 1;
    %delay 1, 0;
    %pushi/vec4 1, 0, 1;
    %store/vec4 v0x55a5ca5c2400_0, 0, 1;
    %pushi/vec4 0, 0, 1;
    %store/vec4 v0x55a5ca5c2690_0, 0, 1;
    %pushi/vec4 0, 0, 1;
    %store/vec4 v0x55a5ca5c2760_0, 0, 1;
    %pushi/vec4 0, 0, 1;
    %store/vec4 v0x55a5ca5c24c0_0, 0, 1;
    %delay 1, 0;
    %pushi/vec4 0, 0, 1;
    %store/vec4 v0x55a5ca5c2400_0, 0, 1;
    %pushi/vec4 0, 0, 1;
    %store/vec4 v0x55a5ca5c2690_0, 0, 1;
    %pushi/vec4 0, 0, 1;
    %store/vec4 v0x55a5ca5c2760_0, 0, 1;
    %pushi/vec4 0, 0, 1;
    %store/vec4 v0x55a5ca5c24c0_0, 0, 1;
    %delay 1, 0;
    %pushi/vec4 1, 0, 1;
    %store/vec4 v0x55a5ca5c2400_0, 0, 1;
    %pushi/vec4 0, 0, 1;
    %store/vec4 v0x55a5ca5c2690_0, 0, 1;
    %pushi/vec4 0, 0, 1;
    %store/vec4 v0x55a5ca5c2760_0, 0, 1;
    %pushi/vec4 0, 0, 1;
    %store/vec4 v0x55a5ca5c24c0_0, 0, 1;
    %delay 1, 0;
    %pushi/vec4 0, 0, 1;
    %store/vec4 v0x55a5ca5c2400_0, 0, 1;
    %pushi/vec4 0, 0, 1;
    %store/vec4 v0x55a5ca5c2690_0, 0, 1;
    %pushi/vec4 0, 0, 1;
    %store/vec4 v0x55a5ca5c2760_0, 0, 1;
    %pushi/vec4 0, 0, 1;
    %store/vec4 v0x55a5ca5c24c0_0, 0, 1;
    %delay 1, 0;
    %pushi/vec4 1, 0, 1;
    %store/vec4 v0x55a5ca5c2400_0, 0, 1;
    %pushi/vec4 0, 0, 1;
    %store/vec4 v0x55a5ca5c2690_0, 0, 1;
    %pushi/vec4 0, 0, 1;
    %store/vec4 v0x55a5ca5c2760_0, 0, 1;
    %pushi/vec4 0, 0, 1;
    %store/vec4 v0x55a5ca5c24c0_0, 0, 1;
    %delay 1, 0;
    %pushi/vec4 0, 0, 1;
    %store/vec4 v0x55a5ca5c2400_0, 0, 1;
    %pushi/vec4 0, 0, 1;
    %store/vec4 v0x55a5ca5c2690_0, 0, 1;
    %pushi/vec4 0, 0, 1;
    %store/vec4 v0x55a5ca5c2760_0, 0, 1;
    %pushi/vec4 0, 0, 1;
    %store/vec4 v0x55a5ca5c24c0_0, 0, 1;
    %delay 1, 0;
    %pushi/vec4 1, 0, 1;
    %store/vec4 v0x55a5ca5c2400_0, 0, 1;
    %pushi/vec4 0, 0, 1;
    %store/vec4 v0x55a5ca5c2690_0, 0, 1;
    %pushi/vec4 0, 0, 1;
    %store/vec4 v0x55a5ca5c2760_0, 0, 1;
    %pushi/vec4 0, 0, 1;
    %store/vec4 v0x55a5ca5c24c0_0, 0, 1;
    %delay 1, 0;
    %pushi/vec4 0, 0, 1;
    %store/vec4 v0x55a5ca5c2400_0, 0, 1;
    %pushi/vec4 0, 0, 1;
    %store/vec4 v0x55a5ca5c2690_0, 0, 1;
    %pushi/vec4 0, 0, 1;
    %store/vec4 v0x55a5ca5c2760_0, 0, 1;
    %pushi/vec4 0, 0, 1;
    %store/vec4 v0x55a5ca5c24c0_0, 0, 1;
    %delay 1, 0;
    %pushi/vec4 1, 0, 1;
    %store/vec4 v0x55a5ca5c2400_0, 0, 1;
    %pushi/vec4 0, 0, 1;
    %store/vec4 v0x55a5ca5c2690_0, 0, 1;
    %pushi/vec4 0, 0, 1;
    %store/vec4 v0x55a5ca5c2760_0, 0, 1;
    %pushi/vec4 0, 0, 1;
    %store/vec4 v0x55a5ca5c24c0_0, 0, 1;
    %delay 1, 0;
    %pushi/vec4 0, 0, 1;
    %store/vec4 v0x55a5ca5c2400_0, 0, 1;
    %pushi/vec4 0, 0, 1;
    %store/vec4 v0x55a5ca5c2690_0, 0, 1;
    %pushi/vec4 0, 0, 1;
    %store/vec4 v0x55a5ca5c2760_0, 0, 1;
    %pushi/vec4 0, 0, 1;
    %store/vec4 v0x55a5ca5c24c0_0, 0, 1;
    %delay 1, 0;
    %pushi/vec4 1, 0, 1;
    %store/vec4 v0x55a5ca5c2400_0, 0, 1;
    %pushi/vec4 0, 0, 1;
    %store/vec4 v0x55a5ca5c2690_0, 0, 1;
    %pushi/vec4 0, 0, 1;
    %store/vec4 v0x55a5ca5c2760_0, 0, 1;
    %pushi/vec4 0, 0, 1;
    %store/vec4 v0x55a5ca5c24c0_0, 0, 1;
    %delay 1, 0;
    %pushi/vec4 0, 0, 1;
    %store/vec4 v0x55a5ca5c2400_0, 0, 1;
    %pushi/vec4 0, 0, 1;
    %store/vec4 v0x55a5ca5c2690_0, 0, 1;
    %pushi/vec4 0, 0, 1;
    %store/vec4 v0x55a5ca5c2760_0, 0, 1;
    %pushi/vec4 0, 0, 1;
    %store/vec4 v0x55a5ca5c24c0_0, 0, 1;
    %delay 1, 0;
    %pushi/vec4 1, 0, 1;
    %store/vec4 v0x55a5ca5c2400_0, 0, 1;
    %pushi/vec4 0, 0, 1;
    %store/vec4 v0x55a5ca5c2690_0, 0, 1;
    %pushi/vec4 0, 0, 1;
    %store/vec4 v0x55a5ca5c2760_0, 0, 1;
    %pushi/vec4 0, 0, 1;
    %store/vec4 v0x55a5ca5c24c0_0, 0, 1;
    %delay 1, 0;
    %pushi/vec4 0, 0, 1;
    %store/vec4 v0x55a5ca5c2400_0, 0, 1;
    %pushi/vec4 0, 0, 1;
    %store/vec4 v0x55a5ca5c2690_0, 0, 1;
    %pushi/vec4 0, 0, 1;
    %store/vec4 v0x55a5ca5c2760_0, 0, 1;
    %pushi/vec4 0, 0, 1;
    %store/vec4 v0x55a5ca5c24c0_0, 0, 1;
    %delay 1, 0;
    %pushi/vec4 1, 0, 1;
    %store/vec4 v0x55a5ca5c2400_0, 0, 1;
    %pushi/vec4 0, 0, 1;
    %store/vec4 v0x55a5ca5c2690_0, 0, 1;
    %pushi/vec4 0, 0, 1;
    %store/vec4 v0x55a5ca5c2760_0, 0, 1;
    %pushi/vec4 0, 0, 1;
    %store/vec4 v0x55a5ca5c24c0_0, 0, 1;
    %delay 1, 0;
    %pushi/vec4 0, 0, 1;
    %store/vec4 v0x55a5ca5c2400_0, 0, 1;
    %pushi/vec4 0, 0, 1;
    %store/vec4 v0x55a5ca5c2690_0, 0, 1;
    %pushi/vec4 0, 0, 1;
    %store/vec4 v0x55a5ca5c2760_0, 0, 1;
    %pushi/vec4 0, 0, 1;
    %store/vec4 v0x55a5ca5c24c0_0, 0, 1;
    %delay 1, 0;
    %pushi/vec4 1, 0, 1;
    %store/vec4 v0x55a5ca5c2400_0, 0, 1;
    %pushi/vec4 0, 0, 1;
    %store/vec4 v0x55a5ca5c2690_0, 0, 1;
    %pushi/vec4 0, 0, 1;
    %store/vec4 v0x55a5ca5c2760_0, 0, 1;
    %pushi/vec4 0, 0, 1;
    %store/vec4 v0x55a5ca5c24c0_0, 0, 1;
    %delay 1, 0;
    %pushi/vec4 0, 0, 1;
    %store/vec4 v0x55a5ca5c2400_0, 0, 1;
    %pushi/vec4 0, 0, 1;
    %store/vec4 v0x55a5ca5c2690_0, 0, 1;
    %pushi/vec4 0, 0, 1;
    %store/vec4 v0x55a5ca5c2760_0, 0, 1;
    %pushi/vec4 0, 0, 1;
    %store/vec4 v0x55a5ca5c24c0_0, 0, 1;
    %delay 1, 0;
    %pushi/vec4 1, 0, 1;
    %store/vec4 v0x55a5ca5c2400_0, 0, 1;
    %pushi/vec4 0, 0, 1;
    %store/vec4 v0x55a5ca5c2690_0, 0, 1;
    %pushi/vec4 0, 0, 1;
    %store/vec4 v0x55a5ca5c2760_0, 0, 1;
    %pushi/vec4 0, 0, 1;
    %store/vec4 v0x55a5ca5c24c0_0, 0, 1;
    %delay 1, 0;
    %pushi/vec4 0, 0, 1;
    %store/vec4 v0x55a5ca5c2400_0, 0, 1;
    %pushi/vec4 0, 0, 1;
    %store/vec4 v0x55a5ca5c2690_0, 0, 1;
    %pushi/vec4 0, 0, 1;
    %store/vec4 v0x55a5ca5c2760_0, 0, 1;
    %pushi/vec4 0, 0, 1;
    %store/vec4 v0x55a5ca5c24c0_0, 0, 1;
    %delay 1, 0;
    %pushi/vec4 1, 0, 1;
    %store/vec4 v0x55a5ca5c2400_0, 0, 1;
    %pushi/vec4 0, 0, 1;
    %store/vec4 v0x55a5ca5c2690_0, 0, 1;
    %pushi/vec4 0, 0, 1;
    %store/vec4 v0x55a5ca5c2760_0, 0, 1;
    %pushi/vec4 0, 0, 1;
    %store/vec4 v0x55a5ca5c24c0_0, 0, 1;
    %delay 1, 0;
    %pushi/vec4 0, 0, 1;
    %store/vec4 v0x55a5ca5c2400_0, 0, 1;
    %pushi/vec4 0, 0, 1;
    %store/vec4 v0x55a5ca5c2690_0, 0, 1;
    %pushi/vec4 0, 0, 1;
    %store/vec4 v0x55a5ca5c2760_0, 0, 1;
    %pushi/vec4 0, 0, 1;
    %store/vec4 v0x55a5ca5c24c0_0, 0, 1;
    %delay 1, 0;
    %pushi/vec4 1, 0, 1;
    %store/vec4 v0x55a5ca5c2400_0, 0, 1;
    %pushi/vec4 0, 0, 1;
    %store/vec4 v0x55a5ca5c2690_0, 0, 1;
    %pushi/vec4 0, 0, 1;
    %store/vec4 v0x55a5ca5c2760_0, 0, 1;
    %pushi/vec4 0, 0, 1;
    %store/vec4 v0x55a5ca5c24c0_0, 0, 1;
    %delay 1, 0;
    %pushi/vec4 0, 0, 1;
    %store/vec4 v0x55a5ca5c2400_0, 0, 1;
    %pushi/vec4 0, 0, 1;
    %store/vec4 v0x55a5ca5c2690_0, 0, 1;
    %pushi/vec4 0, 0, 1;
    %store/vec4 v0x55a5ca5c2760_0, 0, 1;
    %pushi/vec4 0, 0, 1;
    %store/vec4 v0x55a5ca5c24c0_0, 0, 1;
    %delay 1, 0;
    %pushi/vec4 1, 0, 1;
    %store/vec4 v0x55a5ca5c2400_0, 0, 1;
    %pushi/vec4 0, 0, 1;
    %store/vec4 v0x55a5ca5c2690_0, 0, 1;
    %pushi/vec4 0, 0, 1;
    %store/vec4 v0x55a5ca5c2760_0, 0, 1;
    %pushi/vec4 0, 0, 1;
    %store/vec4 v0x55a5ca5c24c0_0, 0, 1;
    %delay 1, 0;
    %pushi/vec4 0, 0, 1;
    %store/vec4 v0x55a5ca5c2400_0, 0, 1;
    %pushi/vec4 0, 0, 1;
    %store/vec4 v0x55a5ca5c2690_0, 0, 1;
    %pushi/vec4 0, 0, 1;
    %store/vec4 v0x55a5ca5c2760_0, 0, 1;
    %pushi/vec4 0, 0, 1;
    %store/vec4 v0x55a5ca5c24c0_0, 0, 1;
    %delay 1, 0;
    %pushi/vec4 1, 0, 1;
    %store/vec4 v0x55a5ca5c2400_0, 0, 1;
    %pushi/vec4 0, 0, 1;
    %store/vec4 v0x55a5ca5c2690_0, 0, 1;
    %pushi/vec4 0, 0, 1;
    %store/vec4 v0x55a5ca5c2760_0, 0, 1;
    %pushi/vec4 0, 0, 1;
    %store/vec4 v0x55a5ca5c24c0_0, 0, 1;
    %delay 1, 0;
    %pushi/vec4 0, 0, 1;
    %store/vec4 v0x55a5ca5c2400_0, 0, 1;
    %pushi/vec4 0, 0, 1;
    %store/vec4 v0x55a5ca5c2690_0, 0, 1;
    %pushi/vec4 0, 0, 1;
    %store/vec4 v0x55a5ca5c2760_0, 0, 1;
    %pushi/vec4 0, 0, 1;
    %store/vec4 v0x55a5ca5c24c0_0, 0, 1;
    %delay 1, 0;
    %pushi/vec4 1, 0, 1;
    %store/vec4 v0x55a5ca5c2400_0, 0, 1;
    %pushi/vec4 0, 0, 1;
    %store/vec4 v0x55a5ca5c2690_0, 0, 1;
    %pushi/vec4 0, 0, 1;
    %store/vec4 v0x55a5ca5c2760_0, 0, 1;
    %pushi/vec4 0, 0, 1;
    %store/vec4 v0x55a5ca5c24c0_0, 0, 1;
    %delay 1, 0;
    %pushi/vec4 0, 0, 1;
    %store/vec4 v0x55a5ca5c2400_0, 0, 1;
    %pushi/vec4 0, 0, 1;
    %store/vec4 v0x55a5ca5c2690_0, 0, 1;
    %pushi/vec4 0, 0, 1;
    %store/vec4 v0x55a5ca5c2760_0, 0, 1;
    %pushi/vec4 0, 0, 1;
    %store/vec4 v0x55a5ca5c24c0_0, 0, 1;
    %delay 1, 0;
    %pushi/vec4 1, 0, 1;
    %store/vec4 v0x55a5ca5c2400_0, 0, 1;
    %pushi/vec4 0, 0, 1;
    %store/vec4 v0x55a5ca5c2690_0, 0, 1;
    %pushi/vec4 0, 0, 1;
    %store/vec4 v0x55a5ca5c2760_0, 0, 1;
    %pushi/vec4 0, 0, 1;
    %store/vec4 v0x55a5ca5c24c0_0, 0, 1;
    %delay 1, 0;
    %pushi/vec4 0, 0, 1;
    %store/vec4 v0x55a5ca5c2400_0, 0, 1;
    %pushi/vec4 0, 0, 1;
    %store/vec4 v0x55a5ca5c2690_0, 0, 1;
    %pushi/vec4 0, 0, 1;
    %store/vec4 v0x55a5ca5c2760_0, 0, 1;
    %pushi/vec4 0, 0, 1;
    %store/vec4 v0x55a5ca5c24c0_0, 0, 1;
    %delay 1, 0;
    %pushi/vec4 1, 0, 1;
    %store/vec4 v0x55a5ca5c2400_0, 0, 1;
    %pushi/vec4 0, 0, 1;
    %store/vec4 v0x55a5ca5c2690_0, 0, 1;
    %pushi/vec4 0, 0, 1;
    %store/vec4 v0x55a5ca5c2760_0, 0, 1;
    %pushi/vec4 0, 0, 1;
    %store/vec4 v0x55a5ca5c24c0_0, 0, 1;
    %delay 1, 0;
    %pushi/vec4 0, 0, 1;
    %store/vec4 v0x55a5ca5c2400_0, 0, 1;
    %pushi/vec4 0, 0, 1;
    %store/vec4 v0x55a5ca5c2690_0, 0, 1;
    %pushi/vec4 0, 0, 1;
    %store/vec4 v0x55a5ca5c2760_0, 0, 1;
    %pushi/vec4 0, 0, 1;
    %store/vec4 v0x55a5ca5c24c0_0, 0, 1;
    %delay 1, 0;
    %pushi/vec4 1, 0, 1;
    %store/vec4 v0x55a5ca5c2400_0, 0, 1;
    %pushi/vec4 0, 0, 1;
    %store/vec4 v0x55a5ca5c2690_0, 0, 1;
    %pushi/vec4 0, 0, 1;
    %store/vec4 v0x55a5ca5c2760_0, 0, 1;
    %pushi/vec4 0, 0, 1;
    %store/vec4 v0x55a5ca5c24c0_0, 0, 1;
    %delay 1, 0;
    %pushi/vec4 0, 0, 1;
    %store/vec4 v0x55a5ca5c2400_0, 0, 1;
    %pushi/vec4 0, 0, 1;
    %store/vec4 v0x55a5ca5c2690_0, 0, 1;
    %pushi/vec4 0, 0, 1;
    %store/vec4 v0x55a5ca5c2760_0, 0, 1;
    %pushi/vec4 0, 0, 1;
    %store/vec4 v0x55a5ca5c24c0_0, 0, 1;
    %delay 1, 0;
    %pushi/vec4 1, 0, 1;
    %store/vec4 v0x55a5ca5c2400_0, 0, 1;
    %pushi/vec4 0, 0, 1;
    %store/vec4 v0x55a5ca5c2690_0, 0, 1;
    %pushi/vec4 0, 0, 1;
    %store/vec4 v0x55a5ca5c2760_0, 0, 1;
    %pushi/vec4 0, 0, 1;
    %store/vec4 v0x55a5ca5c24c0_0, 0, 1;
    %delay 1, 0;
    %pushi/vec4 0, 0, 1;
    %store/vec4 v0x55a5ca5c2400_0, 0, 1;
    %pushi/vec4 0, 0, 1;
    %store/vec4 v0x55a5ca5c2690_0, 0, 1;
    %pushi/vec4 0, 0, 1;
    %store/vec4 v0x55a5ca5c2760_0, 0, 1;
    %pushi/vec4 0, 0, 1;
    %store/vec4 v0x55a5ca5c24c0_0, 0, 1;
    %delay 1, 0;
    %pushi/vec4 1, 0, 1;
    %store/vec4 v0x55a5ca5c2400_0, 0, 1;
    %pushi/vec4 0, 0, 1;
    %store/vec4 v0x55a5ca5c2690_0, 0, 1;
    %pushi/vec4 0, 0, 1;
    %store/vec4 v0x55a5ca5c2760_0, 0, 1;
    %pushi/vec4 0, 0, 1;
    %store/vec4 v0x55a5ca5c24c0_0, 0, 1;
    %delay 1, 0;
    %pushi/vec4 0, 0, 1;
    %store/vec4 v0x55a5ca5c2400_0, 0, 1;
    %pushi/vec4 0, 0, 1;
    %store/vec4 v0x55a5ca5c2690_0, 0, 1;
    %pushi/vec4 0, 0, 1;
    %store/vec4 v0x55a5ca5c2760_0, 0, 1;
    %pushi/vec4 0, 0, 1;
    %store/vec4 v0x55a5ca5c24c0_0, 0, 1;
    %delay 1, 0;
    %pushi/vec4 1, 0, 1;
    %store/vec4 v0x55a5ca5c2400_0, 0, 1;
    %pushi/vec4 0, 0, 1;
    %store/vec4 v0x55a5ca5c2690_0, 0, 1;
    %pushi/vec4 0, 0, 1;
    %store/vec4 v0x55a5ca5c2760_0, 0, 1;
    %pushi/vec4 0, 0, 1;
    %store/vec4 v0x55a5ca5c24c0_0, 0, 1;
    %delay 1, 0;
    %pushi/vec4 0, 0, 1;
    %store/vec4 v0x55a5ca5c2400_0, 0, 1;
    %pushi/vec4 0, 0, 1;
    %store/vec4 v0x55a5ca5c2690_0, 0, 1;
    %pushi/vec4 0, 0, 1;
    %store/vec4 v0x55a5ca5c2760_0, 0, 1;
    %pushi/vec4 0, 0, 1;
    %store/vec4 v0x55a5ca5c24c0_0, 0, 1;
    %delay 1, 0;
    %pushi/vec4 1, 0, 1;
    %store/vec4 v0x55a5ca5c2400_0, 0, 1;
    %pushi/vec4 0, 0, 1;
    %store/vec4 v0x55a5ca5c2690_0, 0, 1;
    %pushi/vec4 0, 0, 1;
    %store/vec4 v0x55a5ca5c2760_0, 0, 1;
    %pushi/vec4 0, 0, 1;
    %store/vec4 v0x55a5ca5c24c0_0, 0, 1;
    %delay 1, 0;
    %pushi/vec4 0, 0, 1;
    %store/vec4 v0x55a5ca5c2400_0, 0, 1;
    %pushi/vec4 0, 0, 1;
    %store/vec4 v0x55a5ca5c2690_0, 0, 1;
    %pushi/vec4 0, 0, 1;
    %store/vec4 v0x55a5ca5c2760_0, 0, 1;
    %pushi/vec4 0, 0, 1;
    %store/vec4 v0x55a5ca5c24c0_0, 0, 1;
    %delay 1, 0;
    %pushi/vec4 1, 0, 1;
    %store/vec4 v0x55a5ca5c2400_0, 0, 1;
    %pushi/vec4 0, 0, 1;
    %store/vec4 v0x55a5ca5c2690_0, 0, 1;
    %pushi/vec4 0, 0, 1;
    %store/vec4 v0x55a5ca5c2760_0, 0, 1;
    %pushi/vec4 0, 0, 1;
    %store/vec4 v0x55a5ca5c24c0_0, 0, 1;
    %delay 1, 0;
    %pushi/vec4 0, 0, 1;
    %store/vec4 v0x55a5ca5c2400_0, 0, 1;
    %pushi/vec4 0, 0, 1;
    %store/vec4 v0x55a5ca5c2690_0, 0, 1;
    %pushi/vec4 0, 0, 1;
    %store/vec4 v0x55a5ca5c2760_0, 0, 1;
    %pushi/vec4 0, 0, 1;
    %store/vec4 v0x55a5ca5c24c0_0, 0, 1;
    %delay 1, 0;
    %pushi/vec4 1, 0, 1;
    %store/vec4 v0x55a5ca5c2400_0, 0, 1;
    %pushi/vec4 0, 0, 1;
    %store/vec4 v0x55a5ca5c2690_0, 0, 1;
    %pushi/vec4 0, 0, 1;
    %store/vec4 v0x55a5ca5c2760_0, 0, 1;
    %pushi/vec4 0, 0, 1;
    %store/vec4 v0x55a5ca5c24c0_0, 0, 1;
    %delay 1, 0;
    %pushi/vec4 0, 0, 1;
    %store/vec4 v0x55a5ca5c2400_0, 0, 1;
    %pushi/vec4 0, 0, 1;
    %store/vec4 v0x55a5ca5c2690_0, 0, 1;
    %pushi/vec4 0, 0, 1;
    %store/vec4 v0x55a5ca5c2760_0, 0, 1;
    %pushi/vec4 0, 0, 1;
    %store/vec4 v0x55a5ca5c24c0_0, 0, 1;
    %delay 1, 0;
    %pushi/vec4 1, 0, 1;
    %store/vec4 v0x55a5ca5c2400_0, 0, 1;
    %pushi/vec4 0, 0, 1;
    %store/vec4 v0x55a5ca5c2690_0, 0, 1;
    %pushi/vec4 0, 0, 1;
    %store/vec4 v0x55a5ca5c2760_0, 0, 1;
    %pushi/vec4 0, 0, 1;
    %store/vec4 v0x55a5ca5c24c0_0, 0, 1;
    %delay 1, 0;
    %pushi/vec4 0, 0, 1;
    %store/vec4 v0x55a5ca5c2400_0, 0, 1;
    %pushi/vec4 0, 0, 1;
    %store/vec4 v0x55a5ca5c2690_0, 0, 1;
    %pushi/vec4 0, 0, 1;
    %store/vec4 v0x55a5ca5c2760_0, 0, 1;
    %pushi/vec4 0, 0, 1;
    %store/vec4 v0x55a5ca5c24c0_0, 0, 1;
    %delay 1, 0;
    %pushi/vec4 1, 0, 1;
    %store/vec4 v0x55a5ca5c2400_0, 0, 1;
    %pushi/vec4 0, 0, 1;
    %store/vec4 v0x55a5ca5c2690_0, 0, 1;
    %pushi/vec4 0, 0, 1;
    %store/vec4 v0x55a5ca5c2760_0, 0, 1;
    %pushi/vec4 0, 0, 1;
    %store/vec4 v0x55a5ca5c24c0_0, 0, 1;
    %delay 1, 0;
    %pushi/vec4 0, 0, 1;
    %store/vec4 v0x55a5ca5c2400_0, 0, 1;
    %pushi/vec4 0, 0, 1;
    %store/vec4 v0x55a5ca5c2690_0, 0, 1;
    %pushi/vec4 0, 0, 1;
    %store/vec4 v0x55a5ca5c2760_0, 0, 1;
    %pushi/vec4 0, 0, 1;
    %store/vec4 v0x55a5ca5c24c0_0, 0, 1;
    %delay 1, 0;
    %pushi/vec4 1, 0, 1;
    %store/vec4 v0x55a5ca5c2400_0, 0, 1;
    %pushi/vec4 0, 0, 1;
    %store/vec4 v0x55a5ca5c2690_0, 0, 1;
    %pushi/vec4 0, 0, 1;
    %store/vec4 v0x55a5ca5c2760_0, 0, 1;
    %pushi/vec4 0, 0, 1;
    %store/vec4 v0x55a5ca5c24c0_0, 0, 1;
    %delay 1, 0;
    %pushi/vec4 0, 0, 1;
    %store/vec4 v0x55a5ca5c2400_0, 0, 1;
    %pushi/vec4 0, 0, 1;
    %store/vec4 v0x55a5ca5c2690_0, 0, 1;
    %pushi/vec4 0, 0, 1;
    %store/vec4 v0x55a5ca5c2760_0, 0, 1;
    %pushi/vec4 0, 0, 1;
    %store/vec4 v0x55a5ca5c24c0_0, 0, 1;
    %delay 1, 0;
    %pushi/vec4 1, 0, 1;
    %store/vec4 v0x55a5ca5c2400_0, 0, 1;
    %pushi/vec4 0, 0, 1;
    %store/vec4 v0x55a5ca5c2690_0, 0, 1;
    %pushi/vec4 0, 0, 1;
    %store/vec4 v0x55a5ca5c2760_0, 0, 1;
    %pushi/vec4 0, 0, 1;
    %store/vec4 v0x55a5ca5c24c0_0, 0, 1;
    %delay 1, 0;
    %pushi/vec4 0, 0, 1;
    %store/vec4 v0x55a5ca5c2400_0, 0, 1;
    %pushi/vec4 0, 0, 1;
    %store/vec4 v0x55a5ca5c2690_0, 0, 1;
    %pushi/vec4 0, 0, 1;
    %store/vec4 v0x55a5ca5c2760_0, 0, 1;
    %pushi/vec4 0, 0, 1;
    %store/vec4 v0x55a5ca5c24c0_0, 0, 1;
    %delay 1, 0;
    %pushi/vec4 1, 0, 1;
    %store/vec4 v0x55a5ca5c2400_0, 0, 1;
    %pushi/vec4 0, 0, 1;
    %store/vec4 v0x55a5ca5c2690_0, 0, 1;
    %pushi/vec4 0, 0, 1;
    %store/vec4 v0x55a5ca5c2760_0, 0, 1;
    %pushi/vec4 0, 0, 1;
    %store/vec4 v0x55a5ca5c24c0_0, 0, 1;
    %delay 1, 0;
    %pushi/vec4 0, 0, 1;
    %store/vec4 v0x55a5ca5c2400_0, 0, 1;
    %pushi/vec4 0, 0, 1;
    %store/vec4 v0x55a5ca5c2690_0, 0, 1;
    %pushi/vec4 0, 0, 1;
    %store/vec4 v0x55a5ca5c2760_0, 0, 1;
    %pushi/vec4 0, 0, 1;
    %store/vec4 v0x55a5ca5c24c0_0, 0, 1;
    %delay 1, 0;
    %pushi/vec4 1, 0, 1;
    %store/vec4 v0x55a5ca5c2400_0, 0, 1;
    %pushi/vec4 0, 0, 1;
    %store/vec4 v0x55a5ca5c2690_0, 0, 1;
    %pushi/vec4 0, 0, 1;
    %store/vec4 v0x55a5ca5c2760_0, 0, 1;
    %pushi/vec4 0, 0, 1;
    %store/vec4 v0x55a5ca5c24c0_0, 0, 1;
    %delay 1, 0;
    %pushi/vec4 0, 0, 1;
    %store/vec4 v0x55a5ca5c2400_0, 0, 1;
    %pushi/vec4 0, 0, 1;
    %store/vec4 v0x55a5ca5c2690_0, 0, 1;
    %pushi/vec4 0, 0, 1;
    %store/vec4 v0x55a5ca5c2760_0, 0, 1;
    %pushi/vec4 0, 0, 1;
    %store/vec4 v0x55a5ca5c24c0_0, 0, 1;
    %delay 1, 0;
    %pushi/vec4 1, 0, 1;
    %store/vec4 v0x55a5ca5c2400_0, 0, 1;
    %pushi/vec4 0, 0, 1;
    %store/vec4 v0x55a5ca5c2690_0, 0, 1;
    %pushi/vec4 0, 0, 1;
    %store/vec4 v0x55a5ca5c2760_0, 0, 1;
    %pushi/vec4 0, 0, 1;
    %store/vec4 v0x55a5ca5c24c0_0, 0, 1;
    %delay 1, 0;
    %pushi/vec4 0, 0, 1;
    %store/vec4 v0x55a5ca5c2400_0, 0, 1;
    %pushi/vec4 0, 0, 1;
    %store/vec4 v0x55a5ca5c2690_0, 0, 1;
    %pushi/vec4 0, 0, 1;
    %store/vec4 v0x55a5ca5c2760_0, 0, 1;
    %pushi/vec4 0, 0, 1;
    %store/vec4 v0x55a5ca5c24c0_0, 0, 1;
    %delay 1, 0;
    %pushi/vec4 1, 0, 1;
    %store/vec4 v0x55a5ca5c2400_0, 0, 1;
    %pushi/vec4 0, 0, 1;
    %store/vec4 v0x55a5ca5c2690_0, 0, 1;
    %pushi/vec4 0, 0, 1;
    %store/vec4 v0x55a5ca5c2760_0, 0, 1;
    %pushi/vec4 0, 0, 1;
    %store/vec4 v0x55a5ca5c24c0_0, 0, 1;
    %delay 1, 0;
    %pushi/vec4 0, 0, 1;
    %store/vec4 v0x55a5ca5c2400_0, 0, 1;
    %pushi/vec4 0, 0, 1;
    %store/vec4 v0x55a5ca5c2690_0, 0, 1;
    %pushi/vec4 0, 0, 1;
    %store/vec4 v0x55a5ca5c2760_0, 0, 1;
    %pushi/vec4 0, 0, 1;
    %store/vec4 v0x55a5ca5c24c0_0, 0, 1;
    %delay 1, 0;
    %pushi/vec4 1, 0, 1;
    %store/vec4 v0x55a5ca5c2400_0, 0, 1;
    %pushi/vec4 0, 0, 1;
    %store/vec4 v0x55a5ca5c2690_0, 0, 1;
    %pushi/vec4 0, 0, 1;
    %store/vec4 v0x55a5ca5c2760_0, 0, 1;
    %pushi/vec4 0, 0, 1;
    %store/vec4 v0x55a5ca5c24c0_0, 0, 1;
    %delay 1, 0;
    %pushi/vec4 0, 0, 1;
    %store/vec4 v0x55a5ca5c2400_0, 0, 1;
    %pushi/vec4 0, 0, 1;
    %store/vec4 v0x55a5ca5c2690_0, 0, 1;
    %pushi/vec4 0, 0, 1;
    %store/vec4 v0x55a5ca5c2760_0, 0, 1;
    %pushi/vec4 0, 0, 1;
    %store/vec4 v0x55a5ca5c24c0_0, 0, 1;
    %delay 1, 0;
    %pushi/vec4 1, 0, 1;
    %store/vec4 v0x55a5ca5c2400_0, 0, 1;
    %pushi/vec4 0, 0, 1;
    %store/vec4 v0x55a5ca5c2690_0, 0, 1;
    %pushi/vec4 0, 0, 1;
    %store/vec4 v0x55a5ca5c2760_0, 0, 1;
    %pushi/vec4 0, 0, 1;
    %store/vec4 v0x55a5ca5c24c0_0, 0, 1;
    %delay 1, 0;
    %pushi/vec4 0, 0, 1;
    %store/vec4 v0x55a5ca5c2400_0, 0, 1;
    %pushi/vec4 0, 0, 1;
    %store/vec4 v0x55a5ca5c2690_0, 0, 1;
    %pushi/vec4 0, 0, 1;
    %store/vec4 v0x55a5ca5c2760_0, 0, 1;
    %pushi/vec4 0, 0, 1;
    %store/vec4 v0x55a5ca5c24c0_0, 0, 1;
    %delay 1, 0;
    %pushi/vec4 1, 0, 1;
    %store/vec4 v0x55a5ca5c2400_0, 0, 1;
    %pushi/vec4 0, 0, 1;
    %store/vec4 v0x55a5ca5c2690_0, 0, 1;
    %pushi/vec4 0, 0, 1;
    %store/vec4 v0x55a5ca5c2760_0, 0, 1;
    %pushi/vec4 0, 0, 1;
    %store/vec4 v0x55a5ca5c24c0_0, 0, 1;
    %delay 1, 0;
    %pushi/vec4 0, 0, 1;
    %store/vec4 v0x55a5ca5c2400_0, 0, 1;
    %pushi/vec4 0, 0, 1;
    %store/vec4 v0x55a5ca5c2690_0, 0, 1;
    %pushi/vec4 0, 0, 1;
    %store/vec4 v0x55a5ca5c2760_0, 0, 1;
    %pushi/vec4 0, 0, 1;
    %store/vec4 v0x55a5ca5c24c0_0, 0, 1;
    %delay 1, 0;
    %pushi/vec4 1, 0, 1;
    %store/vec4 v0x55a5ca5c2400_0, 0, 1;
    %pushi/vec4 0, 0, 1;
    %store/vec4 v0x55a5ca5c2690_0, 0, 1;
    %pushi/vec4 0, 0, 1;
    %store/vec4 v0x55a5ca5c2760_0, 0, 1;
    %pushi/vec4 0, 0, 1;
    %store/vec4 v0x55a5ca5c24c0_0, 0, 1;
    %delay 1, 0;
    %pushi/vec4 0, 0, 1;
    %store/vec4 v0x55a5ca5c2400_0, 0, 1;
    %pushi/vec4 0, 0, 1;
    %store/vec4 v0x55a5ca5c2690_0, 0, 1;
    %pushi/vec4 0, 0, 1;
    %store/vec4 v0x55a5ca5c2760_0, 0, 1;
    %pushi/vec4 0, 0, 1;
    %store/vec4 v0x55a5ca5c24c0_0, 0, 1;
    %delay 1, 0;
    %pushi/vec4 1, 0, 1;
    %store/vec4 v0x55a5ca5c2400_0, 0, 1;
    %pushi/vec4 0, 0, 1;
    %store/vec4 v0x55a5ca5c2690_0, 0, 1;
    %pushi/vec4 0, 0, 1;
    %store/vec4 v0x55a5ca5c2760_0, 0, 1;
    %pushi/vec4 0, 0, 1;
    %store/vec4 v0x55a5ca5c24c0_0, 0, 1;
    %delay 1, 0;
    %pushi/vec4 0, 0, 1;
    %store/vec4 v0x55a5ca5c2400_0, 0, 1;
    %pushi/vec4 0, 0, 1;
    %store/vec4 v0x55a5ca5c2690_0, 0, 1;
    %pushi/vec4 0, 0, 1;
    %store/vec4 v0x55a5ca5c2760_0, 0, 1;
    %pushi/vec4 0, 0, 1;
    %store/vec4 v0x55a5ca5c24c0_0, 0, 1;
    %delay 1, 0;
    %pushi/vec4 1, 0, 1;
    %store/vec4 v0x55a5ca5c2400_0, 0, 1;
    %pushi/vec4 0, 0, 1;
    %store/vec4 v0x55a5ca5c2690_0, 0, 1;
    %pushi/vec4 0, 0, 1;
    %store/vec4 v0x55a5ca5c2760_0, 0, 1;
    %pushi/vec4 0, 0, 1;
    %store/vec4 v0x55a5ca5c24c0_0, 0, 1;
    %delay 1, 0;
    %pushi/vec4 0, 0, 1;
    %store/vec4 v0x55a5ca5c2400_0, 0, 1;
    %pushi/vec4 0, 0, 1;
    %store/vec4 v0x55a5ca5c2690_0, 0, 1;
    %pushi/vec4 0, 0, 1;
    %store/vec4 v0x55a5ca5c2760_0, 0, 1;
    %pushi/vec4 0, 0, 1;
    %store/vec4 v0x55a5ca5c24c0_0, 0, 1;
    %delay 1, 0;
    %pushi/vec4 1, 0, 1;
    %store/vec4 v0x55a5ca5c2400_0, 0, 1;
    %pushi/vec4 0, 0, 1;
    %store/vec4 v0x55a5ca5c2690_0, 0, 1;
    %pushi/vec4 0, 0, 1;
    %store/vec4 v0x55a5ca5c2760_0, 0, 1;
    %pushi/vec4 0, 0, 1;
    %store/vec4 v0x55a5ca5c24c0_0, 0, 1;
    %delay 1, 0;
    %pushi/vec4 0, 0, 1;
    %store/vec4 v0x55a5ca5c2400_0, 0, 1;
    %pushi/vec4 0, 0, 1;
    %store/vec4 v0x55a5ca5c2690_0, 0, 1;
    %pushi/vec4 0, 0, 1;
    %store/vec4 v0x55a5ca5c2760_0, 0, 1;
    %pushi/vec4 0, 0, 1;
    %store/vec4 v0x55a5ca5c24c0_0, 0, 1;
    %delay 1, 0;
    %pushi/vec4 1, 0, 1;
    %store/vec4 v0x55a5ca5c2400_0, 0, 1;
    %pushi/vec4 0, 0, 1;
    %store/vec4 v0x55a5ca5c2690_0, 0, 1;
    %pushi/vec4 0, 0, 1;
    %store/vec4 v0x55a5ca5c2760_0, 0, 1;
    %pushi/vec4 0, 0, 1;
    %store/vec4 v0x55a5ca5c24c0_0, 0, 1;
    %delay 1, 0;
    %pushi/vec4 0, 0, 1;
    %store/vec4 v0x55a5ca5c2400_0, 0, 1;
    %pushi/vec4 0, 0, 1;
    %store/vec4 v0x55a5ca5c2690_0, 0, 1;
    %pushi/vec4 0, 0, 1;
    %store/vec4 v0x55a5ca5c2760_0, 0, 1;
    %pushi/vec4 0, 0, 1;
    %store/vec4 v0x55a5ca5c24c0_0, 0, 1;
    %delay 1, 0;
    %pushi/vec4 1, 0, 1;
    %store/vec4 v0x55a5ca5c2400_0, 0, 1;
    %pushi/vec4 0, 0, 1;
    %store/vec4 v0x55a5ca5c2690_0, 0, 1;
    %pushi/vec4 0, 0, 1;
    %store/vec4 v0x55a5ca5c2760_0, 0, 1;
    %pushi/vec4 0, 0, 1;
    %store/vec4 v0x55a5ca5c24c0_0, 0, 1;
    %delay 1, 0;
    %pushi/vec4 0, 0, 1;
    %store/vec4 v0x55a5ca5c2400_0, 0, 1;
    %pushi/vec4 0, 0, 1;
    %store/vec4 v0x55a5ca5c2690_0, 0, 1;
    %pushi/vec4 0, 0, 1;
    %store/vec4 v0x55a5ca5c2760_0, 0, 1;
    %pushi/vec4 0, 0, 1;
    %store/vec4 v0x55a5ca5c24c0_0, 0, 1;
    %delay 1, 0;
    %pushi/vec4 1, 0, 1;
    %store/vec4 v0x55a5ca5c2400_0, 0, 1;
    %pushi/vec4 0, 0, 1;
    %store/vec4 v0x55a5ca5c2690_0, 0, 1;
    %pushi/vec4 0, 0, 1;
    %store/vec4 v0x55a5ca5c2760_0, 0, 1;
    %pushi/vec4 0, 0, 1;
    %store/vec4 v0x55a5ca5c24c0_0, 0, 1;
    %delay 1, 0;
    %pushi/vec4 0, 0, 1;
    %store/vec4 v0x55a5ca5c2400_0, 0, 1;
    %pushi/vec4 0, 0, 1;
    %store/vec4 v0x55a5ca5c2690_0, 0, 1;
    %pushi/vec4 0, 0, 1;
    %store/vec4 v0x55a5ca5c2760_0, 0, 1;
    %pushi/vec4 0, 0, 1;
    %store/vec4 v0x55a5ca5c24c0_0, 0, 1;
    %delay 1, 0;
    %pushi/vec4 1, 0, 1;
    %store/vec4 v0x55a5ca5c2400_0, 0, 1;
    %pushi/vec4 0, 0, 1;
    %store/vec4 v0x55a5ca5c2690_0, 0, 1;
    %pushi/vec4 0, 0, 1;
    %store/vec4 v0x55a5ca5c2760_0, 0, 1;
    %pushi/vec4 0, 0, 1;
    %store/vec4 v0x55a5ca5c24c0_0, 0, 1;
    %delay 1, 0;
    %pushi/vec4 0, 0, 1;
    %store/vec4 v0x55a5ca5c2400_0, 0, 1;
    %pushi/vec4 0, 0, 1;
    %store/vec4 v0x55a5ca5c2690_0, 0, 1;
    %pushi/vec4 0, 0, 1;
    %store/vec4 v0x55a5ca5c2760_0, 0, 1;
    %pushi/vec4 0, 0, 1;
    %store/vec4 v0x55a5ca5c24c0_0, 0, 1;
    %delay 1, 0;
    %pushi/vec4 1, 0, 1;
    %store/vec4 v0x55a5ca5c2400_0, 0, 1;
    %pushi/vec4 0, 0, 1;
    %store/vec4 v0x55a5ca5c2690_0, 0, 1;
    %pushi/vec4 0, 0, 1;
    %store/vec4 v0x55a5ca5c2760_0, 0, 1;
    %pushi/vec4 0, 0, 1;
    %store/vec4 v0x55a5ca5c24c0_0, 0, 1;
    %delay 1, 0;
    %pushi/vec4 0, 0, 1;
    %store/vec4 v0x55a5ca5c2400_0, 0, 1;
    %pushi/vec4 0, 0, 1;
    %store/vec4 v0x55a5ca5c2690_0, 0, 1;
    %pushi/vec4 0, 0, 1;
    %store/vec4 v0x55a5ca5c2760_0, 0, 1;
    %pushi/vec4 0, 0, 1;
    %store/vec4 v0x55a5ca5c24c0_0, 0, 1;
    %delay 1, 0;
    %pushi/vec4 1, 0, 1;
    %store/vec4 v0x55a5ca5c2400_0, 0, 1;
    %pushi/vec4 0, 0, 1;
    %store/vec4 v0x55a5ca5c2690_0, 0, 1;
    %pushi/vec4 0, 0, 1;
    %store/vec4 v0x55a5ca5c2760_0, 0, 1;
    %pushi/vec4 0, 0, 1;
    %store/vec4 v0x55a5ca5c24c0_0, 0, 1;
    %delay 1, 0;
    %pushi/vec4 0, 0, 1;
    %store/vec4 v0x55a5ca5c2400_0, 0, 1;
    %pushi/vec4 0, 0, 1;
    %store/vec4 v0x55a5ca5c2690_0, 0, 1;
    %pushi/vec4 0, 0, 1;
    %store/vec4 v0x55a5ca5c2760_0, 0, 1;
    %pushi/vec4 0, 0, 1;
    %store/vec4 v0x55a5ca5c24c0_0, 0, 1;
    %delay 1, 0;
    %pushi/vec4 1, 0, 1;
    %store/vec4 v0x55a5ca5c2400_0, 0, 1;
    %pushi/vec4 0, 0, 1;
    %store/vec4 v0x55a5ca5c2690_0, 0, 1;
    %pushi/vec4 0, 0, 1;
    %store/vec4 v0x55a5ca5c2760_0, 0, 1;
    %pushi/vec4 0, 0, 1;
    %store/vec4 v0x55a5ca5c24c0_0, 0, 1;
    %delay 1, 0;
    %pushi/vec4 0, 0, 1;
    %store/vec4 v0x55a5ca5c2400_0, 0, 1;
    %pushi/vec4 0, 0, 1;
    %store/vec4 v0x55a5ca5c2690_0, 0, 1;
    %pushi/vec4 0, 0, 1;
    %store/vec4 v0x55a5ca5c2760_0, 0, 1;
    %pushi/vec4 0, 0, 1;
    %store/vec4 v0x55a5ca5c24c0_0, 0, 1;
    %delay 1, 0;
    %pushi/vec4 1, 0, 1;
    %store/vec4 v0x55a5ca5c2400_0, 0, 1;
    %pushi/vec4 0, 0, 1;
    %store/vec4 v0x55a5ca5c2690_0, 0, 1;
    %pushi/vec4 0, 0, 1;
    %store/vec4 v0x55a5ca5c2760_0, 0, 1;
    %pushi/vec4 0, 0, 1;
    %store/vec4 v0x55a5ca5c24c0_0, 0, 1;
    %delay 1, 0;
    %pushi/vec4 0, 0, 1;
    %store/vec4 v0x55a5ca5c2400_0, 0, 1;
    %pushi/vec4 0, 0, 1;
    %store/vec4 v0x55a5ca5c2690_0, 0, 1;
    %pushi/vec4 0, 0, 1;
    %store/vec4 v0x55a5ca5c2760_0, 0, 1;
    %pushi/vec4 0, 0, 1;
    %store/vec4 v0x55a5ca5c24c0_0, 0, 1;
    %delay 1, 0;
    %pushi/vec4 1, 0, 1;
    %store/vec4 v0x55a5ca5c2400_0, 0, 1;
    %pushi/vec4 0, 0, 1;
    %store/vec4 v0x55a5ca5c2690_0, 0, 1;
    %pushi/vec4 0, 0, 1;
    %store/vec4 v0x55a5ca5c2760_0, 0, 1;
    %pushi/vec4 0, 0, 1;
    %store/vec4 v0x55a5ca5c24c0_0, 0, 1;
    %delay 1, 0;
    %pushi/vec4 0, 0, 1;
    %store/vec4 v0x55a5ca5c2400_0, 0, 1;
    %pushi/vec4 0, 0, 1;
    %store/vec4 v0x55a5ca5c2690_0, 0, 1;
    %pushi/vec4 0, 0, 1;
    %store/vec4 v0x55a5ca5c2760_0, 0, 1;
    %pushi/vec4 0, 0, 1;
    %store/vec4 v0x55a5ca5c24c0_0, 0, 1;
    %delay 1, 0;
    %pushi/vec4 1, 0, 1;
    %store/vec4 v0x55a5ca5c2400_0, 0, 1;
    %pushi/vec4 0, 0, 1;
    %store/vec4 v0x55a5ca5c2690_0, 0, 1;
    %pushi/vec4 0, 0, 1;
    %store/vec4 v0x55a5ca5c2760_0, 0, 1;
    %pushi/vec4 0, 0, 1;
    %store/vec4 v0x55a5ca5c24c0_0, 0, 1;
    %delay 1, 0;
    %pushi/vec4 0, 0, 1;
    %store/vec4 v0x55a5ca5c2400_0, 0, 1;
    %pushi/vec4 0, 0, 1;
    %store/vec4 v0x55a5ca5c2690_0, 0, 1;
    %pushi/vec4 0, 0, 1;
    %store/vec4 v0x55a5ca5c2760_0, 0, 1;
    %pushi/vec4 0, 0, 1;
    %store/vec4 v0x55a5ca5c24c0_0, 0, 1;
    %delay 1, 0;
    %pushi/vec4 1, 0, 1;
    %store/vec4 v0x55a5ca5c2400_0, 0, 1;
    %pushi/vec4 0, 0, 1;
    %store/vec4 v0x55a5ca5c2690_0, 0, 1;
    %pushi/vec4 0, 0, 1;
    %store/vec4 v0x55a5ca5c2760_0, 0, 1;
    %pushi/vec4 0, 0, 1;
    %store/vec4 v0x55a5ca5c24c0_0, 0, 1;
    %delay 1, 0;
    %pushi/vec4 0, 0, 1;
    %store/vec4 v0x55a5ca5c2400_0, 0, 1;
    %pushi/vec4 0, 0, 1;
    %store/vec4 v0x55a5ca5c2690_0, 0, 1;
    %pushi/vec4 0, 0, 1;
    %store/vec4 v0x55a5ca5c2760_0, 0, 1;
    %pushi/vec4 0, 0, 1;
    %store/vec4 v0x55a5ca5c24c0_0, 0, 1;
    %delay 1, 0;
    %pushi/vec4 1, 0, 1;
    %store/vec4 v0x55a5ca5c2400_0, 0, 1;
    %pushi/vec4 0, 0, 1;
    %store/vec4 v0x55a5ca5c2690_0, 0, 1;
    %pushi/vec4 0, 0, 1;
    %store/vec4 v0x55a5ca5c2760_0, 0, 1;
    %pushi/vec4 0, 0, 1;
    %store/vec4 v0x55a5ca5c24c0_0, 0, 1;
    %delay 1, 0;
    %pushi/vec4 0, 0, 1;
    %store/vec4 v0x55a5ca5c2400_0, 0, 1;
    %pushi/vec4 0, 0, 1;
    %store/vec4 v0x55a5ca5c2690_0, 0, 1;
    %pushi/vec4 0, 0, 1;
    %store/vec4 v0x55a5ca5c2760_0, 0, 1;
    %pushi/vec4 0, 0, 1;
    %store/vec4 v0x55a5ca5c24c0_0, 0, 1;
    %delay 1, 0;
    %pushi/vec4 1, 0, 1;
    %store/vec4 v0x55a5ca5c2400_0, 0, 1;
    %pushi/vec4 0, 0, 1;
    %store/vec4 v0x55a5ca5c2690_0, 0, 1;
    %pushi/vec4 0, 0, 1;
    %store/vec4 v0x55a5ca5c2760_0, 0, 1;
    %pushi/vec4 0, 0, 1;
    %store/vec4 v0x55a5ca5c24c0_0, 0, 1;
    %delay 1, 0;
    %pushi/vec4 0, 0, 1;
    %store/vec4 v0x55a5ca5c2400_0, 0, 1;
    %pushi/vec4 0, 0, 1;
    %store/vec4 v0x55a5ca5c2690_0, 0, 1;
    %pushi/vec4 0, 0, 1;
    %store/vec4 v0x55a5ca5c2760_0, 0, 1;
    %pushi/vec4 0, 0, 1;
    %store/vec4 v0x55a5ca5c24c0_0, 0, 1;
    %delay 1, 0;
    %pushi/vec4 1, 0, 1;
    %store/vec4 v0x55a5ca5c2400_0, 0, 1;
    %pushi/vec4 0, 0, 1;
    %store/vec4 v0x55a5ca5c2690_0, 0, 1;
    %pushi/vec4 0, 0, 1;
    %store/vec4 v0x55a5ca5c2760_0, 0, 1;
    %pushi/vec4 0, 0, 1;
    %store/vec4 v0x55a5ca5c24c0_0, 0, 1;
    %delay 1, 0;
    %pushi/vec4 0, 0, 1;
    %store/vec4 v0x55a5ca5c2400_0, 0, 1;
    %pushi/vec4 0, 0, 1;
    %store/vec4 v0x55a5ca5c2690_0, 0, 1;
    %pushi/vec4 0, 0, 1;
    %store/vec4 v0x55a5ca5c2760_0, 0, 1;
    %pushi/vec4 0, 0, 1;
    %store/vec4 v0x55a5ca5c24c0_0, 0, 1;
    %delay 1, 0;
    %pushi/vec4 1, 0, 1;
    %store/vec4 v0x55a5ca5c2400_0, 0, 1;
    %pushi/vec4 0, 0, 1;
    %store/vec4 v0x55a5ca5c2690_0, 0, 1;
    %pushi/vec4 0, 0, 1;
    %store/vec4 v0x55a5ca5c2760_0, 0, 1;
    %pushi/vec4 0, 0, 1;
    %store/vec4 v0x55a5ca5c24c0_0, 0, 1;
    %delay 1, 0;
    %pushi/vec4 0, 0, 1;
    %store/vec4 v0x55a5ca5c2400_0, 0, 1;
    %pushi/vec4 0, 0, 1;
    %store/vec4 v0x55a5ca5c2690_0, 0, 1;
    %pushi/vec4 0, 0, 1;
    %store/vec4 v0x55a5ca5c2760_0, 0, 1;
    %pushi/vec4 0, 0, 1;
    %store/vec4 v0x55a5ca5c24c0_0, 0, 1;
    %delay 1, 0;
    %pushi/vec4 1, 0, 1;
    %store/vec4 v0x55a5ca5c2400_0, 0, 1;
    %pushi/vec4 0, 0, 1;
    %store/vec4 v0x55a5ca5c2690_0, 0, 1;
    %pushi/vec4 0, 0, 1;
    %store/vec4 v0x55a5ca5c2760_0, 0, 1;
    %pushi/vec4 0, 0, 1;
    %store/vec4 v0x55a5ca5c24c0_0, 0, 1;
    %delay 1, 0;
    %pushi/vec4 0, 0, 1;
    %store/vec4 v0x55a5ca5c2400_0, 0, 1;
    %pushi/vec4 0, 0, 1;
    %store/vec4 v0x55a5ca5c2690_0, 0, 1;
    %pushi/vec4 0, 0, 1;
    %store/vec4 v0x55a5ca5c2760_0, 0, 1;
    %pushi/vec4 0, 0, 1;
    %store/vec4 v0x55a5ca5c24c0_0, 0, 1;
    %delay 1, 0;
    %pushi/vec4 1, 0, 1;
    %store/vec4 v0x55a5ca5c2400_0, 0, 1;
    %pushi/vec4 0, 0, 1;
    %store/vec4 v0x55a5ca5c2690_0, 0, 1;
    %pushi/vec4 0, 0, 1;
    %store/vec4 v0x55a5ca5c2760_0, 0, 1;
    %pushi/vec4 0, 0, 1;
    %store/vec4 v0x55a5ca5c24c0_0, 0, 1;
    %delay 1, 0;
    %pushi/vec4 0, 0, 1;
    %store/vec4 v0x55a5ca5c2400_0, 0, 1;
    %pushi/vec4 0, 0, 1;
    %store/vec4 v0x55a5ca5c2690_0, 0, 1;
    %pushi/vec4 0, 0, 1;
    %store/vec4 v0x55a5ca5c2760_0, 0, 1;
    %pushi/vec4 0, 0, 1;
    %store/vec4 v0x55a5ca5c24c0_0, 0, 1;
    %delay 1, 0;
    %pushi/vec4 1, 0, 1;
    %store/vec4 v0x55a5ca5c2400_0, 0, 1;
    %pushi/vec4 0, 0, 1;
    %store/vec4 v0x55a5ca5c2690_0, 0, 1;
    %pushi/vec4 0, 0, 1;
    %store/vec4 v0x55a5ca5c2760_0, 0, 1;
    %pushi/vec4 0, 0, 1;
    %store/vec4 v0x55a5ca5c24c0_0, 0, 1;
    %delay 1, 0;
    %pushi/vec4 0, 0, 1;
    %store/vec4 v0x55a5ca5c2400_0, 0, 1;
    %pushi/vec4 0, 0, 1;
    %store/vec4 v0x55a5ca5c2690_0, 0, 1;
    %pushi/vec4 0, 0, 1;
    %store/vec4 v0x55a5ca5c2760_0, 0, 1;
    %pushi/vec4 0, 0, 1;
    %store/vec4 v0x55a5ca5c24c0_0, 0, 1;
    %delay 1, 0;
    %pushi/vec4 1, 0, 1;
    %store/vec4 v0x55a5ca5c2400_0, 0, 1;
    %pushi/vec4 0, 0, 1;
    %store/vec4 v0x55a5ca5c2690_0, 0, 1;
    %pushi/vec4 0, 0, 1;
    %store/vec4 v0x55a5ca5c2760_0, 0, 1;
    %pushi/vec4 0, 0, 1;
    %store/vec4 v0x55a5ca5c24c0_0, 0, 1;
    %delay 1, 0;
    %pushi/vec4 0, 0, 1;
    %store/vec4 v0x55a5ca5c2400_0, 0, 1;
    %pushi/vec4 0, 0, 1;
    %store/vec4 v0x55a5ca5c2690_0, 0, 1;
    %pushi/vec4 0, 0, 1;
    %store/vec4 v0x55a5ca5c2760_0, 0, 1;
    %pushi/vec4 0, 0, 1;
    %store/vec4 v0x55a5ca5c24c0_0, 0, 1;
    %delay 1, 0;
    %pushi/vec4 1, 0, 1;
    %store/vec4 v0x55a5ca5c2400_0, 0, 1;
    %pushi/vec4 0, 0, 1;
    %store/vec4 v0x55a5ca5c2690_0, 0, 1;
    %pushi/vec4 0, 0, 1;
    %store/vec4 v0x55a5ca5c2760_0, 0, 1;
    %pushi/vec4 0, 0, 1;
    %store/vec4 v0x55a5ca5c24c0_0, 0, 1;
    %delay 1, 0;
    %pushi/vec4 0, 0, 1;
    %store/vec4 v0x55a5ca5c2400_0, 0, 1;
    %pushi/vec4 0, 0, 1;
    %store/vec4 v0x55a5ca5c2690_0, 0, 1;
    %pushi/vec4 0, 0, 1;
    %store/vec4 v0x55a5ca5c2760_0, 0, 1;
    %pushi/vec4 0, 0, 1;
    %store/vec4 v0x55a5ca5c24c0_0, 0, 1;
    %delay 1, 0;
    %pushi/vec4 1, 0, 1;
    %store/vec4 v0x55a5ca5c2400_0, 0, 1;
    %pushi/vec4 0, 0, 1;
    %store/vec4 v0x55a5ca5c2690_0, 0, 1;
    %pushi/vec4 0, 0, 1;
    %store/vec4 v0x55a5ca5c2760_0, 0, 1;
    %pushi/vec4 0, 0, 1;
    %store/vec4 v0x55a5ca5c24c0_0, 0, 1;
    %delay 1, 0;
    %pushi/vec4 0, 0, 1;
    %store/vec4 v0x55a5ca5c2400_0, 0, 1;
    %pushi/vec4 0, 0, 1;
    %store/vec4 v0x55a5ca5c2690_0, 0, 1;
    %pushi/vec4 0, 0, 1;
    %store/vec4 v0x55a5ca5c2760_0, 0, 1;
    %pushi/vec4 0, 0, 1;
    %store/vec4 v0x55a5ca5c24c0_0, 0, 1;
    %delay 1, 0;
    %pushi/vec4 1, 0, 1;
    %store/vec4 v0x55a5ca5c2400_0, 0, 1;
    %pushi/vec4 0, 0, 1;
    %store/vec4 v0x55a5ca5c2690_0, 0, 1;
    %pushi/vec4 0, 0, 1;
    %store/vec4 v0x55a5ca5c2760_0, 0, 1;
    %pushi/vec4 0, 0, 1;
    %store/vec4 v0x55a5ca5c24c0_0, 0, 1;
    %delay 1, 0;
    %pushi/vec4 0, 0, 1;
    %store/vec4 v0x55a5ca5c2400_0, 0, 1;
    %pushi/vec4 0, 0, 1;
    %store/vec4 v0x55a5ca5c2690_0, 0, 1;
    %pushi/vec4 0, 0, 1;
    %store/vec4 v0x55a5ca5c2760_0, 0, 1;
    %pushi/vec4 0, 0, 1;
    %store/vec4 v0x55a5ca5c24c0_0, 0, 1;
    %delay 1, 0;
    %pushi/vec4 1, 0, 1;
    %store/vec4 v0x55a5ca5c2400_0, 0, 1;
    %pushi/vec4 0, 0, 1;
    %store/vec4 v0x55a5ca5c2690_0, 0, 1;
    %pushi/vec4 0, 0, 1;
    %store/vec4 v0x55a5ca5c2760_0, 0, 1;
    %pushi/vec4 0, 0, 1;
    %store/vec4 v0x55a5ca5c24c0_0, 0, 1;
    %delay 1, 0;
    %pushi/vec4 0, 0, 1;
    %store/vec4 v0x55a5ca5c2400_0, 0, 1;
    %pushi/vec4 0, 0, 1;
    %store/vec4 v0x55a5ca5c2690_0, 0, 1;
    %pushi/vec4 0, 0, 1;
    %store/vec4 v0x55a5ca5c2760_0, 0, 1;
    %pushi/vec4 0, 0, 1;
    %store/vec4 v0x55a5ca5c24c0_0, 0, 1;
    %delay 1, 0;
    %pushi/vec4 1, 0, 1;
    %store/vec4 v0x55a5ca5c2400_0, 0, 1;
    %pushi/vec4 0, 0, 1;
    %store/vec4 v0x55a5ca5c2690_0, 0, 1;
    %pushi/vec4 0, 0, 1;
    %store/vec4 v0x55a5ca5c2760_0, 0, 1;
    %pushi/vec4 0, 0, 1;
    %store/vec4 v0x55a5ca5c24c0_0, 0, 1;
    %delay 1, 0;
    %pushi/vec4 0, 0, 1;
    %store/vec4 v0x55a5ca5c2400_0, 0, 1;
    %pushi/vec4 0, 0, 1;
    %store/vec4 v0x55a5ca5c2690_0, 0, 1;
    %pushi/vec4 0, 0, 1;
    %store/vec4 v0x55a5ca5c2760_0, 0, 1;
    %pushi/vec4 0, 0, 1;
    %store/vec4 v0x55a5ca5c24c0_0, 0, 1;
    %delay 1, 0;
    %pushi/vec4 1, 0, 1;
    %store/vec4 v0x55a5ca5c2400_0, 0, 1;
    %pushi/vec4 0, 0, 1;
    %store/vec4 v0x55a5ca5c2690_0, 0, 1;
    %pushi/vec4 0, 0, 1;
    %store/vec4 v0x55a5ca5c2760_0, 0, 1;
    %pushi/vec4 0, 0, 1;
    %store/vec4 v0x55a5ca5c24c0_0, 0, 1;
    %delay 1, 0;
    %pushi/vec4 0, 0, 1;
    %store/vec4 v0x55a5ca5c2400_0, 0, 1;
    %pushi/vec4 0, 0, 1;
    %store/vec4 v0x55a5ca5c2690_0, 0, 1;
    %pushi/vec4 0, 0, 1;
    %store/vec4 v0x55a5ca5c2760_0, 0, 1;
    %pushi/vec4 0, 0, 1;
    %store/vec4 v0x55a5ca5c24c0_0, 0, 1;
    %delay 1, 0;
    %pushi/vec4 1, 0, 1;
    %store/vec4 v0x55a5ca5c2400_0, 0, 1;
    %pushi/vec4 0, 0, 1;
    %store/vec4 v0x55a5ca5c2690_0, 0, 1;
    %pushi/vec4 0, 0, 1;
    %store/vec4 v0x55a5ca5c2760_0, 0, 1;
    %pushi/vec4 0, 0, 1;
    %store/vec4 v0x55a5ca5c24c0_0, 0, 1;
    %delay 1, 0;
    %pushi/vec4 0, 0, 1;
    %store/vec4 v0x55a5ca5c2400_0, 0, 1;
    %pushi/vec4 0, 0, 1;
    %store/vec4 v0x55a5ca5c2690_0, 0, 1;
    %pushi/vec4 0, 0, 1;
    %store/vec4 v0x55a5ca5c2760_0, 0, 1;
    %pushi/vec4 0, 0, 1;
    %store/vec4 v0x55a5ca5c24c0_0, 0, 1;
    %delay 1, 0;
    %pushi/vec4 1, 0, 1;
    %store/vec4 v0x55a5ca5c2400_0, 0, 1;
    %pushi/vec4 0, 0, 1;
    %store/vec4 v0x55a5ca5c2690_0, 0, 1;
    %pushi/vec4 0, 0, 1;
    %store/vec4 v0x55a5ca5c2760_0, 0, 1;
    %pushi/vec4 0, 0, 1;
    %store/vec4 v0x55a5ca5c24c0_0, 0, 1;
    %delay 1, 0;
    %pushi/vec4 0, 0, 1;
    %store/vec4 v0x55a5ca5c2400_0, 0, 1;
    %pushi/vec4 0, 0, 1;
    %store/vec4 v0x55a5ca5c2690_0, 0, 1;
    %pushi/vec4 0, 0, 1;
    %store/vec4 v0x55a5ca5c2760_0, 0, 1;
    %pushi/vec4 0, 0, 1;
    %store/vec4 v0x55a5ca5c24c0_0, 0, 1;
    %delay 1, 0;
    %pushi/vec4 1, 0, 1;
    %store/vec4 v0x55a5ca5c2400_0, 0, 1;
    %pushi/vec4 0, 0, 1;
    %store/vec4 v0x55a5ca5c2690_0, 0, 1;
    %pushi/vec4 0, 0, 1;
    %store/vec4 v0x55a5ca5c2760_0, 0, 1;
    %pushi/vec4 0, 0, 1;
    %store/vec4 v0x55a5ca5c24c0_0, 0, 1;
    %delay 1, 0;
    %pushi/vec4 0, 0, 1;
    %store/vec4 v0x55a5ca5c2400_0, 0, 1;
    %pushi/vec4 0, 0, 1;
    %store/vec4 v0x55a5ca5c2690_0, 0, 1;
    %pushi/vec4 0, 0, 1;
    %store/vec4 v0x55a5ca5c2760_0, 0, 1;
    %pushi/vec4 0, 0, 1;
    %store/vec4 v0x55a5ca5c24c0_0, 0, 1;
    %delay 1, 0;
    %pushi/vec4 1, 0, 1;
    %store/vec4 v0x55a5ca5c2400_0, 0, 1;
    %pushi/vec4 0, 0, 1;
    %store/vec4 v0x55a5ca5c2690_0, 0, 1;
    %pushi/vec4 0, 0, 1;
    %store/vec4 v0x55a5ca5c2760_0, 0, 1;
    %pushi/vec4 0, 0, 1;
    %store/vec4 v0x55a5ca5c24c0_0, 0, 1;
    %delay 1, 0;
    %pushi/vec4 0, 0, 1;
    %store/vec4 v0x55a5ca5c2400_0, 0, 1;
    %pushi/vec4 0, 0, 1;
    %store/vec4 v0x55a5ca5c2690_0, 0, 1;
    %pushi/vec4 0, 0, 1;
    %store/vec4 v0x55a5ca5c2760_0, 0, 1;
    %pushi/vec4 0, 0, 1;
    %store/vec4 v0x55a5ca5c24c0_0, 0, 1;
    %delay 1, 0;
    %pushi/vec4 1, 0, 1;
    %store/vec4 v0x55a5ca5c2400_0, 0, 1;
    %pushi/vec4 0, 0, 1;
    %store/vec4 v0x55a5ca5c2690_0, 0, 1;
    %pushi/vec4 0, 0, 1;
    %store/vec4 v0x55a5ca5c2760_0, 0, 1;
    %pushi/vec4 0, 0, 1;
    %store/vec4 v0x55a5ca5c24c0_0, 0, 1;
    %delay 1, 0;
    %pushi/vec4 0, 0, 1;
    %store/vec4 v0x55a5ca5c2400_0, 0, 1;
    %pushi/vec4 0, 0, 1;
    %store/vec4 v0x55a5ca5c2690_0, 0, 1;
    %pushi/vec4 0, 0, 1;
    %store/vec4 v0x55a5ca5c2760_0, 0, 1;
    %pushi/vec4 0, 0, 1;
    %store/vec4 v0x55a5ca5c24c0_0, 0, 1;
    %delay 1, 0;
    %pushi/vec4 1, 0, 1;
    %store/vec4 v0x55a5ca5c2400_0, 0, 1;
    %pushi/vec4 0, 0, 1;
    %store/vec4 v0x55a5ca5c2690_0, 0, 1;
    %pushi/vec4 1, 0, 1;
    %store/vec4 v0x55a5ca5c2760_0, 0, 1;
    %pushi/vec4 0, 0, 1;
    %store/vec4 v0x55a5ca5c24c0_0, 0, 1;
    %delay 1, 0;
    %pushi/vec4 0, 0, 1;
    %store/vec4 v0x55a5ca5c2400_0, 0, 1;
    %pushi/vec4 0, 0, 1;
    %store/vec4 v0x55a5ca5c2690_0, 0, 1;
    %pushi/vec4 0, 0, 1;
    %store/vec4 v0x55a5ca5c2760_0, 0, 1;
    %pushi/vec4 0, 0, 1;
    %store/vec4 v0x55a5ca5c24c0_0, 0, 1;
    %delay 1, 0;
    %pushi/vec4 1, 0, 1;
    %store/vec4 v0x55a5ca5c2400_0, 0, 1;
    %pushi/vec4 0, 0, 1;
    %store/vec4 v0x55a5ca5c2690_0, 0, 1;
    %pushi/vec4 0, 0, 1;
    %store/vec4 v0x55a5ca5c2760_0, 0, 1;
    %pushi/vec4 0, 0, 1;
    %store/vec4 v0x55a5ca5c24c0_0, 0, 1;
    %delay 1, 0;
    %pushi/vec4 0, 0, 1;
    %store/vec4 v0x55a5ca5c2400_0, 0, 1;
    %pushi/vec4 0, 0, 1;
    %store/vec4 v0x55a5ca5c2690_0, 0, 1;
    %pushi/vec4 0, 0, 1;
    %store/vec4 v0x55a5ca5c2760_0, 0, 1;
    %pushi/vec4 0, 0, 1;
    %store/vec4 v0x55a5ca5c24c0_0, 0, 1;
    %delay 1, 0;
    %pushi/vec4 1, 0, 1;
    %store/vec4 v0x55a5ca5c2400_0, 0, 1;
    %pushi/vec4 0, 0, 1;
    %store/vec4 v0x55a5ca5c2690_0, 0, 1;
    %pushi/vec4 0, 0, 1;
    %store/vec4 v0x55a5ca5c2760_0, 0, 1;
    %pushi/vec4 0, 0, 1;
    %store/vec4 v0x55a5ca5c24c0_0, 0, 1;
    %delay 1, 0;
    %pushi/vec4 0, 0, 1;
    %store/vec4 v0x55a5ca5c2400_0, 0, 1;
    %pushi/vec4 0, 0, 1;
    %store/vec4 v0x55a5ca5c2690_0, 0, 1;
    %pushi/vec4 0, 0, 1;
    %store/vec4 v0x55a5ca5c2760_0, 0, 1;
    %pushi/vec4 0, 0, 1;
    %store/vec4 v0x55a5ca5c24c0_0, 0, 1;
    %delay 1, 0;
    %pushi/vec4 1, 0, 1;
    %store/vec4 v0x55a5ca5c2400_0, 0, 1;
    %pushi/vec4 0, 0, 1;
    %store/vec4 v0x55a5ca5c2690_0, 0, 1;
    %pushi/vec4 0, 0, 1;
    %store/vec4 v0x55a5ca5c2760_0, 0, 1;
    %pushi/vec4 0, 0, 1;
    %store/vec4 v0x55a5ca5c24c0_0, 0, 1;
    %delay 1, 0;
    %pushi/vec4 0, 0, 1;
    %store/vec4 v0x55a5ca5c2400_0, 0, 1;
    %pushi/vec4 0, 0, 1;
    %store/vec4 v0x55a5ca5c2690_0, 0, 1;
    %pushi/vec4 0, 0, 1;
    %store/vec4 v0x55a5ca5c2760_0, 0, 1;
    %pushi/vec4 0, 0, 1;
    %store/vec4 v0x55a5ca5c24c0_0, 0, 1;
    %delay 1, 0;
    %pushi/vec4 1, 0, 1;
    %store/vec4 v0x55a5ca5c2400_0, 0, 1;
    %pushi/vec4 0, 0, 1;
    %store/vec4 v0x55a5ca5c2690_0, 0, 1;
    %pushi/vec4 0, 0, 1;
    %store/vec4 v0x55a5ca5c2760_0, 0, 1;
    %pushi/vec4 0, 0, 1;
    %store/vec4 v0x55a5ca5c24c0_0, 0, 1;
    %delay 1, 0;
    %pushi/vec4 0, 0, 1;
    %store/vec4 v0x55a5ca5c2400_0, 0, 1;
    %pushi/vec4 0, 0, 1;
    %store/vec4 v0x55a5ca5c2690_0, 0, 1;
    %pushi/vec4 0, 0, 1;
    %store/vec4 v0x55a5ca5c2760_0, 0, 1;
    %pushi/vec4 0, 0, 1;
    %store/vec4 v0x55a5ca5c24c0_0, 0, 1;
    %delay 1, 0;
    %pushi/vec4 1, 0, 1;
    %store/vec4 v0x55a5ca5c2400_0, 0, 1;
    %pushi/vec4 0, 0, 1;
    %store/vec4 v0x55a5ca5c2690_0, 0, 1;
    %pushi/vec4 0, 0, 1;
    %store/vec4 v0x55a5ca5c2760_0, 0, 1;
    %pushi/vec4 0, 0, 1;
    %store/vec4 v0x55a5ca5c24c0_0, 0, 1;
    %delay 1, 0;
    %pushi/vec4 0, 0, 1;
    %store/vec4 v0x55a5ca5c2400_0, 0, 1;
    %pushi/vec4 0, 0, 1;
    %store/vec4 v0x55a5ca5c2690_0, 0, 1;
    %pushi/vec4 0, 0, 1;
    %store/vec4 v0x55a5ca5c2760_0, 0, 1;
    %pushi/vec4 0, 0, 1;
    %store/vec4 v0x55a5ca5c24c0_0, 0, 1;
    %delay 1, 0;
    %pushi/vec4 1, 0, 1;
    %store/vec4 v0x55a5ca5c2400_0, 0, 1;
    %pushi/vec4 0, 0, 1;
    %store/vec4 v0x55a5ca5c2690_0, 0, 1;
    %pushi/vec4 0, 0, 1;
    %store/vec4 v0x55a5ca5c2760_0, 0, 1;
    %pushi/vec4 0, 0, 1;
    %store/vec4 v0x55a5ca5c24c0_0, 0, 1;
    %delay 1, 0;
    %pushi/vec4 0, 0, 1;
    %store/vec4 v0x55a5ca5c2400_0, 0, 1;
    %pushi/vec4 0, 0, 1;
    %store/vec4 v0x55a5ca5c2690_0, 0, 1;
    %pushi/vec4 0, 0, 1;
    %store/vec4 v0x55a5ca5c2760_0, 0, 1;
    %pushi/vec4 0, 0, 1;
    %store/vec4 v0x55a5ca5c24c0_0, 0, 1;
    %delay 1, 0;
    %pushi/vec4 1, 0, 1;
    %store/vec4 v0x55a5ca5c2400_0, 0, 1;
    %pushi/vec4 0, 0, 1;
    %store/vec4 v0x55a5ca5c2690_0, 0, 1;
    %pushi/vec4 0, 0, 1;
    %store/vec4 v0x55a5ca5c2760_0, 0, 1;
    %pushi/vec4 0, 0, 1;
    %store/vec4 v0x55a5ca5c24c0_0, 0, 1;
    %delay 1, 0;
    %pushi/vec4 0, 0, 1;
    %store/vec4 v0x55a5ca5c2400_0, 0, 1;
    %pushi/vec4 0, 0, 1;
    %store/vec4 v0x55a5ca5c2690_0, 0, 1;
    %pushi/vec4 0, 0, 1;
    %store/vec4 v0x55a5ca5c2760_0, 0, 1;
    %pushi/vec4 0, 0, 1;
    %store/vec4 v0x55a5ca5c24c0_0, 0, 1;
    %delay 1, 0;
    %pushi/vec4 1, 0, 1;
    %store/vec4 v0x55a5ca5c2400_0, 0, 1;
    %pushi/vec4 0, 0, 1;
    %store/vec4 v0x55a5ca5c2690_0, 0, 1;
    %pushi/vec4 0, 0, 1;
    %store/vec4 v0x55a5ca5c2760_0, 0, 1;
    %pushi/vec4 0, 0, 1;
    %store/vec4 v0x55a5ca5c24c0_0, 0, 1;
    %delay 1, 0;
    %pushi/vec4 0, 0, 1;
    %store/vec4 v0x55a5ca5c2400_0, 0, 1;
    %pushi/vec4 0, 0, 1;
    %store/vec4 v0x55a5ca5c2690_0, 0, 1;
    %pushi/vec4 0, 0, 1;
    %store/vec4 v0x55a5ca5c2760_0, 0, 1;
    %pushi/vec4 0, 0, 1;
    %store/vec4 v0x55a5ca5c24c0_0, 0, 1;
    %delay 1, 0;
    %pushi/vec4 1, 0, 1;
    %store/vec4 v0x55a5ca5c2400_0, 0, 1;
    %pushi/vec4 0, 0, 1;
    %store/vec4 v0x55a5ca5c2690_0, 0, 1;
    %pushi/vec4 0, 0, 1;
    %store/vec4 v0x55a5ca5c2760_0, 0, 1;
    %pushi/vec4 0, 0, 1;
    %store/vec4 v0x55a5ca5c24c0_0, 0, 1;
    %delay 1, 0;
    %pushi/vec4 0, 0, 1;
    %store/vec4 v0x55a5ca5c2400_0, 0, 1;
    %pushi/vec4 0, 0, 1;
    %store/vec4 v0x55a5ca5c2690_0, 0, 1;
    %pushi/vec4 0, 0, 1;
    %store/vec4 v0x55a5ca5c2760_0, 0, 1;
    %pushi/vec4 0, 0, 1;
    %store/vec4 v0x55a5ca5c24c0_0, 0, 1;
    %delay 1, 0;
    %pushi/vec4 1, 0, 1;
    %store/vec4 v0x55a5ca5c2400_0, 0, 1;
    %pushi/vec4 0, 0, 1;
    %store/vec4 v0x55a5ca5c2690_0, 0, 1;
    %pushi/vec4 0, 0, 1;
    %store/vec4 v0x55a5ca5c2760_0, 0, 1;
    %pushi/vec4 0, 0, 1;
    %store/vec4 v0x55a5ca5c24c0_0, 0, 1;
    %delay 1, 0;
    %pushi/vec4 0, 0, 1;
    %store/vec4 v0x55a5ca5c2400_0, 0, 1;
    %pushi/vec4 0, 0, 1;
    %store/vec4 v0x55a5ca5c2690_0, 0, 1;
    %pushi/vec4 0, 0, 1;
    %store/vec4 v0x55a5ca5c2760_0, 0, 1;
    %pushi/vec4 0, 0, 1;
    %store/vec4 v0x55a5ca5c24c0_0, 0, 1;
    %delay 1, 0;
    %pushi/vec4 1, 0, 1;
    %store/vec4 v0x55a5ca5c2400_0, 0, 1;
    %pushi/vec4 0, 0, 1;
    %store/vec4 v0x55a5ca5c2690_0, 0, 1;
    %pushi/vec4 0, 0, 1;
    %store/vec4 v0x55a5ca5c2760_0, 0, 1;
    %pushi/vec4 0, 0, 1;
    %store/vec4 v0x55a5ca5c24c0_0, 0, 1;
    %delay 1, 0;
    %pushi/vec4 0, 0, 1;
    %store/vec4 v0x55a5ca5c2400_0, 0, 1;
    %pushi/vec4 0, 0, 1;
    %store/vec4 v0x55a5ca5c2690_0, 0, 1;
    %pushi/vec4 0, 0, 1;
    %store/vec4 v0x55a5ca5c2760_0, 0, 1;
    %pushi/vec4 0, 0, 1;
    %store/vec4 v0x55a5ca5c24c0_0, 0, 1;
    %delay 1, 0;
    %pushi/vec4 1, 0, 1;
    %store/vec4 v0x55a5ca5c2400_0, 0, 1;
    %pushi/vec4 0, 0, 1;
    %store/vec4 v0x55a5ca5c2690_0, 0, 1;
    %pushi/vec4 0, 0, 1;
    %store/vec4 v0x55a5ca5c2760_0, 0, 1;
    %pushi/vec4 0, 0, 1;
    %store/vec4 v0x55a5ca5c24c0_0, 0, 1;
    %delay 1, 0;
    %pushi/vec4 0, 0, 1;
    %store/vec4 v0x55a5ca5c2400_0, 0, 1;
    %pushi/vec4 0, 0, 1;
    %store/vec4 v0x55a5ca5c2690_0, 0, 1;
    %pushi/vec4 0, 0, 1;
    %store/vec4 v0x55a5ca5c2760_0, 0, 1;
    %pushi/vec4 0, 0, 1;
    %store/vec4 v0x55a5ca5c24c0_0, 0, 1;
    %delay 1, 0;
    %pushi/vec4 1, 0, 1;
    %store/vec4 v0x55a5ca5c2400_0, 0, 1;
    %pushi/vec4 0, 0, 1;
    %store/vec4 v0x55a5ca5c2690_0, 0, 1;
    %pushi/vec4 0, 0, 1;
    %store/vec4 v0x55a5ca5c2760_0, 0, 1;
    %pushi/vec4 0, 0, 1;
    %store/vec4 v0x55a5ca5c24c0_0, 0, 1;
    %delay 1, 0;
    %pushi/vec4 0, 0, 1;
    %store/vec4 v0x55a5ca5c2400_0, 0, 1;
    %pushi/vec4 0, 0, 1;
    %store/vec4 v0x55a5ca5c2690_0, 0, 1;
    %pushi/vec4 0, 0, 1;
    %store/vec4 v0x55a5ca5c2760_0, 0, 1;
    %pushi/vec4 0, 0, 1;
    %store/vec4 v0x55a5ca5c24c0_0, 0, 1;
    %delay 1, 0;
    %pushi/vec4 1, 0, 1;
    %store/vec4 v0x55a5ca5c2400_0, 0, 1;
    %pushi/vec4 0, 0, 1;
    %store/vec4 v0x55a5ca5c2690_0, 0, 1;
    %pushi/vec4 0, 0, 1;
    %store/vec4 v0x55a5ca5c2760_0, 0, 1;
    %pushi/vec4 0, 0, 1;
    %store/vec4 v0x55a5ca5c24c0_0, 0, 1;
    %delay 1, 0;
    %pushi/vec4 0, 0, 1;
    %store/vec4 v0x55a5ca5c2400_0, 0, 1;
    %pushi/vec4 0, 0, 1;
    %store/vec4 v0x55a5ca5c2690_0, 0, 1;
    %pushi/vec4 0, 0, 1;
    %store/vec4 v0x55a5ca5c2760_0, 0, 1;
    %pushi/vec4 0, 0, 1;
    %store/vec4 v0x55a5ca5c24c0_0, 0, 1;
    %vpi_call 2 361 "$finish" {0 0 0};
    %end;
    .thread T_3;
    .scope S_0x55a5ca507310;
T_4 ;
    %vpi_call 2 365 "$dumpfile", "ala.vcd" {0 0 0};
    %vpi_call 2 366 "$dumpvars" {0 0 0};
    %end;
    .thread T_4;
# The file index is used to find the file name in the following table.
:file_names 3;
    "N/A";
    "<interactive>";
    "counter.v";
