#! /usr/bin/vvp
:ivl_version "11.0 (stable)";
:ivl_delay_selection "TYPICAL";
:vpi_time_precision + 0;
:vpi_module "/usr/lib/x86_64-linux-gnu/ivl/system.vpi";
:vpi_module "/usr/lib/x86_64-linux-gnu/ivl/vhdl_sys.vpi";
:vpi_module "/usr/lib/x86_64-linux-gnu/ivl/vhdl_textio.vpi";
:vpi_module "/usr/lib/x86_64-linux-gnu/ivl/v2005_math.vpi";
:vpi_module "/usr/lib/x86_64-linux-gnu/ivl/va_math.vpi";
S_0x5564537d9380 .scope module, "testbench" "testbench" 2 34;
 .timescale 0 0;
v0x5564538072b0_0 .net "DataAdr", 31 0, v0x5564537fb3f0_0;  1 drivers
v0x556453807390_0 .net "MemWrite", 0 0, L_0x55645380a3a0;  1 drivers
v0x556453807450_0 .net "WriteData", 31 0, L_0x55645381b970;  1 drivers
v0x5564538074f0_0 .var "clk", 0 0;
v0x556453807590_0 .var "reset", 0 0;
E_0x5564537a90b0 .event negedge, v0x5564537f6d20_0;
S_0x5564537d7690 .scope module, "dut" "top" 2 40, 2 89 0, S_0x5564537d9380;
 .timescale 0 0;
    .port_info 0 /INPUT 1 "clk";
    .port_info 1 /INPUT 1 "reset";
    .port_info 2 /OUTPUT 32 "WriteData";
    .port_info 3 /OUTPUT 32 "DataAdr";
    .port_info 4 /OUTPUT 1 "MemWrite";
v0x556453806b70_0 .net "DataAdr", 31 0, v0x5564537fb3f0_0;  alias, 1 drivers
v0x556453806c30_0 .net "Instr", 31 0, L_0x55645381e010;  1 drivers
v0x556453806cf0_0 .net "MemWrite", 0 0, L_0x55645380a3a0;  alias, 1 drivers
v0x556453806e20_0 .net "PC", 31 0, v0x5564537ff3e0_0;  1 drivers
v0x556453806ec0_0 .net "ReadData", 31 0, L_0x55645381e780;  1 drivers
v0x556453807010_0 .net "WriteData", 31 0, L_0x55645381b970;  alias, 1 drivers
v0x5564538070d0_0 .net "clk", 0 0, v0x5564538074f0_0;  1 drivers
v0x556453807170_0 .net "reset", 0 0, v0x556453807590_0;  1 drivers
S_0x5564537cc060 .scope module, "arm" "arm" 2 104, 2 160 0, S_0x5564537d7690;
 .timescale 0 0;
    .port_info 0 /INPUT 1 "clk";
    .port_info 1 /INPUT 1 "reset";
    .port_info 2 /OUTPUT 32 "PC";
    .port_info 3 /INPUT 32 "Instr";
    .port_info 4 /OUTPUT 1 "MemWrite";
    .port_info 5 /OUTPUT 32 "ALUResult";
    .port_info 6 /OUTPUT 32 "WriteData";
    .port_info 7 /INPUT 32 "ReadData";
v0x556453804080_0 .net "ALUControl", 2 0, v0x5564537f8b50_0;  1 drivers
v0x556453804160_0 .net "ALUFlags", 3 0, L_0x55645381dc50;  1 drivers
v0x5564538042b0_0 .net "ALUResult", 31 0, v0x5564537fb3f0_0;  alias, 1 drivers
v0x556453804350_0 .net "ALUSrc", 0 0, L_0x556453808db0;  1 drivers
v0x556453804480_0 .net "ImmSrc", 1 0, L_0x556453808d10;  1 drivers
v0x5564538045d0_0 .net "Instr", 31 0, L_0x55645381e010;  alias, 1 drivers
v0x556453804690_0 .net "MemWrite", 0 0, L_0x55645380a3a0;  alias, 1 drivers
v0x556453804730_0 .net "MemtoReg", 0 0, L_0x556453808e50;  1 drivers
v0x556453804860_0 .net "PC", 31 0, v0x5564537ff3e0_0;  alias, 1 drivers
v0x556453804990_0 .net "PCSrc", 0 0, L_0x55645380a4a0;  1 drivers
v0x556453804ac0_0 .net "ReadData", 31 0, L_0x55645381e780;  alias, 1 drivers
v0x556453804b80_0 .net "RegSrc", 1 0, L_0x556453808c70;  1 drivers
v0x556453804c40_0 .net "RegWrite", 0 0, L_0x55645380a2a0;  1 drivers
v0x556453804d70_0 .net "WriteData", 31 0, L_0x55645381b970;  alias, 1 drivers
v0x556453804e30_0 .net "clk", 0 0, v0x5564538074f0_0;  alias, 1 drivers
v0x556453804ed0_0 .net "reset", 0 0, v0x556453807590_0;  alias, 1 drivers
L_0x55645380a730 .part L_0x55645381e010, 12, 20;
S_0x5564537ca940 .scope module, "c" "controller" 2 186, 2 219 0, S_0x5564537cc060;
 .timescale 0 0;
    .port_info 0 /INPUT 1 "clk";
    .port_info 1 /INPUT 1 "reset";
    .port_info 2 /INPUT 20 "Instr";
    .port_info 3 /INPUT 4 "ALUFlags";
    .port_info 4 /OUTPUT 2 "RegSrc";
    .port_info 5 /OUTPUT 1 "RegWrite";
    .port_info 6 /OUTPUT 2 "ImmSrc";
    .port_info 7 /OUTPUT 1 "ALUSrc";
    .port_info 8 /OUTPUT 3 "ALUControl";
    .port_info 9 /OUTPUT 1 "MemWrite";
    .port_info 10 /OUTPUT 1 "MemtoReg";
    .port_info 11 /OUTPUT 1 "PCSrc";
v0x5564537f9dc0_0 .net "ALUControl", 2 0, v0x5564537f8b50_0;  alias, 1 drivers
v0x5564537f9ed0_0 .net "ALUFlags", 3 0, L_0x55645381dc50;  alias, 1 drivers
v0x5564537f9fa0_0 .net "ALUSrc", 0 0, L_0x556453808db0;  alias, 1 drivers
v0x5564537fa0a0_0 .net "FlagW", 1 0, v0x5564537f8e70_0;  1 drivers
v0x5564537fa140_0 .net "ImmSrc", 1 0, L_0x556453808d10;  alias, 1 drivers
v0x5564537fa230_0 .net "Instr", 31 12, L_0x55645380a730;  1 drivers
v0x5564537fa2d0_0 .net "MemW", 0 0, L_0x556453809020;  1 drivers
v0x5564537fa3c0_0 .net "MemWrite", 0 0, L_0x55645380a3a0;  alias, 1 drivers
v0x5564537fa460_0 .net "MemtoReg", 0 0, L_0x556453808e50;  alias, 1 drivers
v0x5564537fa500_0 .net "PCS", 0 0, L_0x556453809520;  1 drivers
v0x5564537fa5a0_0 .net "PCSrc", 0 0, L_0x55645380a4a0;  alias, 1 drivers
v0x5564537fa640_0 .net "RegSrc", 1 0, L_0x556453808c70;  alias, 1 drivers
v0x5564537fa710_0 .net "RegW", 0 0, L_0x556453808f80;  1 drivers
v0x5564537fa800_0 .net "RegWrite", 0 0, L_0x55645380a2a0;  alias, 1 drivers
v0x5564537fa8a0_0 .net "clk", 0 0, v0x5564538074f0_0;  alias, 1 drivers
v0x5564537fa940_0 .net "reset", 0 0, v0x556453807590_0;  alias, 1 drivers
L_0x556453809590 .part L_0x55645380a730, 14, 2;
L_0x556453809630 .part L_0x55645380a730, 8, 6;
L_0x5564538096d0 .part L_0x55645380a730, 0, 4;
L_0x55645380a5d0 .part L_0x55645380a730, 16, 4;
S_0x5564537d7080 .scope module, "cl" "condlogic" 2 263, 2 343 0, S_0x5564537ca940;
 .timescale 0 0;
    .port_info 0 /INPUT 1 "clk";
    .port_info 1 /INPUT 1 "reset";
    .port_info 2 /INPUT 4 "Cond";
    .port_info 3 /INPUT 4 "ALUFlags";
    .port_info 4 /INPUT 2 "FlagW";
    .port_info 5 /INPUT 1 "PCS";
    .port_info 6 /INPUT 1 "RegW";
    .port_info 7 /INPUT 1 "MemW";
    .port_info 8 /OUTPUT 1 "PCSrc";
    .port_info 9 /OUTPUT 1 "RegWrite";
    .port_info 10 /OUTPUT 1 "MemWrite";
L_0x55645380a1e0 .functor AND 2, v0x5564537f8e70_0, L_0x55645380a0b0, C4<11>, C4<11>;
L_0x55645380a2a0 .functor AND 1, L_0x556453808f80, v0x5564537c6190_0, C4<1>, C4<1>;
L_0x55645380a3a0 .functor AND 1, L_0x556453809020, v0x5564537c6190_0, C4<1>, C4<1>;
L_0x55645380a4a0 .functor AND 1, L_0x556453809520, v0x5564537c6190_0, C4<1>, C4<1>;
v0x5564537f7a20_0 .net "ALUFlags", 3 0, L_0x55645381dc50;  alias, 1 drivers
v0x5564537f7b20_0 .net "Cond", 3 0, L_0x55645380a5d0;  1 drivers
v0x5564537f7be0_0 .net "CondEx", 0 0, v0x5564537c6190_0;  1 drivers
v0x5564537f7ce0_0 .net "FlagW", 1 0, v0x5564537f8e70_0;  alias, 1 drivers
v0x5564537f7d80_0 .net "FlagWrite", 1 0, L_0x55645380a1e0;  1 drivers
v0x5564537f7e90_0 .net "Flags", 3 0, L_0x556453809a70;  1 drivers
v0x5564537f7f50_0 .net "MemW", 0 0, L_0x556453809020;  alias, 1 drivers
v0x5564537f7ff0_0 .net "MemWrite", 0 0, L_0x55645380a3a0;  alias, 1 drivers
v0x5564537f80b0_0 .net "PCS", 0 0, L_0x556453809520;  alias, 1 drivers
v0x5564537f8170_0 .net "PCSrc", 0 0, L_0x55645380a4a0;  alias, 1 drivers
v0x5564537f8230_0 .net "RegW", 0 0, L_0x556453808f80;  alias, 1 drivers
v0x5564537f82f0_0 .net "RegWrite", 0 0, L_0x55645380a2a0;  alias, 1 drivers
v0x5564537f83b0_0 .net *"_ivl_13", 1 0, L_0x55645380a0b0;  1 drivers
v0x5564537f8490_0 .net "clk", 0 0, v0x5564538074f0_0;  alias, 1 drivers
v0x5564537f8530_0 .net "reset", 0 0, v0x556453807590_0;  alias, 1 drivers
L_0x556453809770 .part L_0x55645380a1e0, 1, 1;
L_0x556453809810 .part L_0x55645381dc50, 2, 2;
L_0x5564538098b0 .part L_0x55645380a1e0, 0, 1;
L_0x5564538099a0 .part L_0x55645381dc50, 0, 2;
L_0x556453809a70 .concat8 [ 2 2 0 0], v0x5564537f6f80_0, v0x5564537f77a0_0;
L_0x55645380a0b0 .concat [ 1 1 0 0], v0x5564537c6190_0, v0x5564537c6190_0;
S_0x5564537d3970 .scope module, "cc" "condcheck" 2 384, 2 395 0, S_0x5564537d7080;
 .timescale 0 0;
    .port_info 0 /INPUT 4 "Cond";
    .port_info 1 /INPUT 4 "Flags";
    .port_info 2 /OUTPUT 1 "CondEx";
L_0x556453809f50 .functor BUFZ 4, L_0x556453809a70, C4<0000>, C4<0000>, C4<0000>;
L_0x556453809fc0 .functor XNOR 1, L_0x556453809b60, L_0x556453809dc0, C4<0>, C4<0>;
v0x5564537dd430_0 .net "Cond", 3 0, L_0x55645380a5d0;  alias, 1 drivers
v0x5564537c6190_0 .var "CondEx", 0 0;
v0x5564537c6290_0 .net "Flags", 3 0, L_0x556453809a70;  alias, 1 drivers
v0x5564537beda0_0 .net *"_ivl_6", 3 0, L_0x556453809f50;  1 drivers
v0x5564537beea0_0 .net "carry", 0 0, L_0x556453809d20;  1 drivers
v0x5564537df570_0 .net "ge", 0 0, L_0x556453809fc0;  1 drivers
v0x5564537f6810_0 .net "neg", 0 0, L_0x556453809b60;  1 drivers
v0x5564537f68d0_0 .net "overflow", 0 0, L_0x556453809dc0;  1 drivers
v0x5564537f6990_0 .net "zero", 0 0, L_0x556453809c00;  1 drivers
E_0x5564537a9530/0 .event edge, v0x5564537dd430_0, v0x5564537f6990_0, v0x5564537beea0_0, v0x5564537f6810_0;
E_0x5564537a9530/1 .event edge, v0x5564537f68d0_0, v0x5564537df570_0;
E_0x5564537a9530 .event/or E_0x5564537a9530/0, E_0x5564537a9530/1;
L_0x556453809b60 .part L_0x556453809f50, 3, 1;
L_0x556453809c00 .part L_0x556453809f50, 2, 1;
L_0x556453809d20 .part L_0x556453809f50, 1, 1;
L_0x556453809dc0 .part L_0x556453809f50, 0, 1;
S_0x5564537f6ad0 .scope module, "flagreg0" "flopenr" 2 377, 2 600 0, S_0x5564537d7080;
 .timescale 0 0;
    .port_info 0 /INPUT 1 "clk";
    .port_info 1 /INPUT 1 "reset";
    .port_info 2 /INPUT 1 "en";
    .port_info 3 /INPUT 2 "d";
    .port_info 4 /OUTPUT 2 "q";
P_0x5564537f6c60 .param/l "WIDTH" 0 2 607, +C4<00000000000000000000000000000010>;
v0x5564537f6d20_0 .net "clk", 0 0, v0x5564538074f0_0;  alias, 1 drivers
v0x5564537f6e00_0 .net "d", 1 0, L_0x5564538099a0;  1 drivers
v0x5564537f6ee0_0 .net "en", 0 0, L_0x5564538098b0;  1 drivers
v0x5564537f6f80_0 .var "q", 1 0;
v0x5564537f7060_0 .net "reset", 0 0, v0x556453807590_0;  alias, 1 drivers
E_0x5564537bdae0 .event posedge, v0x5564537f7060_0, v0x5564537f6d20_0;
S_0x5564537f7210 .scope module, "flagreg1" "flopenr" 2 370, 2 600 0, S_0x5564537d7080;
 .timescale 0 0;
    .port_info 0 /INPUT 1 "clk";
    .port_info 1 /INPUT 1 "reset";
    .port_info 2 /INPUT 1 "en";
    .port_info 3 /INPUT 2 "d";
    .port_info 4 /OUTPUT 2 "q";
P_0x5564537f73f0 .param/l "WIDTH" 0 2 607, +C4<00000000000000000000000000000010>;
v0x5564537f7540_0 .net "clk", 0 0, v0x5564538074f0_0;  alias, 1 drivers
v0x5564537f7610_0 .net "d", 1 0, L_0x556453809810;  1 drivers
v0x5564537f76d0_0 .net "en", 0 0, L_0x556453809770;  1 drivers
v0x5564537f77a0_0 .var "q", 1 0;
v0x5564537f7880_0 .net "reset", 0 0, v0x556453807590_0;  alias, 1 drivers
S_0x5564537f87e0 .scope module, "dec" "decode" 2 249, 2 278 0, S_0x5564537ca940;
 .timescale 0 0;
    .port_info 0 /INPUT 2 "Op";
    .port_info 1 /INPUT 6 "Funct";
    .port_info 2 /INPUT 4 "Rd";
    .port_info 3 /OUTPUT 2 "FlagW";
    .port_info 4 /OUTPUT 1 "PCS";
    .port_info 5 /OUTPUT 1 "RegW";
    .port_info 6 /OUTPUT 1 "MemW";
    .port_info 7 /OUTPUT 1 "MemtoReg";
    .port_info 8 /OUTPUT 1 "ALUSrc";
    .port_info 9 /OUTPUT 2 "ImmSrc";
    .port_info 10 /OUTPUT 2 "RegSrc";
    .port_info 11 /OUTPUT 3 "ALUControl";
L_0x5564538094b0 .functor AND 1, L_0x556453809410, L_0x556453808f80, C4<1>, C4<1>;
L_0x556453809520 .functor OR 1, L_0x5564538094b0, L_0x556453809100, C4<0>, C4<0>;
v0x5564537f8b50_0 .var "ALUControl", 2 0;
v0x5564537f8c50_0 .net "ALUOp", 0 0, L_0x5564538091a0;  1 drivers
v0x5564537f8d10_0 .net "ALUSrc", 0 0, L_0x556453808db0;  alias, 1 drivers
v0x5564537f8db0_0 .net "Branch", 0 0, L_0x556453809100;  1 drivers
v0x5564537f8e70_0 .var "FlagW", 1 0;
v0x5564537f8f80_0 .net "Funct", 5 0, L_0x556453809630;  1 drivers
v0x5564537f9040_0 .net "ImmSrc", 1 0, L_0x556453808d10;  alias, 1 drivers
v0x5564537f9120_0 .net "MemW", 0 0, L_0x556453809020;  alias, 1 drivers
v0x5564537f91c0_0 .net "MemtoReg", 0 0, L_0x556453808e50;  alias, 1 drivers
v0x5564537f92f0_0 .net "Op", 1 0, L_0x556453809590;  1 drivers
v0x5564537f93d0_0 .net "PCS", 0 0, L_0x556453809520;  alias, 1 drivers
v0x5564537f94a0_0 .net "Rd", 3 0, L_0x5564538096d0;  1 drivers
v0x5564537f9560_0 .net "RegSrc", 1 0, L_0x556453808c70;  alias, 1 drivers
v0x5564537f9640_0 .net "RegW", 0 0, L_0x556453808f80;  alias, 1 drivers
v0x5564537f9710_0 .net *"_ivl_10", 9 0, v0x5564537f9b60_0;  1 drivers
L_0x7f5f5564f018 .functor BUFT 1, C4<1111>, C4<0>, C4<0>, C4<0>;
v0x5564537f97d0_0 .net/2u *"_ivl_11", 3 0, L_0x7f5f5564f018;  1 drivers
v0x5564537f98b0_0 .net *"_ivl_13", 0 0, L_0x556453809410;  1 drivers
v0x5564537f9a80_0 .net *"_ivl_15", 0 0, L_0x5564538094b0;  1 drivers
v0x5564537f9b60_0 .var "controls", 9 0;
E_0x5564537c6460 .event edge, v0x5564537f8c50_0, v0x5564537f8f80_0, v0x5564537f8b50_0;
E_0x5564537c7240 .event edge, v0x5564537f92f0_0, v0x5564537f8f80_0;
L_0x556453808c70 .part v0x5564537f9b60_0, 8, 2;
L_0x556453808d10 .part v0x5564537f9b60_0, 6, 2;
L_0x556453808db0 .part v0x5564537f9b60_0, 5, 1;
L_0x556453808e50 .part v0x5564537f9b60_0, 4, 1;
L_0x556453808f80 .part v0x5564537f9b60_0, 3, 1;
L_0x556453809020 .part v0x5564537f9b60_0, 2, 1;
L_0x556453809100 .part v0x5564537f9b60_0, 1, 1;
L_0x5564538091a0 .part v0x5564537f9b60_0, 0, 1;
L_0x556453809410 .cmp/eq 4, L_0x5564538096d0, L_0x7f5f5564f018;
S_0x5564537faae0 .scope module, "dp" "datapath" 2 200, 2 431 0, S_0x5564537cc060;
 .timescale 0 0;
    .port_info 0 /INPUT 1 "clk";
    .port_info 1 /INPUT 1 "reset";
    .port_info 2 /INPUT 2 "RegSrc";
    .port_info 3 /INPUT 1 "RegWrite";
    .port_info 4 /INPUT 2 "ImmSrc";
    .port_info 5 /INPUT 1 "ALUSrc";
    .port_info 6 /INPUT 3 "ALUControl";
    .port_info 7 /INPUT 1 "MemtoReg";
    .port_info 8 /INPUT 1 "PCSrc";
    .port_info 9 /OUTPUT 4 "ALUFlags";
    .port_info 10 /OUTPUT 32 "PC";
    .port_info 11 /INPUT 32 "Instr";
    .port_info 12 /OUTPUT 32 "ALUResult";
    .port_info 13 /OUTPUT 32 "WriteData";
    .port_info 14 /INPUT 32 "ReadData";
v0x556453802860_0 .net "ALUControl", 2 0, v0x5564537f8b50_0;  alias, 1 drivers
v0x556453802940_0 .net "ALUFlags", 3 0, L_0x55645381dc50;  alias, 1 drivers
v0x556453802a00_0 .net "ALUResult", 31 0, v0x5564537fb3f0_0;  alias, 1 drivers
v0x556453802af0_0 .net "ALUSrc", 0 0, L_0x556453808db0;  alias, 1 drivers
v0x556453802b90_0 .net "ExtImm", 31 0, v0x5564537fd8d0_0;  1 drivers
v0x556453802cf0_0 .net "ImmSrc", 1 0, L_0x556453808d10;  alias, 1 drivers
v0x556453802db0_0 .net "Instr", 31 0, L_0x55645381e010;  alias, 1 drivers
v0x556453802e90_0 .net "MemtoReg", 0 0, L_0x556453808e50;  alias, 1 drivers
v0x556453802f30_0 .net "PC", 31 0, v0x5564537ff3e0_0;  alias, 1 drivers
v0x556453802ff0_0 .net "PCNext", 31 0, L_0x55645380a860;  1 drivers
v0x556453803100_0 .net "PCPlus4", 31 0, L_0x55645380aa20;  1 drivers
v0x5564538031c0_0 .net "PCPlus8", 31 0, L_0x55645381ab40;  1 drivers
v0x5564538032d0_0 .net "PCSrc", 0 0, L_0x55645380a4a0;  alias, 1 drivers
v0x556453803370_0 .net "RA1", 3 0, L_0x55645381abe0;  1 drivers
v0x556453803480_0 .net "RA2", 3 0, L_0x55645381adc0;  1 drivers
v0x556453803590_0 .net "ReadData", 31 0, L_0x55645381e780;  alias, 1 drivers
v0x556453803650_0 .net "RegSrc", 1 0, L_0x556453808c70;  alias, 1 drivers
v0x556453803850_0 .net "RegWrite", 0 0, L_0x55645380a2a0;  alias, 1 drivers
v0x5564538038f0_0 .net "Result", 31 0, L_0x55645381bcf0;  1 drivers
v0x5564538039b0_0 .net "SrcA", 31 0, L_0x55645381b470;  1 drivers
v0x556453803ac0_0 .net "SrcB", 31 0, L_0x55645381be30;  1 drivers
v0x556453803bd0_0 .net "WriteData", 31 0, L_0x55645381b970;  alias, 1 drivers
v0x556453803ce0_0 .net "clk", 0 0, v0x5564538074f0_0;  alias, 1 drivers
v0x556453803d80_0 .net "reset", 0 0, v0x556453807590_0;  alias, 1 drivers
L_0x55645381ac80 .part L_0x55645381e010, 16, 4;
L_0x55645381ad20 .part L_0x556453808c70, 0, 1;
L_0x55645381ae60 .part L_0x55645381e010, 0, 4;
L_0x55645381af00 .part L_0x55645381e010, 12, 4;
L_0x55645381b020 .part L_0x556453808c70, 1, 1;
L_0x55645381bb00 .part L_0x55645381e010, 12, 4;
L_0x55645381bd90 .part L_0x55645381e010, 0, 24;
S_0x5564537faed0 .scope module, "alu" "alu" 2 534, 2 1 0, S_0x5564537faae0;
 .timescale 0 0;
    .port_info 0 /INPUT 32 "SrcA";
    .port_info 1 /INPUT 32 "SrcB";
    .port_info 2 /INPUT 3 "ALUControl";
    .port_info 3 /OUTPUT 32 "ALUResult";
    .port_info 4 /OUTPUT 4 "ALUFlags";
L_0x55645380aac0 .functor NOT 33, L_0x55645381c120, C4<000000000000000000000000000000000>, C4<000000000000000000000000000000000>, C4<000000000000000000000000000000000>;
L_0x55645381c2f0 .functor NOT 1, L_0x55645381cb50, C4<0>, C4<0>, C4<0>;
L_0x55645381cd40 .functor AND 1, L_0x55645381c2f0, L_0x55645381cc50, C4<1>, C4<1>;
L_0x55645381cf60 .functor NOT 1, L_0x55645381ce50, C4<0>, C4<0>, C4<0>;
L_0x55645381cef0 .functor XOR 1, L_0x55645381d050, L_0x55645381d0f0, C4<0>, C4<0>;
L_0x55645381d490 .functor XOR 1, L_0x55645381cef0, L_0x55645381d2e0, C4<0>, C4<0>;
L_0x55645381d5e0 .functor NOT 1, L_0x55645381d490, C4<0>, C4<0>, C4<0>;
L_0x55645381d6a0 .functor AND 1, L_0x55645381cf60, L_0x55645381d5e0, C4<1>, C4<1>;
L_0x55645381d9d0 .functor XOR 1, L_0x55645381d800, L_0x55645381d930, C4<0>, C4<0>;
L_0x55645381dae0 .functor AND 1, L_0x55645381d6a0, L_0x55645381d9d0, C4<1>, C4<1>;
v0x5564537fb1b0_0 .net "ALUControl", 2 0, v0x5564537f8b50_0;  alias, 1 drivers
v0x5564537fb2e0_0 .net "ALUFlags", 3 0, L_0x55645381dc50;  alias, 1 drivers
v0x5564537fb3f0_0 .var "ALUResult", 31 0;
v0x5564537fb4b0_0 .net "SrcA", 31 0, L_0x55645381b470;  alias, 1 drivers
v0x5564537fb590_0 .net "SrcB", 31 0, L_0x55645381be30;  alias, 1 drivers
v0x5564537fb6c0_0 .net *"_ivl_0", 32 0, L_0x55645381bfe0;  1 drivers
v0x5564537fb7a0_0 .net *"_ivl_10", 32 0, L_0x55645380aac0;  1 drivers
L_0x7f5f5564f2e8 .functor BUFT 1, C4<000000000000000000000000000000001>, C4<0>, C4<0>, C4<0>;
v0x5564537fb880_0 .net/2u *"_ivl_12", 32 0, L_0x7f5f5564f2e8;  1 drivers
v0x5564537fb960_0 .net *"_ivl_14", 32 0, L_0x55645381c250;  1 drivers
v0x5564537fbad0_0 .net *"_ivl_16", 32 0, L_0x55645381c460;  1 drivers
L_0x7f5f5564f330 .functor BUFT 1, C4<0>, C4<0>, C4<0>, C4<0>;
v0x5564537fbbb0_0 .net *"_ivl_19", 0 0, L_0x7f5f5564f330;  1 drivers
v0x5564537fbc90_0 .net *"_ivl_20", 32 0, L_0x55645381c550;  1 drivers
L_0x7f5f5564f378 .functor BUFT 1, C4<00000000000000000000000000000000>, C4<0>, C4<0>, C4<0>;
v0x5564537fbd70_0 .net/2u *"_ivl_26", 31 0, L_0x7f5f5564f378;  1 drivers
L_0x7f5f5564f258 .functor BUFT 1, C4<0>, C4<0>, C4<0>, C4<0>;
v0x5564537fbe50_0 .net *"_ivl_3", 0 0, L_0x7f5f5564f258;  1 drivers
v0x5564537fbf30_0 .net *"_ivl_31", 0 0, L_0x55645381cb50;  1 drivers
v0x5564537fc010_0 .net *"_ivl_32", 0 0, L_0x55645381c2f0;  1 drivers
v0x5564537fc0f0_0 .net *"_ivl_35", 0 0, L_0x55645381cc50;  1 drivers
v0x5564537fc2e0_0 .net *"_ivl_39", 0 0, L_0x55645381ce50;  1 drivers
v0x5564537fc3c0_0 .net *"_ivl_40", 0 0, L_0x55645381cf60;  1 drivers
v0x5564537fc4a0_0 .net *"_ivl_43", 0 0, L_0x55645381d050;  1 drivers
v0x5564537fc580_0 .net *"_ivl_45", 0 0, L_0x55645381d0f0;  1 drivers
v0x5564537fc660_0 .net *"_ivl_46", 0 0, L_0x55645381cef0;  1 drivers
v0x5564537fc740_0 .net *"_ivl_49", 0 0, L_0x55645381d2e0;  1 drivers
v0x5564537fc820_0 .net *"_ivl_5", 0 0, L_0x55645381c080;  1 drivers
v0x5564537fc900_0 .net *"_ivl_50", 0 0, L_0x55645381d490;  1 drivers
v0x5564537fc9e0_0 .net *"_ivl_52", 0 0, L_0x55645381d5e0;  1 drivers
v0x5564537fcac0_0 .net *"_ivl_54", 0 0, L_0x55645381d6a0;  1 drivers
v0x5564537fcba0_0 .net *"_ivl_57", 0 0, L_0x55645381d800;  1 drivers
v0x5564537fcc80_0 .net *"_ivl_59", 0 0, L_0x55645381d930;  1 drivers
v0x5564537fcd60_0 .net *"_ivl_6", 32 0, L_0x55645381c120;  1 drivers
v0x5564537fce40_0 .net *"_ivl_60", 0 0, L_0x55645381d9d0;  1 drivers
L_0x7f5f5564f2a0 .functor BUFT 1, C4<0>, C4<0>, C4<0>, C4<0>;
v0x5564537fcf20_0 .net *"_ivl_9", 0 0, L_0x7f5f5564f2a0;  1 drivers
v0x5564537fd000_0 .net "carry", 0 0, L_0x55645381cd40;  1 drivers
v0x5564537fd2d0_0 .net "neg", 0 0, L_0x55645381c860;  1 drivers
v0x5564537fd390_0 .net "overflow", 0 0, L_0x55645381dae0;  1 drivers
v0x5564537fd450_0 .net "sum", 32 0, L_0x55645381c720;  1 drivers
v0x5564537fd530_0 .net "zero", 0 0, L_0x55645381ca60;  1 drivers
E_0x5564537a9990 .event edge, v0x5564537f8b50_0, v0x5564537fd450_0, v0x5564537fb4b0_0, v0x5564537fb590_0;
L_0x55645381bfe0 .concat [ 32 1 0 0], L_0x55645381b470, L_0x7f5f5564f258;
L_0x55645381c080 .part v0x5564537f8b50_0, 0, 1;
L_0x55645381c120 .concat [ 32 1 0 0], L_0x55645381be30, L_0x7f5f5564f2a0;
L_0x55645381c250 .arith/sum 33, L_0x55645380aac0, L_0x7f5f5564f2e8;
L_0x55645381c460 .concat [ 32 1 0 0], L_0x55645381be30, L_0x7f5f5564f330;
L_0x55645381c550 .functor MUXZ 33, L_0x55645381c460, L_0x55645381c250, L_0x55645381c080, C4<>;
L_0x55645381c720 .arith/sum 33, L_0x55645381bfe0, L_0x55645381c550;
L_0x55645381c860 .part v0x5564537fb3f0_0, 31, 1;
L_0x55645381ca60 .cmp/eq 32, v0x5564537fb3f0_0, L_0x7f5f5564f378;
L_0x55645381cb50 .part v0x5564537f8b50_0, 1, 1;
L_0x55645381cc50 .part L_0x55645381c720, 32, 1;
L_0x55645381ce50 .part v0x5564537f8b50_0, 1, 1;
L_0x55645381d050 .part L_0x55645381b470, 31, 1;
L_0x55645381d0f0 .part L_0x55645381be30, 31, 1;
L_0x55645381d2e0 .part v0x5564537f8b50_0, 0, 1;
L_0x55645381d800 .part L_0x55645381b470, 31, 1;
L_0x55645381d930 .part L_0x55645381c720, 31, 1;
L_0x55645381dc50 .concat [ 1 1 1 1], L_0x55645381dae0, L_0x55645381cd40, L_0x55645381ca60, L_0x55645381c860;
S_0x5564537fd690 .scope module, "ext" "extend" 2 523, 2 571 0, S_0x5564537faae0;
 .timescale 0 0;
    .port_info 0 /INPUT 24 "Instr";
    .port_info 1 /INPUT 2 "ImmSrc";
    .port_info 2 /OUTPUT 32 "ExtImm";
v0x5564537fd8d0_0 .var "ExtImm", 31 0;
v0x5564537fd9d0_0 .net "ImmSrc", 1 0, L_0x556453808d10;  alias, 1 drivers
v0x5564537fdae0_0 .net "Instr", 23 0, L_0x55645381bd90;  1 drivers
E_0x5564537a9df0 .event edge, v0x5564537f9040_0, v0x5564537fdae0_0;
S_0x5564537fdc20 .scope module, "pcadd1" "adder" 2 484, 2 588 0, S_0x5564537faae0;
 .timescale 0 0;
    .port_info 0 /INPUT 32 "a";
    .port_info 1 /INPUT 32 "b";
    .port_info 2 /OUTPUT 32 "y";
P_0x5564537fde00 .param/l "WIDTH" 0 2 593, +C4<00000000000000000000000000100000>;
v0x5564537fdef0_0 .net "a", 31 0, v0x5564537ff3e0_0;  alias, 1 drivers
L_0x7f5f5564f060 .functor BUFT 1, C4<00000000000000000000000000000100>, C4<0>, C4<0>, C4<0>;
v0x5564537fdfd0_0 .net "b", 31 0, L_0x7f5f5564f060;  1 drivers
v0x5564537fe0b0_0 .net "y", 31 0, L_0x55645380aa20;  alias, 1 drivers
L_0x55645380aa20 .arith/sum 32, v0x5564537ff3e0_0, L_0x7f5f5564f060;
S_0x5564537fe220 .scope module, "pcadd2" "adder" 2 489, 2 588 0, S_0x5564537faae0;
 .timescale 0 0;
    .port_info 0 /INPUT 32 "a";
    .port_info 1 /INPUT 32 "b";
    .port_info 2 /OUTPUT 32 "y";
P_0x5564537fe400 .param/l "WIDTH" 0 2 593, +C4<00000000000000000000000000100000>;
v0x5564537fe520_0 .net "a", 31 0, L_0x55645380aa20;  alias, 1 drivers
L_0x7f5f5564f0a8 .functor BUFT 1, C4<00000000000000000000000000000100>, C4<0>, C4<0>, C4<0>;
v0x5564537fe630_0 .net "b", 31 0, L_0x7f5f5564f0a8;  1 drivers
v0x5564537fe6f0_0 .net "y", 31 0, L_0x55645381ab40;  alias, 1 drivers
L_0x55645381ab40 .arith/sum 32, L_0x55645380aa20, L_0x7f5f5564f0a8;
S_0x5564537fe860 .scope module, "pcmux" "mux2" 2 472, 2 638 0, S_0x5564537faae0;
 .timescale 0 0;
    .port_info 0 /INPUT 32 "d0";
    .port_info 1 /INPUT 32 "d1";
    .port_info 2 /INPUT 1 "s";
    .port_info 3 /OUTPUT 32 "y";
P_0x5564537fea90 .param/l "WIDTH" 0 2 644, +C4<00000000000000000000000000100000>;
v0x5564537feb60_0 .net "d0", 31 0, L_0x55645380aa20;  alias, 1 drivers
v0x5564537fec70_0 .net "d1", 31 0, L_0x55645381bcf0;  alias, 1 drivers
v0x5564537fed50_0 .net "s", 0 0, L_0x55645380a4a0;  alias, 1 drivers
v0x5564537fee40_0 .net "y", 31 0, L_0x55645380a860;  alias, 1 drivers
L_0x55645380a860 .functor MUXZ 32, L_0x55645380aa20, L_0x55645381bcf0, L_0x55645380a4a0, C4<>;
S_0x5564537fef80 .scope module, "pcreg" "flopr" 2 478, 2 620 0, S_0x5564537faae0;
 .timescale 0 0;
    .port_info 0 /INPUT 1 "clk";
    .port_info 1 /INPUT 1 "reset";
    .port_info 2 /INPUT 32 "d";
    .port_info 3 /OUTPUT 32 "q";
P_0x5564537ff160 .param/l "WIDTH" 0 2 626, +C4<00000000000000000000000000100000>;
v0x5564537ff230_0 .net "clk", 0 0, v0x5564538074f0_0;  alias, 1 drivers
v0x5564537ff2f0_0 .net "d", 31 0, L_0x55645380a860;  alias, 1 drivers
v0x5564537ff3e0_0 .var "q", 31 0;
v0x5564537ff4e0_0 .net "reset", 0 0, v0x556453807590_0;  alias, 1 drivers
S_0x5564537ff680 .scope module, "ra1mux" "mux2" 2 494, 2 638 0, S_0x5564537faae0;
 .timescale 0 0;
    .port_info 0 /INPUT 4 "d0";
    .port_info 1 /INPUT 4 "d1";
    .port_info 2 /INPUT 1 "s";
    .port_info 3 /OUTPUT 4 "y";
P_0x5564537f7e20 .param/l "WIDTH" 0 2 644, +C4<00000000000000000000000000000100>;
v0x5564537ff920_0 .net "d0", 3 0, L_0x55645381ac80;  1 drivers
L_0x7f5f5564f0f0 .functor BUFT 1, C4<1111>, C4<0>, C4<0>, C4<0>;
v0x5564537ffa20_0 .net "d1", 3 0, L_0x7f5f5564f0f0;  1 drivers
v0x5564537ffb00_0 .net "s", 0 0, L_0x55645381ad20;  1 drivers
v0x5564537ffbd0_0 .net "y", 3 0, L_0x55645381abe0;  alias, 1 drivers
L_0x55645381abe0 .functor MUXZ 4, L_0x55645381ac80, L_0x7f5f5564f0f0, L_0x55645381ad20, C4<>;
S_0x5564537ffd60 .scope module, "ra2mux" "mux2" 2 500, 2 638 0, S_0x5564537faae0;
 .timescale 0 0;
    .port_info 0 /INPUT 4 "d0";
    .port_info 1 /INPUT 4 "d1";
    .port_info 2 /INPUT 1 "s";
    .port_info 3 /OUTPUT 4 "y";
P_0x5564537fff40 .param/l "WIDTH" 0 2 644, +C4<00000000000000000000000000000100>;
v0x556453800080_0 .net "d0", 3 0, L_0x55645381ae60;  1 drivers
v0x556453800180_0 .net "d1", 3 0, L_0x55645381af00;  1 drivers
v0x556453800260_0 .net "s", 0 0, L_0x55645381b020;  1 drivers
v0x556453800330_0 .net "y", 3 0, L_0x55645381adc0;  alias, 1 drivers
L_0x55645381adc0 .functor MUXZ 4, L_0x55645381ae60, L_0x55645381af00, L_0x55645381b020, C4<>;
S_0x5564538004c0 .scope module, "resmux" "mux2" 2 517, 2 638 0, S_0x5564537faae0;
 .timescale 0 0;
    .port_info 0 /INPUT 32 "d0";
    .port_info 1 /INPUT 32 "d1";
    .port_info 2 /INPUT 1 "s";
    .port_info 3 /OUTPUT 32 "y";
P_0x5564537fea40 .param/l "WIDTH" 0 2 644, +C4<00000000000000000000000000100000>;
v0x556453800820_0 .net "d0", 31 0, v0x5564537fb3f0_0;  alias, 1 drivers
v0x556453800930_0 .net "d1", 31 0, L_0x55645381e780;  alias, 1 drivers
v0x5564538009f0_0 .net "s", 0 0, L_0x556453808e50;  alias, 1 drivers
v0x556453800b10_0 .net "y", 31 0, L_0x55645381bcf0;  alias, 1 drivers
L_0x55645381bcf0 .functor MUXZ 32, v0x5564537fb3f0_0, L_0x55645381e780, L_0x556453808e50, C4<>;
S_0x556453800c40 .scope module, "rf" "regfile" 2 506, 2 543 0, S_0x5564537faae0;
 .timescale 0 0;
    .port_info 0 /INPUT 1 "clk";
    .port_info 1 /INPUT 1 "we3";
    .port_info 2 /INPUT 4 "ra1";
    .port_info 3 /INPUT 4 "ra2";
    .port_info 4 /INPUT 4 "wa3";
    .port_info 5 /INPUT 32 "wd3";
    .port_info 6 /INPUT 32 "r15";
    .port_info 7 /OUTPUT 32 "rd1";
    .port_info 8 /OUTPUT 32 "rd2";
L_0x7f5f5564f138 .functor BUFT 1, C4<1111>, C4<0>, C4<0>, C4<0>;
v0x556453800f90_0 .net/2u *"_ivl_0", 3 0, L_0x7f5f5564f138;  1 drivers
L_0x7f5f5564f1c8 .functor BUFT 1, C4<1111>, C4<0>, C4<0>, C4<0>;
v0x556453801090_0 .net/2u *"_ivl_12", 3 0, L_0x7f5f5564f1c8;  1 drivers
v0x556453801170_0 .net *"_ivl_14", 0 0, L_0x55645381b670;  1 drivers
v0x556453801210_0 .net *"_ivl_16", 31 0, L_0x55645381b7a0;  1 drivers
v0x5564538012f0_0 .net *"_ivl_18", 5 0, L_0x55645381b880;  1 drivers
v0x556453801420_0 .net *"_ivl_2", 0 0, L_0x55645381b160;  1 drivers
L_0x7f5f5564f210 .functor BUFT 1, C4<00>, C4<0>, C4<0>, C4<0>;
v0x5564538014e0_0 .net *"_ivl_21", 1 0, L_0x7f5f5564f210;  1 drivers
v0x5564538015c0_0 .net *"_ivl_4", 31 0, L_0x55645381b290;  1 drivers
v0x5564538016a0_0 .net *"_ivl_6", 5 0, L_0x55645381b330;  1 drivers
L_0x7f5f5564f180 .functor BUFT 1, C4<00>, C4<0>, C4<0>, C4<0>;
v0x556453801780_0 .net *"_ivl_9", 1 0, L_0x7f5f5564f180;  1 drivers
v0x556453801860_0 .net "clk", 0 0, v0x5564538074f0_0;  alias, 1 drivers
v0x556453801900_0 .net "r15", 31 0, L_0x55645381ab40;  alias, 1 drivers
v0x5564538019c0_0 .net "ra1", 3 0, L_0x55645381abe0;  alias, 1 drivers
v0x556453801a90_0 .net "ra2", 3 0, L_0x55645381adc0;  alias, 1 drivers
v0x556453801b60_0 .net "rd1", 31 0, L_0x55645381b470;  alias, 1 drivers
v0x556453801c30_0 .net "rd2", 31 0, L_0x55645381b970;  alias, 1 drivers
v0x556453801cf0 .array "rf", 0 14, 31 0;
v0x556453801db0_0 .net "wa3", 3 0, L_0x55645381bb00;  1 drivers
v0x556453801e90_0 .net "wd3", 31 0, L_0x55645381bcf0;  alias, 1 drivers
v0x556453801f50_0 .net "we3", 0 0, L_0x55645380a2a0;  alias, 1 drivers
E_0x556453753c30 .event posedge, v0x5564537f6d20_0;
L_0x55645381b160 .cmp/eq 4, L_0x55645381abe0, L_0x7f5f5564f138;
L_0x55645381b290 .array/port v0x556453801cf0, L_0x55645381b330;
L_0x55645381b330 .concat [ 4 2 0 0], L_0x55645381abe0, L_0x7f5f5564f180;
L_0x55645381b470 .functor MUXZ 32, L_0x55645381b290, L_0x55645381ab40, L_0x55645381b160, C4<>;
L_0x55645381b670 .cmp/eq 4, L_0x55645381adc0, L_0x7f5f5564f1c8;
L_0x55645381b7a0 .array/port v0x556453801cf0, L_0x55645381b880;
L_0x55645381b880 .concat [ 4 2 0 0], L_0x55645381adc0, L_0x7f5f5564f210;
L_0x55645381b970 .functor MUXZ 32, L_0x55645381b7a0, L_0x55645381ab40, L_0x55645381b670, C4<>;
S_0x5564538021b0 .scope module, "srcbmux" "mux2" 2 528, 2 638 0, S_0x5564537faae0;
 .timescale 0 0;
    .port_info 0 /INPUT 32 "d0";
    .port_info 1 /INPUT 32 "d1";
    .port_info 2 /INPUT 1 "s";
    .port_info 3 /OUTPUT 32 "y";
P_0x556453802340 .param/l "WIDTH" 0 2 644, +C4<00000000000000000000000000100000>;
v0x556453802450_0 .net "d0", 31 0, L_0x55645381b970;  alias, 1 drivers
v0x556453802560_0 .net "d1", 31 0, v0x5564537fd8d0_0;  alias, 1 drivers
v0x556453802630_0 .net "s", 0 0, L_0x556453808db0;  alias, 1 drivers
v0x556453802750_0 .net "y", 31 0, L_0x55645381be30;  alias, 1 drivers
L_0x55645381be30 .functor MUXZ 32, L_0x55645381b970, v0x5564537fd8d0_0, L_0x556453808db0, C4<>;
S_0x556453805070 .scope module, "dmem" "dmem" 2 118, 2 127 0, S_0x5564537d7690;
 .timescale 0 0;
    .port_info 0 /INPUT 1 "clk";
    .port_info 1 /INPUT 1 "we";
    .port_info 2 /INPUT 32 "a";
    .port_info 3 /INPUT 32 "wd";
    .port_info 4 /OUTPUT 32 "rd";
v0x556453805220 .array "RAM", 0 63, 31 0;
v0x5564538052e0_0 .net *"_ivl_11", 7 0, L_0x55645381e3d0;  1 drivers
v0x5564538053c0_0 .net *"_ivl_12", 31 0, L_0x55645381e4c0;  1 drivers
v0x556453805480_0 .net *"_ivl_15", 7 0, L_0x55645381e690;  1 drivers
v0x556453805560_0 .net *"_ivl_20", 0 0, L_0x55645381e8c0;  1 drivers
L_0x7f5f5564f3c0 .functor BUFT 1, C4<00000000000000000000000000000000>, C4<0>, C4<0>, C4<0>;
v0x556453805640_0 .net/2u *"_ivl_21", 31 0, L_0x7f5f5564f3c0;  1 drivers
v0x556453805720_0 .net *"_ivl_23", 31 0, L_0x55645381e960;  1 drivers
v0x556453805800_0 .net *"_ivl_26", 23 0, L_0x55645381ea60;  1 drivers
v0x5564538058e0_0 .net *"_ivl_27", 31 0, L_0x55645381eb00;  1 drivers
v0x556453805a50_0 .net *"_ivl_3", 0 0, L_0x55645381e0d0;  1 drivers
v0x556453805b30_0 .net *"_ivl_30", 23 0, L_0x55645381ed00;  1 drivers
v0x556453805c10_0 .net *"_ivl_4", 31 0, L_0x55645381e170;  1 drivers
v0x556453805cf0_0 .net *"_ivl_7", 7 0, L_0x55645381e210;  1 drivers
v0x556453805dd0_0 .net *"_ivl_8", 31 0, L_0x55645381e300;  1 drivers
v0x556453805eb0_0 .net "a", 31 0, v0x5564537fb3f0_0;  alias, 1 drivers
v0x556453806000_0 .net "clk", 0 0, v0x5564538074f0_0;  alias, 1 drivers
v0x5564538061b0_0 .net "rd", 31 0, L_0x55645381e780;  alias, 1 drivers
v0x556453806380_0 .net "wd", 31 0, L_0x55645381b970;  alias, 1 drivers
v0x556453806440_0 .net "we", 0 0, L_0x55645380a3a0;  alias, 1 drivers
L_0x55645381e0d0 .part v0x5564537fb3f0_0, 22, 1;
L_0x55645381e170 .array/port v0x556453805220, L_0x55645381e210;
L_0x55645381e210 .part v0x5564537fb3f0_0, 0, 8;
L_0x55645381e300 .array/port v0x556453805220, L_0x55645381e3d0;
L_0x55645381e3d0 .part v0x5564537fb3f0_0, 0, 8;
L_0x55645381e4c0 .functor MUXZ 32, L_0x55645381e300, L_0x55645381e170, L_0x55645381e0d0, C4<>;
L_0x55645381e690 .part L_0x55645381e4c0, 0, 8;
L_0x55645381e780 .concat8 [ 8 24 0 0], L_0x55645381e690, L_0x55645381ed00;
L_0x55645381e8c0 .part v0x5564537fb3f0_0, 22, 1;
L_0x55645381e960 .array/port v0x556453805220, L_0x55645381ea60;
L_0x55645381ea60 .part v0x5564537fb3f0_0, 8, 24;
L_0x55645381eb00 .functor MUXZ 32, L_0x55645381e960, L_0x7f5f5564f3c0, L_0x55645381e8c0, C4<>;
L_0x55645381ed00 .part L_0x55645381eb00, 0, 24;
S_0x556453806580 .scope module, "imem" "imem" 2 114, 2 149 0, S_0x5564537d7690;
 .timescale 0 0;
    .port_info 0 /INPUT 32 "a";
    .port_info 1 /OUTPUT 32 "rd";
L_0x55645381e010 .functor BUFZ 32, L_0x55645381de80, C4<00000000000000000000000000000000>, C4<00000000000000000000000000000000>, C4<00000000000000000000000000000000>;
v0x556453806710 .array "RAM", 0 63, 31 0;
v0x5564538067f0_0 .net *"_ivl_0", 31 0, L_0x55645381de80;  1 drivers
v0x5564538068d0_0 .net *"_ivl_3", 29 0, L_0x55645381df20;  1 drivers
v0x556453806990_0 .net "a", 31 0, v0x5564537ff3e0_0;  alias, 1 drivers
v0x556453806a50_0 .net "rd", 31 0, L_0x55645381e010;  alias, 1 drivers
L_0x55645381de80 .array/port v0x556453806710, L_0x55645381df20;
L_0x55645381df20 .part v0x5564537ff3e0_0, 2, 30;
S_0x5564537c90b0 .scope module, "whichbyte" "whichbyte" 2 77;
 .timescale 0 0;
    .port_info 0 /INPUT 2 "offset";
    .port_info 1 /INPUT 32 "data";
    .port_info 2 /OUTPUT 32 "dataout";
v0x556453807740_0 .net *"_ivl_11", 7 0, L_0x55645381f070;  1 drivers
v0x556453807820_0 .net *"_ivl_12", 31 0, L_0x55645381f110;  1 drivers
L_0x7f5f5564f498 .functor BUFT 1, C4<000000000000000000000000000000>, C4<0>, C4<0>, C4<0>;
v0x556453807900_0 .net *"_ivl_15", 29 0, L_0x7f5f5564f498;  1 drivers
L_0x7f5f5564f4e0 .functor BUFT 1, C4<00000000000000000000000000000001>, C4<0>, C4<0>, C4<0>;
v0x5564538079c0_0 .net/2u *"_ivl_16", 31 0, L_0x7f5f5564f4e0;  1 drivers
v0x556453807aa0_0 .net *"_ivl_18", 0 0, L_0x55645381f360;  1 drivers
v0x556453807b60_0 .net *"_ivl_2", 31 0, L_0x55645381ee40;  1 drivers
v0x556453807c40_0 .net *"_ivl_21", 7 0, L_0x55645381f4a0;  1 drivers
v0x556453807d20_0 .net *"_ivl_22", 31 0, L_0x55645381f5d0;  1 drivers
L_0x7f5f5564f528 .functor BUFT 1, C4<000000000000000000000000000000>, C4<0>, C4<0>, C4<0>;
v0x556453807e00_0 .net *"_ivl_25", 29 0, L_0x7f5f5564f528;  1 drivers
L_0x7f5f5564f570 .functor BUFT 1, C4<00000000000000000000000000000010>, C4<0>, C4<0>, C4<0>;
v0x556453807ee0_0 .net/2u *"_ivl_26", 31 0, L_0x7f5f5564f570;  1 drivers
v0x556453807fc0_0 .net *"_ivl_28", 0 0, L_0x55645381f6c0;  1 drivers
v0x556453808080_0 .net *"_ivl_31", 7 0, L_0x55645381f850;  1 drivers
v0x556453808160_0 .net *"_ivl_33", 7 0, L_0x55645381f8f0;  1 drivers
v0x556453808240_0 .net *"_ivl_34", 7 0, L_0x55645381f9f0;  1 drivers
v0x556453808320_0 .net *"_ivl_36", 7 0, L_0x55645381fae0;  1 drivers
v0x556453808400_0 .net *"_ivl_38", 7 0, L_0x55645381fce0;  1 drivers
L_0x7f5f5564f5b8 .functor BUFT 1, C4<000000000000000000000000>, C4<0>, C4<0>, C4<0>;
v0x5564538084e0_0 .net/2s *"_ivl_43", 23 0, L_0x7f5f5564f5b8;  1 drivers
L_0x7f5f5564f408 .functor BUFT 1, C4<000000000000000000000000000000>, C4<0>, C4<0>, C4<0>;
v0x5564538086d0_0 .net *"_ivl_5", 29 0, L_0x7f5f5564f408;  1 drivers
L_0x7f5f5564f450 .functor BUFT 1, C4<00000000000000000000000000000000>, C4<0>, C4<0>, C4<0>;
v0x5564538087b0_0 .net/2u *"_ivl_6", 31 0, L_0x7f5f5564f450;  1 drivers
v0x556453808890_0 .net *"_ivl_8", 0 0, L_0x55645381ef30;  1 drivers
o0x7f5f5569b378 .functor BUFZ 32, C4<zzzzzzzzzzzzzzzzzzzzzzzzzzzzzzzz>; HiZ drive
v0x556453808950_0 .net "data", 31 0, o0x7f5f5569b378;  0 drivers
v0x556453808a30_0 .net "dataout", 31 0, L_0x55645381fe70;  1 drivers
o0x7f5f5569b3d8 .functor BUFZ 2, C4<zz>; HiZ drive
v0x556453808b10_0 .net "offset", 1 0, o0x7f5f5569b3d8;  0 drivers
L_0x55645381ee40 .concat [ 2 30 0 0], o0x7f5f5569b3d8, L_0x7f5f5564f408;
L_0x55645381ef30 .cmp/eq 32, L_0x55645381ee40, L_0x7f5f5564f450;
L_0x55645381f070 .part o0x7f5f5569b378, 0, 8;
L_0x55645381f110 .concat [ 2 30 0 0], o0x7f5f5569b3d8, L_0x7f5f5564f498;
L_0x55645381f360 .cmp/eq 32, L_0x55645381f110, L_0x7f5f5564f4e0;
L_0x55645381f4a0 .part o0x7f5f5569b378, 8, 8;
L_0x55645381f5d0 .concat [ 2 30 0 0], o0x7f5f5569b3d8, L_0x7f5f5564f528;
L_0x55645381f6c0 .cmp/eq 32, L_0x55645381f5d0, L_0x7f5f5564f570;
L_0x55645381f850 .part o0x7f5f5569b378, 16, 8;
L_0x55645381f8f0 .part o0x7f5f5569b378, 24, 8;
L_0x55645381f9f0 .functor MUXZ 8, L_0x55645381f8f0, L_0x55645381f850, L_0x55645381f6c0, C4<>;
L_0x55645381fae0 .functor MUXZ 8, L_0x55645381f9f0, L_0x55645381f4a0, L_0x55645381f360, C4<>;
L_0x55645381fce0 .functor MUXZ 8, L_0x55645381fae0, L_0x55645381f070, L_0x55645381ef30, C4<>;
L_0x55645381fe70 .concat8 [ 8 24 0 0], L_0x55645381fce0, L_0x7f5f5564f5b8;
    .scope S_0x5564537f87e0;
T_0 ;
    %wait E_0x5564537c7240;
    %load/vec4 v0x5564537f92f0_0;
    %dup/vec4;
    %pushi/vec4 0, 0, 2;
    %cmp/x;
    %jmp/1 T_0.0, 4;
    %dup/vec4;
    %pushi/vec4 1, 0, 2;
    %cmp/x;
    %jmp/1 T_0.1, 4;
    %dup/vec4;
    %pushi/vec4 2, 0, 2;
    %cmp/x;
    %jmp/1 T_0.2, 4;
    %pushi/vec4 1023, 1023, 10;
    %store/vec4 v0x5564537f9b60_0, 0, 10;
    %jmp T_0.4;
T_0.0 ;
    %load/vec4 v0x5564537f8f80_0;
    %parti/s 1, 5, 4;
    %flag_set/vec4 8;
    %jmp/0xz  T_0.5, 8;
    %pushi/vec4 41, 0, 10;
    %store/vec4 v0x5564537f9b60_0, 0, 10;
    %jmp T_0.6;
T_0.5 ;
    %pushi/vec4 9, 0, 10;
    %store/vec4 v0x5564537f9b60_0, 0, 10;
T_0.6 ;
    %jmp T_0.4;
T_0.1 ;
    %load/vec4 v0x5564537f8f80_0;
    %parti/s 1, 0, 2;
    %flag_set/vec4 8;
    %jmp/0xz  T_0.7, 8;
    %pushi/vec4 120, 0, 10;
    %store/vec4 v0x5564537f9b60_0, 0, 10;
    %jmp T_0.8;
T_0.7 ;
    %pushi/vec4 628, 0, 10;
    %store/vec4 v0x5564537f9b60_0, 0, 10;
T_0.8 ;
    %jmp T_0.4;
T_0.2 ;
    %pushi/vec4 418, 0, 10;
    %store/vec4 v0x5564537f9b60_0, 0, 10;
    %jmp T_0.4;
T_0.4 ;
    %pop/vec4 1;
    %jmp T_0;
    .thread T_0, $push;
    .scope S_0x5564537f87e0;
T_1 ;
    %wait E_0x5564537c6460;
    %load/vec4 v0x5564537f8c50_0;
    %flag_set/vec4 8;
    %jmp/0xz  T_1.0, 8;
    %load/vec4 v0x5564537f8f80_0;
    %parti/s 4, 1, 2;
    %dup/vec4;
    %pushi/vec4 4, 0, 4;
    %cmp/u;
    %jmp/1 T_1.2, 6;
    %dup/vec4;
    %pushi/vec4 2, 0, 4;
    %cmp/u;
    %jmp/1 T_1.3, 6;
    %dup/vec4;
    %pushi/vec4 0, 0, 4;
    %cmp/u;
    %jmp/1 T_1.4, 6;
    %dup/vec4;
    %pushi/vec4 12, 0, 4;
    %cmp/u;
    %jmp/1 T_1.5, 6;
    %dup/vec4;
    %pushi/vec4 1, 0, 4;
    %cmp/u;
    %jmp/1 T_1.6, 6;
    %pushi/vec4 7, 7, 3;
    %store/vec4 v0x5564537f8b50_0, 0, 3;
    %jmp T_1.8;
T_1.2 ;
    %pushi/vec4 0, 0, 3;
    %store/vec4 v0x5564537f8b50_0, 0, 3;
    %jmp T_1.8;
T_1.3 ;
    %pushi/vec4 1, 0, 3;
    %store/vec4 v0x5564537f8b50_0, 0, 3;
    %jmp T_1.8;
T_1.4 ;
    %pushi/vec4 2, 0, 3;
    %store/vec4 v0x5564537f8b50_0, 0, 3;
    %jmp T_1.8;
T_1.5 ;
    %pushi/vec4 3, 0, 3;
    %store/vec4 v0x5564537f8b50_0, 0, 3;
    %jmp T_1.8;
T_1.6 ;
    %pushi/vec4 4, 0, 3;
    %store/vec4 v0x5564537f8b50_0, 0, 3;
    %jmp T_1.8;
T_1.8 ;
    %pop/vec4 1;
    %load/vec4 v0x5564537f8f80_0;
    %parti/s 1, 0, 2;
    %ix/load 4, 1, 0;
    %flag_set/imm 4, 0;
    %store/vec4 v0x5564537f8e70_0, 4, 1;
    %load/vec4 v0x5564537f8f80_0;
    %parti/s 1, 0, 2;
    %load/vec4 v0x5564537f8b50_0;
    %pushi/vec4 0, 0, 3;
    %cmp/e;
    %flag_get/vec4 4;
    %load/vec4 v0x5564537f8b50_0;
    %pushi/vec4 1, 0, 3;
    %cmp/e;
    %flag_get/vec4 4;
    %or;
    %and;
    %ix/load 4, 0, 0;
    %flag_set/imm 4, 0;
    %store/vec4 v0x5564537f8e70_0, 4, 1;
    %jmp T_1.1;
T_1.0 ;
    %pushi/vec4 0, 0, 3;
    %store/vec4 v0x5564537f8b50_0, 0, 3;
    %pushi/vec4 0, 0, 2;
    %store/vec4 v0x5564537f8e70_0, 0, 2;
T_1.1 ;
    %jmp T_1;
    .thread T_1, $push;
    .scope S_0x5564537f7210;
T_2 ;
    %wait E_0x5564537bdae0;
    %load/vec4 v0x5564537f7880_0;
    %flag_set/vec4 8;
    %jmp/0xz  T_2.0, 8;
    %pushi/vec4 0, 0, 2;
    %assign/vec4 v0x5564537f77a0_0, 0;
    %jmp T_2.1;
T_2.0 ;
    %load/vec4 v0x5564537f76d0_0;
    %flag_set/vec4 8;
    %jmp/0xz  T_2.2, 8;
    %load/vec4 v0x5564537f7610_0;
    %assign/vec4 v0x5564537f77a0_0, 0;
T_2.2 ;
T_2.1 ;
    %jmp T_2;
    .thread T_2;
    .scope S_0x5564537f6ad0;
T_3 ;
    %wait E_0x5564537bdae0;
    %load/vec4 v0x5564537f7060_0;
    %flag_set/vec4 8;
    %jmp/0xz  T_3.0, 8;
    %pushi/vec4 0, 0, 2;
    %assign/vec4 v0x5564537f6f80_0, 0;
    %jmp T_3.1;
T_3.0 ;
    %load/vec4 v0x5564537f6ee0_0;
    %flag_set/vec4 8;
    %jmp/0xz  T_3.2, 8;
    %load/vec4 v0x5564537f6e00_0;
    %assign/vec4 v0x5564537f6f80_0, 0;
T_3.2 ;
T_3.1 ;
    %jmp T_3;
    .thread T_3;
    .scope S_0x5564537d3970;
T_4 ;
    %wait E_0x5564537a9530;
    %load/vec4 v0x5564537dd430_0;
    %dup/vec4;
    %pushi/vec4 0, 0, 4;
    %cmp/u;
    %jmp/1 T_4.0, 6;
    %dup/vec4;
    %pushi/vec4 1, 0, 4;
    %cmp/u;
    %jmp/1 T_4.1, 6;
    %dup/vec4;
    %pushi/vec4 2, 0, 4;
    %cmp/u;
    %jmp/1 T_4.2, 6;
    %dup/vec4;
    %pushi/vec4 3, 0, 4;
    %cmp/u;
    %jmp/1 T_4.3, 6;
    %dup/vec4;
    %pushi/vec4 4, 0, 4;
    %cmp/u;
    %jmp/1 T_4.4, 6;
    %dup/vec4;
    %pushi/vec4 5, 0, 4;
    %cmp/u;
    %jmp/1 T_4.5, 6;
    %dup/vec4;
    %pushi/vec4 6, 0, 4;
    %cmp/u;
    %jmp/1 T_4.6, 6;
    %dup/vec4;
    %pushi/vec4 7, 0, 4;
    %cmp/u;
    %jmp/1 T_4.7, 6;
    %dup/vec4;
    %pushi/vec4 8, 0, 4;
    %cmp/u;
    %jmp/1 T_4.8, 6;
    %dup/vec4;
    %pushi/vec4 9, 0, 4;
    %cmp/u;
    %jmp/1 T_4.9, 6;
    %dup/vec4;
    %pushi/vec4 10, 0, 4;
    %cmp/u;
    %jmp/1 T_4.10, 6;
    %dup/vec4;
    %pushi/vec4 11, 0, 4;
    %cmp/u;
    %jmp/1 T_4.11, 6;
    %dup/vec4;
    %pushi/vec4 12, 0, 4;
    %cmp/u;
    %jmp/1 T_4.12, 6;
    %dup/vec4;
    %pushi/vec4 13, 0, 4;
    %cmp/u;
    %jmp/1 T_4.13, 6;
    %dup/vec4;
    %pushi/vec4 14, 0, 4;
    %cmp/u;
    %jmp/1 T_4.14, 6;
    %pushi/vec4 1, 1, 1;
    %store/vec4 v0x5564537c6190_0, 0, 1;
    %jmp T_4.16;
T_4.0 ;
    %load/vec4 v0x5564537f6990_0;
    %store/vec4 v0x5564537c6190_0, 0, 1;
    %jmp T_4.16;
T_4.1 ;
    %load/vec4 v0x5564537f6990_0;
    %inv;
    %store/vec4 v0x5564537c6190_0, 0, 1;
    %jmp T_4.16;
T_4.2 ;
    %load/vec4 v0x5564537beea0_0;
    %store/vec4 v0x5564537c6190_0, 0, 1;
    %jmp T_4.16;
T_4.3 ;
    %load/vec4 v0x5564537beea0_0;
    %inv;
    %store/vec4 v0x5564537c6190_0, 0, 1;
    %jmp T_4.16;
T_4.4 ;
    %load/vec4 v0x5564537f6810_0;
    %store/vec4 v0x5564537c6190_0, 0, 1;
    %jmp T_4.16;
T_4.5 ;
    %load/vec4 v0x5564537f6810_0;
    %inv;
    %store/vec4 v0x5564537c6190_0, 0, 1;
    %jmp T_4.16;
T_4.6 ;
    %load/vec4 v0x5564537f68d0_0;
    %store/vec4 v0x5564537c6190_0, 0, 1;
    %jmp T_4.16;
T_4.7 ;
    %load/vec4 v0x5564537f68d0_0;
    %inv;
    %store/vec4 v0x5564537c6190_0, 0, 1;
    %jmp T_4.16;
T_4.8 ;
    %load/vec4 v0x5564537beea0_0;
    %load/vec4 v0x5564537f6990_0;
    %inv;
    %and;
    %store/vec4 v0x5564537c6190_0, 0, 1;
    %jmp T_4.16;
T_4.9 ;
    %load/vec4 v0x5564537beea0_0;
    %load/vec4 v0x5564537f6990_0;
    %inv;
    %and;
    %inv;
    %store/vec4 v0x5564537c6190_0, 0, 1;
    %jmp T_4.16;
T_4.10 ;
    %load/vec4 v0x5564537df570_0;
    %store/vec4 v0x5564537c6190_0, 0, 1;
    %jmp T_4.16;
T_4.11 ;
    %load/vec4 v0x5564537df570_0;
    %inv;
    %store/vec4 v0x5564537c6190_0, 0, 1;
    %jmp T_4.16;
T_4.12 ;
    %load/vec4 v0x5564537f6990_0;
    %inv;
    %load/vec4 v0x5564537df570_0;
    %and;
    %store/vec4 v0x5564537c6190_0, 0, 1;
    %jmp T_4.16;
T_4.13 ;
    %load/vec4 v0x5564537f6990_0;
    %inv;
    %load/vec4 v0x5564537df570_0;
    %and;
    %inv;
    %store/vec4 v0x5564537c6190_0, 0, 1;
    %jmp T_4.16;
T_4.14 ;
    %pushi/vec4 1, 0, 1;
    %store/vec4 v0x5564537c6190_0, 0, 1;
    %jmp T_4.16;
T_4.16 ;
    %pop/vec4 1;
    %jmp T_4;
    .thread T_4, $push;
    .scope S_0x5564537fef80;
T_5 ;
    %wait E_0x5564537bdae0;
    %load/vec4 v0x5564537ff4e0_0;
    %flag_set/vec4 8;
    %jmp/0xz  T_5.0, 8;
    %pushi/vec4 0, 0, 32;
    %assign/vec4 v0x5564537ff3e0_0, 0;
    %jmp T_5.1;
T_5.0 ;
    %load/vec4 v0x5564537ff2f0_0;
    %assign/vec4 v0x5564537ff3e0_0, 0;
T_5.1 ;
    %jmp T_5;
    .thread T_5;
    .scope S_0x556453800c40;
T_6 ;
    %wait E_0x556453753c30;
    %load/vec4 v0x556453801f50_0;
    %flag_set/vec4 8;
    %jmp/0xz  T_6.0, 8;
    %load/vec4 v0x556453801e90_0;
    %load/vec4 v0x556453801db0_0;
    %pad/u 6;
    %ix/vec4 3;
    %ix/load 4, 0, 0; Constant delay
    %assign/vec4/a/d v0x556453801cf0, 0, 4;
T_6.0 ;
    %jmp T_6;
    .thread T_6;
    .scope S_0x5564537fd690;
T_7 ;
    %wait E_0x5564537a9df0;
    %load/vec4 v0x5564537fd9d0_0;
    %dup/vec4;
    %pushi/vec4 0, 0, 2;
    %cmp/u;
    %jmp/1 T_7.0, 6;
    %dup/vec4;
    %pushi/vec4 1, 0, 2;
    %cmp/u;
    %jmp/1 T_7.1, 6;
    %dup/vec4;
    %pushi/vec4 2, 0, 2;
    %cmp/u;
    %jmp/1 T_7.2, 6;
    %pushi/vec4 4294967295, 4294967295, 32;
    %store/vec4 v0x5564537fd8d0_0, 0, 32;
    %jmp T_7.4;
T_7.0 ;
    %pushi/vec4 0, 0, 24;
    %load/vec4 v0x5564537fdae0_0;
    %parti/s 8, 0, 2;
    %concat/vec4; draw_concat_vec4
    %store/vec4 v0x5564537fd8d0_0, 0, 32;
    %jmp T_7.4;
T_7.1 ;
    %pushi/vec4 0, 0, 20;
    %load/vec4 v0x5564537fdae0_0;
    %parti/s 12, 0, 2;
    %concat/vec4; draw_concat_vec4
    %store/vec4 v0x5564537fd8d0_0, 0, 32;
    %jmp T_7.4;
T_7.2 ;
    %load/vec4 v0x5564537fdae0_0;
    %parti/s 1, 23, 6;
    %replicate 6;
    %load/vec4 v0x5564537fdae0_0;
    %concat/vec4; draw_concat_vec4
    %concati/vec4 0, 0, 2;
    %store/vec4 v0x5564537fd8d0_0, 0, 32;
    %jmp T_7.4;
T_7.4 ;
    %pop/vec4 1;
    %jmp T_7;
    .thread T_7, $push;
    .scope S_0x5564537faed0;
T_8 ;
    %wait E_0x5564537a9990;
    %load/vec4 v0x5564537fb1b0_0;
    %dup/vec4;
    %pushi/vec4 0, 0, 3;
    %cmp/u;
    %jmp/1 T_8.0, 6;
    %dup/vec4;
    %pushi/vec4 1, 0, 3;
    %cmp/u;
    %jmp/1 T_8.1, 6;
    %dup/vec4;
    %pushi/vec4 2, 0, 3;
    %cmp/u;
    %jmp/1 T_8.2, 6;
    %dup/vec4;
    %pushi/vec4 3, 0, 3;
    %cmp/u;
    %jmp/1 T_8.3, 6;
    %dup/vec4;
    %pushi/vec4 4, 0, 3;
    %cmp/u;
    %jmp/1 T_8.4, 6;
    %jmp T_8.5;
T_8.0 ;
    %load/vec4 v0x5564537fd450_0;
    %pad/u 32;
    %store/vec4 v0x5564537fb3f0_0, 0, 32;
    %jmp T_8.5;
T_8.1 ;
    %load/vec4 v0x5564537fd450_0;
    %pad/u 32;
    %store/vec4 v0x5564537fb3f0_0, 0, 32;
    %jmp T_8.5;
T_8.2 ;
    %load/vec4 v0x5564537fb4b0_0;
    %load/vec4 v0x5564537fb590_0;
    %and;
    %store/vec4 v0x5564537fb3f0_0, 0, 32;
    %jmp T_8.5;
T_8.3 ;
    %load/vec4 v0x5564537fb4b0_0;
    %load/vec4 v0x5564537fb590_0;
    %or;
    %store/vec4 v0x5564537fb3f0_0, 0, 32;
    %jmp T_8.5;
T_8.4 ;
    %load/vec4 v0x5564537fb4b0_0;
    %load/vec4 v0x5564537fb590_0;
    %xor;
    %store/vec4 v0x5564537fb3f0_0, 0, 32;
    %jmp T_8.5;
T_8.5 ;
    %pop/vec4 1;
    %jmp T_8;
    .thread T_8, $push;
    .scope S_0x556453806580;
T_9 ;
    %vpi_call 2 156 "$readmemh", "memfile2.dat", v0x556453806710 {0 0 0};
    %end;
    .thread T_9;
    .scope S_0x556453805070;
T_10 ;
    %wait E_0x556453753c30;
    %load/vec4 v0x556453806440_0;
    %flag_set/vec4 8;
    %jmp/0xz  T_10.0, 8;
    %load/vec4 v0x556453806380_0;
    %load/vec4 v0x556453805eb0_0;
    %parti/s 30, 2, 3;
    %ix/vec4 3;
    %ix/load 4, 0, 0; Constant delay
    %assign/vec4/a/d v0x556453805220, 0, 4;
T_10.0 ;
    %jmp T_10;
    .thread T_10;
    .scope S_0x5564537d9380;
T_11 ;
    %pushi/vec4 1, 0, 1;
    %assign/vec4 v0x556453807590_0, 0;
    %delay 22, 0;
    %pushi/vec4 0, 0, 1;
    %assign/vec4 v0x556453807590_0, 0;
    %end;
    .thread T_11;
    .scope S_0x5564537d9380;
T_12 ;
    %pushi/vec4 1, 0, 1;
    %assign/vec4 v0x5564538074f0_0, 0;
    %delay 5, 0;
    %pushi/vec4 0, 0, 1;
    %assign/vec4 v0x5564538074f0_0, 0;
    %delay 5, 0;
    %jmp T_12;
    .thread T_12;
    .scope S_0x5564537d9380;
T_13 ;
    %wait E_0x5564537a90b0;
    %load/vec4 v0x556453807390_0;
    %flag_set/vec4 8;
    %jmp/0xz  T_13.0, 8;
    %load/vec4 v0x5564538072b0_0;
    %pushi/vec4 100, 0, 32;
    %cmp/e;
    %flag_get/vec4 6;
    %load/vec4 v0x556453807450_0;
    %pushi/vec4 7, 0, 32;
    %cmp/e;
    %flag_get/vec4 6;
    %and;
    %flag_set/vec4 8;
    %jmp/0xz  T_13.2, 8;
    %vpi_call 2 64 "$display", "Simulation succeeded123" {0 0 0};
    %vpi_call 2 65 "$stop" {0 0 0};
    %jmp T_13.3;
T_13.2 ;
    %load/vec4 v0x5564538072b0_0;
    %cmpi/ne 96, 0, 32;
    %jmp/0xz  T_13.4, 6;
    %vpi_call 2 68 "$display", "Simulation failed" {0 0 0};
    %vpi_call 2 69 "$stop" {0 0 0};
T_13.4 ;
T_13.3 ;
T_13.0 ;
    %jmp T_13;
    .thread T_13;
    .scope S_0x5564537d9380;
T_14 ;
    %vpi_call 2 72 "$dumpfile", "waveform.vcd" {0 0 0};
    %vpi_call 2 73 "$dumpvars" {0 0 0};
    %end;
    .thread T_14;
# The file index is used to find the file name in the following table.
:file_names 3;
    "N/A";
    "<interactive>";
    "monolito.v";
