#! /usr/bin/vvp
:ivl_version "11.0 (stable)";
:ivl_delay_selection "TYPICAL";
:vpi_time_precision + 0;
:vpi_module "/usr/lib/x86_64-linux-gnu/ivl/system.vpi";
:vpi_module "/usr/lib/x86_64-linux-gnu/ivl/vhdl_sys.vpi";
:vpi_module "/usr/lib/x86_64-linux-gnu/ivl/vhdl_textio.vpi";
:vpi_module "/usr/lib/x86_64-linux-gnu/ivl/v2005_math.vpi";
:vpi_module "/usr/lib/x86_64-linux-gnu/ivl/va_math.vpi";
S_0x564a43bbf1a0 .scope module, "testbench" "testbench" 2 33;
 .timescale 0 0;
v0x564a43be19d0_0 .net "DataAdr", 31 0, v0x564a43bd65c0_0;  1 drivers
v0x564a43be1ab0_0 .net "MemWrite", 0 0, L_0x564a43be35e0;  1 drivers
v0x564a43be1b70_0 .net "WriteData", 31 0, L_0x564a43bf4bb0;  1 drivers
v0x564a43be1c10_0 .var "clk", 0 0;
v0x564a43be1cb0_0 .var "reset", 0 0;
E_0x564a43b8cfa0 .event negedge, v0x564a43bd2170_0;
S_0x564a43babf60 .scope module, "dut" "top" 2 39, 2 76 0, S_0x564a43bbf1a0;
 .timescale 0 0;
    .port_info 0 /INPUT 1 "clk";
    .port_info 1 /INPUT 1 "reset";
    .port_info 2 /OUTPUT 32 "WriteData";
    .port_info 3 /OUTPUT 32 "DataAdr";
    .port_info 4 /OUTPUT 1 "MemWrite";
v0x564a43be1290_0 .net "DataAdr", 31 0, v0x564a43bd65c0_0;  alias, 1 drivers
v0x564a43be1350_0 .net "Instr", 31 0, L_0x564a43bf7250;  1 drivers
v0x564a43be1410_0 .net "MemWrite", 0 0, L_0x564a43be35e0;  alias, 1 drivers
v0x564a43be1540_0 .net "PC", 31 0, v0x564a43bda5b0_0;  1 drivers
v0x564a43be15e0_0 .net "ReadData", 31 0, L_0x564a43bf74a0;  1 drivers
v0x564a43be1730_0 .net "WriteData", 31 0, L_0x564a43bf4bb0;  alias, 1 drivers
v0x564a43be17f0_0 .net "clk", 0 0, v0x564a43be1c10_0;  1 drivers
v0x564a43be1890_0 .net "reset", 0 0, v0x564a43be1cb0_0;  1 drivers
S_0x564a43bba540 .scope module, "arm" "arm" 2 91, 2 144 0, S_0x564a43babf60;
 .timescale 0 0;
    .port_info 0 /INPUT 1 "clk";
    .port_info 1 /INPUT 1 "reset";
    .port_info 2 /OUTPUT 32 "PC";
    .port_info 3 /INPUT 32 "Instr";
    .port_info 4 /OUTPUT 1 "MemWrite";
    .port_info 5 /OUTPUT 32 "ALUResult";
    .port_info 6 /OUTPUT 32 "WriteData";
    .port_info 7 /INPUT 32 "ReadData";
v0x564a43bdf250_0 .net "ALUControl", 1 0, v0x564a43bd3fa0_0;  1 drivers
v0x564a43bdf330_0 .net "ALUFlags", 3 0, L_0x564a43bf6e90;  1 drivers
v0x564a43bdf480_0 .net "ALUResult", 31 0, v0x564a43bd65c0_0;  alias, 1 drivers
v0x564a43bdf520_0 .net "ALUSrc", 0 0, L_0x564a43be1fa0;  1 drivers
v0x564a43bdf650_0 .net "ImmSrc", 1 0, L_0x564a43be1f00;  1 drivers
v0x564a43bdf7a0_0 .net "Instr", 31 0, L_0x564a43bf7250;  alias, 1 drivers
v0x564a43bdf860_0 .net "MemWrite", 0 0, L_0x564a43be35e0;  alias, 1 drivers
v0x564a43bdf900_0 .net "MemtoReg", 0 0, L_0x564a43be2040;  1 drivers
v0x564a43bdfa30_0 .net "PC", 31 0, v0x564a43bda5b0_0;  alias, 1 drivers
v0x564a43bdfb60_0 .net "PCSrc", 0 0, L_0x564a43be36e0;  1 drivers
v0x564a43bdfc90_0 .net "ReadData", 31 0, L_0x564a43bf74a0;  alias, 1 drivers
v0x564a43bdfd50_0 .net "RegSrc", 1 0, L_0x564a43be1e60;  1 drivers
v0x564a43bdfe10_0 .net "RegWrite", 0 0, L_0x564a43be34e0;  1 drivers
v0x564a43bdff40_0 .net "WriteData", 31 0, L_0x564a43bf4bb0;  alias, 1 drivers
v0x564a43be0000_0 .net "clk", 0 0, v0x564a43be1c10_0;  alias, 1 drivers
v0x564a43be00a0_0 .net "reset", 0 0, v0x564a43be1cb0_0;  alias, 1 drivers
L_0x564a43be3970 .part L_0x564a43bf7250, 12, 20;
S_0x564a43baef10 .scope module, "c" "controller" 2 170, 2 203 0, S_0x564a43bba540;
 .timescale 0 0;
    .port_info 0 /INPUT 1 "clk";
    .port_info 1 /INPUT 1 "reset";
    .port_info 2 /INPUT 20 "Instr";
    .port_info 3 /INPUT 4 "ALUFlags";
    .port_info 4 /OUTPUT 2 "RegSrc";
    .port_info 5 /OUTPUT 1 "RegWrite";
    .port_info 6 /OUTPUT 2 "ImmSrc";
    .port_info 7 /OUTPUT 1 "ALUSrc";
    .port_info 8 /OUTPUT 2 "ALUControl";
    .port_info 9 /OUTPUT 1 "MemWrite";
    .port_info 10 /OUTPUT 1 "MemtoReg";
    .port_info 11 /OUTPUT 1 "PCSrc";
v0x564a43bd5100_0 .net "ALUControl", 1 0, v0x564a43bd3fa0_0;  alias, 1 drivers
v0x564a43bd5210_0 .net "ALUFlags", 3 0, L_0x564a43bf6e90;  alias, 1 drivers
v0x564a43bd52e0_0 .net "ALUSrc", 0 0, L_0x564a43be1fa0;  alias, 1 drivers
v0x564a43bd53e0_0 .net "FlagW", 1 0, v0x564a43bd42c0_0;  1 drivers
v0x564a43bd5480_0 .net "ImmSrc", 1 0, L_0x564a43be1f00;  alias, 1 drivers
v0x564a43bd5570_0 .net "Instr", 31 12, L_0x564a43be3970;  1 drivers
v0x564a43bd5610_0 .net "MemW", 0 0, L_0x564a43be2210;  1 drivers
v0x564a43bd5700_0 .net "MemWrite", 0 0, L_0x564a43be35e0;  alias, 1 drivers
v0x564a43bd57a0_0 .net "MemtoReg", 0 0, L_0x564a43be2040;  alias, 1 drivers
v0x564a43bd5840_0 .net "PCS", 0 0, L_0x564a43be2710;  1 drivers
v0x564a43bd58e0_0 .net "PCSrc", 0 0, L_0x564a43be36e0;  alias, 1 drivers
v0x564a43bd5980_0 .net "RegSrc", 1 0, L_0x564a43be1e60;  alias, 1 drivers
v0x564a43bd5a50_0 .net "RegW", 0 0, L_0x564a43be2170;  1 drivers
v0x564a43bd5b40_0 .net "RegWrite", 0 0, L_0x564a43be34e0;  alias, 1 drivers
v0x564a43bd5be0_0 .net "clk", 0 0, v0x564a43be1c10_0;  alias, 1 drivers
v0x564a43bd5c80_0 .net "reset", 0 0, v0x564a43be1cb0_0;  alias, 1 drivers
L_0x564a43be2780 .part L_0x564a43be3970, 14, 2;
L_0x564a43be2820 .part L_0x564a43be3970, 8, 6;
L_0x564a43be28c0 .part L_0x564a43be3970, 0, 4;
L_0x564a43be3810 .part L_0x564a43be3970, 16, 4;
S_0x564a43bad7f0 .scope module, "cl" "condlogic" 2 247, 2 326 0, S_0x564a43baef10;
 .timescale 0 0;
    .port_info 0 /INPUT 1 "clk";
    .port_info 1 /INPUT 1 "reset";
    .port_info 2 /INPUT 4 "Cond";
    .port_info 3 /INPUT 4 "ALUFlags";
    .port_info 4 /INPUT 2 "FlagW";
    .port_info 5 /INPUT 1 "PCS";
    .port_info 6 /INPUT 1 "RegW";
    .port_info 7 /INPUT 1 "MemW";
    .port_info 8 /OUTPUT 1 "PCSrc";
    .port_info 9 /OUTPUT 1 "RegWrite";
    .port_info 10 /OUTPUT 1 "MemWrite";
L_0x564a43be3420 .functor AND 2, v0x564a43bd42c0_0, L_0x564a43be32f0, C4<11>, C4<11>;
L_0x564a43be34e0 .functor AND 1, L_0x564a43be2170, v0x564a43ba9040_0, C4<1>, C4<1>;
L_0x564a43be35e0 .functor AND 1, L_0x564a43be2210, v0x564a43ba9040_0, C4<1>, C4<1>;
L_0x564a43be36e0 .functor AND 1, L_0x564a43be2710, v0x564a43ba9040_0, C4<1>, C4<1>;
v0x564a43bd2e70_0 .net "ALUFlags", 3 0, L_0x564a43bf6e90;  alias, 1 drivers
v0x564a43bd2f70_0 .net "Cond", 3 0, L_0x564a43be3810;  1 drivers
v0x564a43bd3030_0 .net "CondEx", 0 0, v0x564a43ba9040_0;  1 drivers
v0x564a43bd3130_0 .net "FlagW", 1 0, v0x564a43bd42c0_0;  alias, 1 drivers
v0x564a43bd31d0_0 .net "FlagWrite", 1 0, L_0x564a43be3420;  1 drivers
v0x564a43bd32e0_0 .net "Flags", 3 0, L_0x564a43be2cb0;  1 drivers
v0x564a43bd33a0_0 .net "MemW", 0 0, L_0x564a43be2210;  alias, 1 drivers
v0x564a43bd3440_0 .net "MemWrite", 0 0, L_0x564a43be35e0;  alias, 1 drivers
v0x564a43bd3500_0 .net "PCS", 0 0, L_0x564a43be2710;  alias, 1 drivers
v0x564a43bd35c0_0 .net "PCSrc", 0 0, L_0x564a43be36e0;  alias, 1 drivers
v0x564a43bd3680_0 .net "RegW", 0 0, L_0x564a43be2170;  alias, 1 drivers
v0x564a43bd3740_0 .net "RegWrite", 0 0, L_0x564a43be34e0;  alias, 1 drivers
v0x564a43bd3800_0 .net *"_ivl_13", 1 0, L_0x564a43be32f0;  1 drivers
v0x564a43bd38e0_0 .net "clk", 0 0, v0x564a43be1c10_0;  alias, 1 drivers
v0x564a43bd3980_0 .net "reset", 0 0, v0x564a43be1cb0_0;  alias, 1 drivers
L_0x564a43be29b0 .part L_0x564a43be3420, 1, 1;
L_0x564a43be2a50 .part L_0x564a43bf6e90, 2, 2;
L_0x564a43be2af0 .part L_0x564a43be3420, 0, 1;
L_0x564a43be2be0 .part L_0x564a43bf6e90, 0, 2;
L_0x564a43be2cb0 .concat8 [ 2 2 0 0], v0x564a43bd23d0_0, v0x564a43bd2bf0_0;
L_0x564a43be32f0 .concat [ 1 1 0 0], v0x564a43ba9040_0, v0x564a43ba9040_0;
S_0x564a43bb9f30 .scope module, "cc" "condcheck" 2 367, 2 378 0, S_0x564a43bad7f0;
 .timescale 0 0;
    .port_info 0 /INPUT 4 "Cond";
    .port_info 1 /INPUT 4 "Flags";
    .port_info 2 /OUTPUT 1 "CondEx";
L_0x564a43be3190 .functor BUFZ 4, L_0x564a43be2cb0, C4<0000>, C4<0000>, C4<0000>;
L_0x564a43be3200 .functor XNOR 1, L_0x564a43be2da0, L_0x564a43be3000, C4<0>, C4<0>;
v0x564a43bbd380_0 .net "Cond", 3 0, L_0x564a43be3810;  alias, 1 drivers
v0x564a43ba9040_0 .var "CondEx", 0 0;
v0x564a43ba9140_0 .net "Flags", 3 0, L_0x564a43be2cb0;  alias, 1 drivers
v0x564a43ba1c50_0 .net *"_ivl_6", 3 0, L_0x564a43be3190;  1 drivers
v0x564a43ba1d50_0 .net "carry", 0 0, L_0x564a43be2f60;  1 drivers
v0x564a43bd1a90_0 .net "ge", 0 0, L_0x564a43be3200;  1 drivers
v0x564a43bd1b50_0 .net "neg", 0 0, L_0x564a43be2da0;  1 drivers
v0x564a43bd1c10_0 .net "overflow", 0 0, L_0x564a43be3000;  1 drivers
v0x564a43bd1cd0_0 .net "zero", 0 0, L_0x564a43be2e40;  1 drivers
E_0x564a43b8d400/0 .event edge, v0x564a43bbd380_0, v0x564a43bd1cd0_0, v0x564a43ba1d50_0, v0x564a43bd1b50_0;
E_0x564a43b8d400/1 .event edge, v0x564a43bd1c10_0, v0x564a43bd1a90_0;
E_0x564a43b8d400 .event/or E_0x564a43b8d400/0, E_0x564a43b8d400/1;
L_0x564a43be2da0 .part L_0x564a43be3190, 3, 1;
L_0x564a43be2e40 .part L_0x564a43be3190, 2, 1;
L_0x564a43be2f60 .part L_0x564a43be3190, 1, 1;
L_0x564a43be3000 .part L_0x564a43be3190, 0, 1;
S_0x564a43bd1e10 .scope module, "flagreg0" "flopenr" 2 360, 2 583 0, S_0x564a43bad7f0;
 .timescale 0 0;
    .port_info 0 /INPUT 1 "clk";
    .port_info 1 /INPUT 1 "reset";
    .port_info 2 /INPUT 1 "en";
    .port_info 3 /INPUT 2 "d";
    .port_info 4 /OUTPUT 2 "q";
P_0x564a43bd1fa0 .param/l "WIDTH" 0 2 590, +C4<00000000000000000000000000000010>;
v0x564a43bd2170_0 .net "clk", 0 0, v0x564a43be1c10_0;  alias, 1 drivers
v0x564a43bd2250_0 .net "d", 1 0, L_0x564a43be2be0;  1 drivers
v0x564a43bd2330_0 .net "en", 0 0, L_0x564a43be2af0;  1 drivers
v0x564a43bd23d0_0 .var "q", 1 0;
v0x564a43bd24b0_0 .net "reset", 0 0, v0x564a43be1cb0_0;  alias, 1 drivers
E_0x564a43ba0990 .event posedge, v0x564a43bd24b0_0, v0x564a43bd2170_0;
S_0x564a43bd2660 .scope module, "flagreg1" "flopenr" 2 353, 2 583 0, S_0x564a43bad7f0;
 .timescale 0 0;
    .port_info 0 /INPUT 1 "clk";
    .port_info 1 /INPUT 1 "reset";
    .port_info 2 /INPUT 1 "en";
    .port_info 3 /INPUT 2 "d";
    .port_info 4 /OUTPUT 2 "q";
P_0x564a43bd2840 .param/l "WIDTH" 0 2 590, +C4<00000000000000000000000000000010>;
v0x564a43bd2990_0 .net "clk", 0 0, v0x564a43be1c10_0;  alias, 1 drivers
v0x564a43bd2a60_0 .net "d", 1 0, L_0x564a43be2a50;  1 drivers
v0x564a43bd2b20_0 .net "en", 0 0, L_0x564a43be29b0;  1 drivers
v0x564a43bd2bf0_0 .var "q", 1 0;
v0x564a43bd2cd0_0 .net "reset", 0 0, v0x564a43be1cb0_0;  alias, 1 drivers
S_0x564a43bd3c30 .scope module, "dec" "decode" 2 233, 2 262 0, S_0x564a43baef10;
 .timescale 0 0;
    .port_info 0 /INPUT 2 "Op";
    .port_info 1 /INPUT 6 "Funct";
    .port_info 2 /INPUT 4 "Rd";
    .port_info 3 /OUTPUT 2 "FlagW";
    .port_info 4 /OUTPUT 1 "PCS";
    .port_info 5 /OUTPUT 1 "RegW";
    .port_info 6 /OUTPUT 1 "MemW";
    .port_info 7 /OUTPUT 1 "MemtoReg";
    .port_info 8 /OUTPUT 1 "ALUSrc";
    .port_info 9 /OUTPUT 2 "ImmSrc";
    .port_info 10 /OUTPUT 2 "RegSrc";
    .port_info 11 /OUTPUT 2 "ALUControl";
L_0x564a43be26a0 .functor AND 1, L_0x564a43be2600, L_0x564a43be2170, C4<1>, C4<1>;
L_0x564a43be2710 .functor OR 1, L_0x564a43be26a0, L_0x564a43be22f0, C4<0>, C4<0>;
v0x564a43bd3fa0_0 .var "ALUControl", 1 0;
v0x564a43bd40a0_0 .net "ALUOp", 0 0, L_0x564a43be2390;  1 drivers
v0x564a43bd4160_0 .net "ALUSrc", 0 0, L_0x564a43be1fa0;  alias, 1 drivers
v0x564a43bd4200_0 .net "Branch", 0 0, L_0x564a43be22f0;  1 drivers
v0x564a43bd42c0_0 .var "FlagW", 1 0;
v0x564a43bd43d0_0 .net "Funct", 5 0, L_0x564a43be2820;  1 drivers
v0x564a43bd4490_0 .net "ImmSrc", 1 0, L_0x564a43be1f00;  alias, 1 drivers
v0x564a43bd4570_0 .net "MemW", 0 0, L_0x564a43be2210;  alias, 1 drivers
v0x564a43bd4610_0 .net "MemtoReg", 0 0, L_0x564a43be2040;  alias, 1 drivers
v0x564a43bd4740_0 .net "Op", 1 0, L_0x564a43be2780;  1 drivers
v0x564a43bd4820_0 .net "PCS", 0 0, L_0x564a43be2710;  alias, 1 drivers
v0x564a43bd48f0_0 .net "Rd", 3 0, L_0x564a43be28c0;  1 drivers
v0x564a43bd49b0_0 .net "RegSrc", 1 0, L_0x564a43be1e60;  alias, 1 drivers
v0x564a43bd4a90_0 .net "RegW", 0 0, L_0x564a43be2170;  alias, 1 drivers
v0x564a43bd4b60_0 .net *"_ivl_10", 9 0, v0x564a43bd4ea0_0;  1 drivers
L_0x7fa89006f018 .functor BUFT 1, C4<1111>, C4<0>, C4<0>, C4<0>;
v0x564a43bd4c20_0 .net/2u *"_ivl_11", 3 0, L_0x7fa89006f018;  1 drivers
v0x564a43bd4d00_0 .net *"_ivl_13", 0 0, L_0x564a43be2600;  1 drivers
v0x564a43bd4dc0_0 .net *"_ivl_15", 0 0, L_0x564a43be26a0;  1 drivers
v0x564a43bd4ea0_0 .var "controls", 9 0;
E_0x564a43ba9310 .event edge, v0x564a43bd40a0_0, v0x564a43bd43d0_0, v0x564a43bd3fa0_0;
E_0x564a43baa0f0 .event edge, v0x564a43bd4740_0, v0x564a43bd43d0_0;
L_0x564a43be1e60 .part v0x564a43bd4ea0_0, 8, 2;
L_0x564a43be1f00 .part v0x564a43bd4ea0_0, 6, 2;
L_0x564a43be1fa0 .part v0x564a43bd4ea0_0, 5, 1;
L_0x564a43be2040 .part v0x564a43bd4ea0_0, 4, 1;
L_0x564a43be2170 .part v0x564a43bd4ea0_0, 3, 1;
L_0x564a43be2210 .part v0x564a43bd4ea0_0, 2, 1;
L_0x564a43be22f0 .part v0x564a43bd4ea0_0, 1, 1;
L_0x564a43be2390 .part v0x564a43bd4ea0_0, 0, 1;
L_0x564a43be2600 .cmp/eq 4, L_0x564a43be28c0, L_0x7fa89006f018;
S_0x564a43bd5e20 .scope module, "dp" "datapath" 2 184, 2 414 0, S_0x564a43bba540;
 .timescale 0 0;
    .port_info 0 /INPUT 1 "clk";
    .port_info 1 /INPUT 1 "reset";
    .port_info 2 /INPUT 2 "RegSrc";
    .port_info 3 /INPUT 1 "RegWrite";
    .port_info 4 /INPUT 2 "ImmSrc";
    .port_info 5 /INPUT 1 "ALUSrc";
    .port_info 6 /INPUT 2 "ALUControl";
    .port_info 7 /INPUT 1 "MemtoReg";
    .port_info 8 /INPUT 1 "PCSrc";
    .port_info 9 /OUTPUT 4 "ALUFlags";
    .port_info 10 /OUTPUT 32 "PC";
    .port_info 11 /INPUT 32 "Instr";
    .port_info 12 /OUTPUT 32 "ALUResult";
    .port_info 13 /OUTPUT 32 "WriteData";
    .port_info 14 /INPUT 32 "ReadData";
v0x564a43bdda30_0 .net "ALUControl", 1 0, v0x564a43bd3fa0_0;  alias, 1 drivers
v0x564a43bddb10_0 .net "ALUFlags", 3 0, L_0x564a43bf6e90;  alias, 1 drivers
v0x564a43bddbd0_0 .net "ALUResult", 31 0, v0x564a43bd65c0_0;  alias, 1 drivers
v0x564a43bddcc0_0 .net "ALUSrc", 0 0, L_0x564a43be1fa0;  alias, 1 drivers
v0x564a43bddd60_0 .net "ExtImm", 31 0, v0x564a43bd8aa0_0;  1 drivers
v0x564a43bddec0_0 .net "ImmSrc", 1 0, L_0x564a43be1f00;  alias, 1 drivers
v0x564a43bddf80_0 .net "Instr", 31 0, L_0x564a43bf7250;  alias, 1 drivers
v0x564a43bde060_0 .net "MemtoReg", 0 0, L_0x564a43be2040;  alias, 1 drivers
v0x564a43bde100_0 .net "PC", 31 0, v0x564a43bda5b0_0;  alias, 1 drivers
v0x564a43bde1c0_0 .net "PCNext", 31 0, L_0x564a43be3aa0;  1 drivers
v0x564a43bde2d0_0 .net "PCPlus4", 31 0, L_0x564a43be3c60;  1 drivers
v0x564a43bde390_0 .net "PCPlus8", 31 0, L_0x564a43bf3d80;  1 drivers
v0x564a43bde4a0_0 .net "PCSrc", 0 0, L_0x564a43be36e0;  alias, 1 drivers
v0x564a43bde540_0 .net "RA1", 3 0, L_0x564a43bf3e20;  1 drivers
v0x564a43bde650_0 .net "RA2", 3 0, L_0x564a43bf4000;  1 drivers
v0x564a43bde760_0 .net "ReadData", 31 0, L_0x564a43bf74a0;  alias, 1 drivers
v0x564a43bde820_0 .net "RegSrc", 1 0, L_0x564a43be1e60;  alias, 1 drivers
v0x564a43bdea20_0 .net "RegWrite", 0 0, L_0x564a43be34e0;  alias, 1 drivers
v0x564a43bdeac0_0 .net "Result", 31 0, L_0x564a43bf4f30;  1 drivers
v0x564a43bdeb80_0 .net "SrcA", 31 0, L_0x564a43bf46b0;  1 drivers
v0x564a43bdec90_0 .net "SrcB", 31 0, L_0x564a43bf5070;  1 drivers
v0x564a43bdeda0_0 .net "WriteData", 31 0, L_0x564a43bf4bb0;  alias, 1 drivers
v0x564a43bdeeb0_0 .net "clk", 0 0, v0x564a43be1c10_0;  alias, 1 drivers
v0x564a43bdef50_0 .net "reset", 0 0, v0x564a43be1cb0_0;  alias, 1 drivers
L_0x564a43bf3ec0 .part L_0x564a43bf7250, 16, 4;
L_0x564a43bf3f60 .part L_0x564a43be1e60, 0, 1;
L_0x564a43bf40a0 .part L_0x564a43bf7250, 0, 4;
L_0x564a43bf4140 .part L_0x564a43bf7250, 12, 4;
L_0x564a43bf4260 .part L_0x564a43be1e60, 1, 1;
L_0x564a43bf4d40 .part L_0x564a43bf7250, 12, 4;
L_0x564a43bf4fd0 .part L_0x564a43bf7250, 0, 24;
S_0x564a43bd60a0 .scope module, "alu" "alu" 2 517, 2 1 0, S_0x564a43bd5e20;
 .timescale 0 0;
    .port_info 0 /INPUT 32 "SrcA";
    .port_info 1 /INPUT 32 "SrcB";
    .port_info 2 /INPUT 2 "ALUControl";
    .port_info 3 /OUTPUT 32 "ALUResult";
    .port_info 4 /OUTPUT 4 "ALUFlags";
L_0x564a43be3d00 .functor NOT 33, L_0x564a43bf5360, C4<000000000000000000000000000000000>, C4<000000000000000000000000000000000>, C4<000000000000000000000000000000000>;
L_0x564a43bf5530 .functor NOT 1, L_0x564a43bf5d90, C4<0>, C4<0>, C4<0>;
L_0x564a43bf5f80 .functor AND 1, L_0x564a43bf5530, L_0x564a43bf5e90, C4<1>, C4<1>;
L_0x564a43bf61a0 .functor NOT 1, L_0x564a43bf6090, C4<0>, C4<0>, C4<0>;
L_0x564a43bf6130 .functor XOR 1, L_0x564a43bf6290, L_0x564a43bf6330, C4<0>, C4<0>;
L_0x564a43bf66d0 .functor XOR 1, L_0x564a43bf6130, L_0x564a43bf6520, C4<0>, C4<0>;
L_0x564a43bf6820 .functor NOT 1, L_0x564a43bf66d0, C4<0>, C4<0>, C4<0>;
L_0x564a43bf68e0 .functor AND 1, L_0x564a43bf61a0, L_0x564a43bf6820, C4<1>, C4<1>;
L_0x564a43bf6c10 .functor XOR 1, L_0x564a43bf6a40, L_0x564a43bf6b70, C4<0>, C4<0>;
L_0x564a43bf6d20 .functor AND 1, L_0x564a43bf68e0, L_0x564a43bf6c10, C4<1>, C4<1>;
v0x564a43bd6380_0 .net "ALUControl", 1 0, v0x564a43bd3fa0_0;  alias, 1 drivers
v0x564a43bd64b0_0 .net "ALUFlags", 3 0, L_0x564a43bf6e90;  alias, 1 drivers
v0x564a43bd65c0_0 .var "ALUResult", 31 0;
v0x564a43bd6680_0 .net "SrcA", 31 0, L_0x564a43bf46b0;  alias, 1 drivers
v0x564a43bd6760_0 .net "SrcB", 31 0, L_0x564a43bf5070;  alias, 1 drivers
v0x564a43bd6890_0 .net *"_ivl_0", 32 0, L_0x564a43bf5220;  1 drivers
v0x564a43bd6970_0 .net *"_ivl_10", 32 0, L_0x564a43be3d00;  1 drivers
L_0x7fa89006f2e8 .functor BUFT 1, C4<000000000000000000000000000000001>, C4<0>, C4<0>, C4<0>;
v0x564a43bd6a50_0 .net/2u *"_ivl_12", 32 0, L_0x7fa89006f2e8;  1 drivers
v0x564a43bd6b30_0 .net *"_ivl_14", 32 0, L_0x564a43bf5490;  1 drivers
v0x564a43bd6ca0_0 .net *"_ivl_16", 32 0, L_0x564a43bf56a0;  1 drivers
L_0x7fa89006f330 .functor BUFT 1, C4<0>, C4<0>, C4<0>, C4<0>;
v0x564a43bd6d80_0 .net *"_ivl_19", 0 0, L_0x7fa89006f330;  1 drivers
v0x564a43bd6e60_0 .net *"_ivl_20", 32 0, L_0x564a43bf5790;  1 drivers
L_0x7fa89006f378 .functor BUFT 1, C4<00000000000000000000000000000000>, C4<0>, C4<0>, C4<0>;
v0x564a43bd6f40_0 .net/2u *"_ivl_26", 31 0, L_0x7fa89006f378;  1 drivers
L_0x7fa89006f258 .functor BUFT 1, C4<0>, C4<0>, C4<0>, C4<0>;
v0x564a43bd7020_0 .net *"_ivl_3", 0 0, L_0x7fa89006f258;  1 drivers
v0x564a43bd7100_0 .net *"_ivl_31", 0 0, L_0x564a43bf5d90;  1 drivers
v0x564a43bd71e0_0 .net *"_ivl_32", 0 0, L_0x564a43bf5530;  1 drivers
v0x564a43bd72c0_0 .net *"_ivl_35", 0 0, L_0x564a43bf5e90;  1 drivers
v0x564a43bd74b0_0 .net *"_ivl_39", 0 0, L_0x564a43bf6090;  1 drivers
v0x564a43bd7590_0 .net *"_ivl_40", 0 0, L_0x564a43bf61a0;  1 drivers
v0x564a43bd7670_0 .net *"_ivl_43", 0 0, L_0x564a43bf6290;  1 drivers
v0x564a43bd7750_0 .net *"_ivl_45", 0 0, L_0x564a43bf6330;  1 drivers
v0x564a43bd7830_0 .net *"_ivl_46", 0 0, L_0x564a43bf6130;  1 drivers
v0x564a43bd7910_0 .net *"_ivl_49", 0 0, L_0x564a43bf6520;  1 drivers
v0x564a43bd79f0_0 .net *"_ivl_5", 0 0, L_0x564a43bf52c0;  1 drivers
v0x564a43bd7ad0_0 .net *"_ivl_50", 0 0, L_0x564a43bf66d0;  1 drivers
v0x564a43bd7bb0_0 .net *"_ivl_52", 0 0, L_0x564a43bf6820;  1 drivers
v0x564a43bd7c90_0 .net *"_ivl_54", 0 0, L_0x564a43bf68e0;  1 drivers
v0x564a43bd7d70_0 .net *"_ivl_57", 0 0, L_0x564a43bf6a40;  1 drivers
v0x564a43bd7e50_0 .net *"_ivl_59", 0 0, L_0x564a43bf6b70;  1 drivers
v0x564a43bd7f30_0 .net *"_ivl_6", 32 0, L_0x564a43bf5360;  1 drivers
v0x564a43bd8010_0 .net *"_ivl_60", 0 0, L_0x564a43bf6c10;  1 drivers
L_0x7fa89006f2a0 .functor BUFT 1, C4<0>, C4<0>, C4<0>, C4<0>;
v0x564a43bd80f0_0 .net *"_ivl_9", 0 0, L_0x7fa89006f2a0;  1 drivers
v0x564a43bd81d0_0 .net "carry", 0 0, L_0x564a43bf5f80;  1 drivers
v0x564a43bd84a0_0 .net "neg", 0 0, L_0x564a43bf5aa0;  1 drivers
v0x564a43bd8560_0 .net "overflow", 0 0, L_0x564a43bf6d20;  1 drivers
v0x564a43bd8620_0 .net "sum", 32 0, L_0x564a43bf5960;  1 drivers
v0x564a43bd8700_0 .net "zero", 0 0, L_0x564a43bf5ca0;  1 drivers
E_0x564a43b8d860 .event edge, v0x564a43bd3fa0_0, v0x564a43bd8620_0, v0x564a43bd6680_0, v0x564a43bd6760_0;
L_0x564a43bf5220 .concat [ 32 1 0 0], L_0x564a43bf46b0, L_0x7fa89006f258;
L_0x564a43bf52c0 .part v0x564a43bd3fa0_0, 0, 1;
L_0x564a43bf5360 .concat [ 32 1 0 0], L_0x564a43bf5070, L_0x7fa89006f2a0;
L_0x564a43bf5490 .arith/sum 33, L_0x564a43be3d00, L_0x7fa89006f2e8;
L_0x564a43bf56a0 .concat [ 32 1 0 0], L_0x564a43bf5070, L_0x7fa89006f330;
L_0x564a43bf5790 .functor MUXZ 33, L_0x564a43bf56a0, L_0x564a43bf5490, L_0x564a43bf52c0, C4<>;
L_0x564a43bf5960 .arith/sum 33, L_0x564a43bf5220, L_0x564a43bf5790;
L_0x564a43bf5aa0 .part v0x564a43bd65c0_0, 31, 1;
L_0x564a43bf5ca0 .cmp/eq 32, v0x564a43bd65c0_0, L_0x7fa89006f378;
L_0x564a43bf5d90 .part v0x564a43bd3fa0_0, 1, 1;
L_0x564a43bf5e90 .part L_0x564a43bf5960, 32, 1;
L_0x564a43bf6090 .part v0x564a43bd3fa0_0, 1, 1;
L_0x564a43bf6290 .part L_0x564a43bf46b0, 31, 1;
L_0x564a43bf6330 .part L_0x564a43bf5070, 31, 1;
L_0x564a43bf6520 .part v0x564a43bd3fa0_0, 0, 1;
L_0x564a43bf6a40 .part L_0x564a43bf46b0, 31, 1;
L_0x564a43bf6b70 .part L_0x564a43bf5960, 31, 1;
L_0x564a43bf6e90 .concat [ 1 1 1 1], L_0x564a43bf6d20, L_0x564a43bf5f80, L_0x564a43bf5ca0, L_0x564a43bf5aa0;
S_0x564a43bd8860 .scope module, "ext" "extend" 2 506, 2 554 0, S_0x564a43bd5e20;
 .timescale 0 0;
    .port_info 0 /INPUT 24 "Instr";
    .port_info 1 /INPUT 2 "ImmSrc";
    .port_info 2 /OUTPUT 32 "ExtImm";
v0x564a43bd8aa0_0 .var "ExtImm", 31 0;
v0x564a43bd8ba0_0 .net "ImmSrc", 1 0, L_0x564a43be1f00;  alias, 1 drivers
v0x564a43bd8cb0_0 .net "Instr", 23 0, L_0x564a43bf4fd0;  1 drivers
E_0x564a43b3aa70 .event edge, v0x564a43bd4490_0, v0x564a43bd8cb0_0;
S_0x564a43bd8df0 .scope module, "pcadd1" "adder" 2 467, 2 571 0, S_0x564a43bd5e20;
 .timescale 0 0;
    .port_info 0 /INPUT 32 "a";
    .port_info 1 /INPUT 32 "b";
    .port_info 2 /OUTPUT 32 "y";
P_0x564a43bd8fd0 .param/l "WIDTH" 0 2 576, +C4<00000000000000000000000000100000>;
v0x564a43bd90c0_0 .net "a", 31 0, v0x564a43bda5b0_0;  alias, 1 drivers
L_0x7fa89006f060 .functor BUFT 1, C4<00000000000000000000000000000100>, C4<0>, C4<0>, C4<0>;
v0x564a43bd91a0_0 .net "b", 31 0, L_0x7fa89006f060;  1 drivers
v0x564a43bd9280_0 .net "y", 31 0, L_0x564a43be3c60;  alias, 1 drivers
L_0x564a43be3c60 .arith/sum 32, v0x564a43bda5b0_0, L_0x7fa89006f060;
S_0x564a43bd93f0 .scope module, "pcadd2" "adder" 2 472, 2 571 0, S_0x564a43bd5e20;
 .timescale 0 0;
    .port_info 0 /INPUT 32 "a";
    .port_info 1 /INPUT 32 "b";
    .port_info 2 /OUTPUT 32 "y";
P_0x564a43bd95d0 .param/l "WIDTH" 0 2 576, +C4<00000000000000000000000000100000>;
v0x564a43bd96f0_0 .net "a", 31 0, L_0x564a43be3c60;  alias, 1 drivers
L_0x7fa89006f0a8 .functor BUFT 1, C4<00000000000000000000000000000100>, C4<0>, C4<0>, C4<0>;
v0x564a43bd9800_0 .net "b", 31 0, L_0x7fa89006f0a8;  1 drivers
v0x564a43bd98c0_0 .net "y", 31 0, L_0x564a43bf3d80;  alias, 1 drivers
L_0x564a43bf3d80 .arith/sum 32, L_0x564a43be3c60, L_0x7fa89006f0a8;
S_0x564a43bd9a30 .scope module, "pcmux" "mux2" 2 455, 2 621 0, S_0x564a43bd5e20;
 .timescale 0 0;
    .port_info 0 /INPUT 32 "d0";
    .port_info 1 /INPUT 32 "d1";
    .port_info 2 /INPUT 1 "s";
    .port_info 3 /OUTPUT 32 "y";
P_0x564a43bd9c60 .param/l "WIDTH" 0 2 627, +C4<00000000000000000000000000100000>;
v0x564a43bd9d30_0 .net "d0", 31 0, L_0x564a43be3c60;  alias, 1 drivers
v0x564a43bd9e40_0 .net "d1", 31 0, L_0x564a43bf4f30;  alias, 1 drivers
v0x564a43bd9f20_0 .net "s", 0 0, L_0x564a43be36e0;  alias, 1 drivers
v0x564a43bda010_0 .net "y", 31 0, L_0x564a43be3aa0;  alias, 1 drivers
L_0x564a43be3aa0 .functor MUXZ 32, L_0x564a43be3c60, L_0x564a43bf4f30, L_0x564a43be36e0, C4<>;
S_0x564a43bda150 .scope module, "pcreg" "flopr" 2 461, 2 603 0, S_0x564a43bd5e20;
 .timescale 0 0;
    .port_info 0 /INPUT 1 "clk";
    .port_info 1 /INPUT 1 "reset";
    .port_info 2 /INPUT 32 "d";
    .port_info 3 /OUTPUT 32 "q";
P_0x564a43bda330 .param/l "WIDTH" 0 2 609, +C4<00000000000000000000000000100000>;
v0x564a43bda400_0 .net "clk", 0 0, v0x564a43be1c10_0;  alias, 1 drivers
v0x564a43bda4c0_0 .net "d", 31 0, L_0x564a43be3aa0;  alias, 1 drivers
v0x564a43bda5b0_0 .var "q", 31 0;
v0x564a43bda6b0_0 .net "reset", 0 0, v0x564a43be1cb0_0;  alias, 1 drivers
S_0x564a43bda850 .scope module, "ra1mux" "mux2" 2 477, 2 621 0, S_0x564a43bd5e20;
 .timescale 0 0;
    .port_info 0 /INPUT 4 "d0";
    .port_info 1 /INPUT 4 "d1";
    .port_info 2 /INPUT 1 "s";
    .port_info 3 /OUTPUT 4 "y";
P_0x564a43bd3270 .param/l "WIDTH" 0 2 627, +C4<00000000000000000000000000000100>;
v0x564a43bdaaf0_0 .net "d0", 3 0, L_0x564a43bf3ec0;  1 drivers
L_0x7fa89006f0f0 .functor BUFT 1, C4<1111>, C4<0>, C4<0>, C4<0>;
v0x564a43bdabf0_0 .net "d1", 3 0, L_0x7fa89006f0f0;  1 drivers
v0x564a43bdacd0_0 .net "s", 0 0, L_0x564a43bf3f60;  1 drivers
v0x564a43bdada0_0 .net "y", 3 0, L_0x564a43bf3e20;  alias, 1 drivers
L_0x564a43bf3e20 .functor MUXZ 4, L_0x564a43bf3ec0, L_0x7fa89006f0f0, L_0x564a43bf3f60, C4<>;
S_0x564a43bdaf30 .scope module, "ra2mux" "mux2" 2 483, 2 621 0, S_0x564a43bd5e20;
 .timescale 0 0;
    .port_info 0 /INPUT 4 "d0";
    .port_info 1 /INPUT 4 "d1";
    .port_info 2 /INPUT 1 "s";
    .port_info 3 /OUTPUT 4 "y";
P_0x564a43bdb110 .param/l "WIDTH" 0 2 627, +C4<00000000000000000000000000000100>;
v0x564a43bdb250_0 .net "d0", 3 0, L_0x564a43bf40a0;  1 drivers
v0x564a43bdb350_0 .net "d1", 3 0, L_0x564a43bf4140;  1 drivers
v0x564a43bdb430_0 .net "s", 0 0, L_0x564a43bf4260;  1 drivers
v0x564a43bdb500_0 .net "y", 3 0, L_0x564a43bf4000;  alias, 1 drivers
L_0x564a43bf4000 .functor MUXZ 4, L_0x564a43bf40a0, L_0x564a43bf4140, L_0x564a43bf4260, C4<>;
S_0x564a43bdb690 .scope module, "resmux" "mux2" 2 500, 2 621 0, S_0x564a43bd5e20;
 .timescale 0 0;
    .port_info 0 /INPUT 32 "d0";
    .port_info 1 /INPUT 32 "d1";
    .port_info 2 /INPUT 1 "s";
    .port_info 3 /OUTPUT 32 "y";
P_0x564a43bd9c10 .param/l "WIDTH" 0 2 627, +C4<00000000000000000000000000100000>;
v0x564a43bdb9f0_0 .net "d0", 31 0, v0x564a43bd65c0_0;  alias, 1 drivers
v0x564a43bdbb00_0 .net "d1", 31 0, L_0x564a43bf74a0;  alias, 1 drivers
v0x564a43bdbbc0_0 .net "s", 0 0, L_0x564a43be2040;  alias, 1 drivers
v0x564a43bdbce0_0 .net "y", 31 0, L_0x564a43bf4f30;  alias, 1 drivers
L_0x564a43bf4f30 .functor MUXZ 32, v0x564a43bd65c0_0, L_0x564a43bf74a0, L_0x564a43be2040, C4<>;
S_0x564a43bdbe10 .scope module, "rf" "regfile" 2 489, 2 526 0, S_0x564a43bd5e20;
 .timescale 0 0;
    .port_info 0 /INPUT 1 "clk";
    .port_info 1 /INPUT 1 "we3";
    .port_info 2 /INPUT 4 "ra1";
    .port_info 3 /INPUT 4 "ra2";
    .port_info 4 /INPUT 4 "wa3";
    .port_info 5 /INPUT 32 "wd3";
    .port_info 6 /INPUT 32 "r15";
    .port_info 7 /OUTPUT 32 "rd1";
    .port_info 8 /OUTPUT 32 "rd2";
L_0x7fa89006f138 .functor BUFT 1, C4<1111>, C4<0>, C4<0>, C4<0>;
v0x564a43bdc160_0 .net/2u *"_ivl_0", 3 0, L_0x7fa89006f138;  1 drivers
L_0x7fa89006f1c8 .functor BUFT 1, C4<1111>, C4<0>, C4<0>, C4<0>;
v0x564a43bdc260_0 .net/2u *"_ivl_12", 3 0, L_0x7fa89006f1c8;  1 drivers
v0x564a43bdc340_0 .net *"_ivl_14", 0 0, L_0x564a43bf48b0;  1 drivers
v0x564a43bdc3e0_0 .net *"_ivl_16", 31 0, L_0x564a43bf49e0;  1 drivers
v0x564a43bdc4c0_0 .net *"_ivl_18", 5 0, L_0x564a43bf4ac0;  1 drivers
v0x564a43bdc5f0_0 .net *"_ivl_2", 0 0, L_0x564a43bf43a0;  1 drivers
L_0x7fa89006f210 .functor BUFT 1, C4<00>, C4<0>, C4<0>, C4<0>;
v0x564a43bdc6b0_0 .net *"_ivl_21", 1 0, L_0x7fa89006f210;  1 drivers
v0x564a43bdc790_0 .net *"_ivl_4", 31 0, L_0x564a43bf44d0;  1 drivers
v0x564a43bdc870_0 .net *"_ivl_6", 5 0, L_0x564a43bf4570;  1 drivers
L_0x7fa89006f180 .functor BUFT 1, C4<00>, C4<0>, C4<0>, C4<0>;
v0x564a43bdc950_0 .net *"_ivl_9", 1 0, L_0x7fa89006f180;  1 drivers
v0x564a43bdca30_0 .net "clk", 0 0, v0x564a43be1c10_0;  alias, 1 drivers
v0x564a43bdcad0_0 .net "r15", 31 0, L_0x564a43bf3d80;  alias, 1 drivers
v0x564a43bdcb90_0 .net "ra1", 3 0, L_0x564a43bf3e20;  alias, 1 drivers
v0x564a43bdcc60_0 .net "ra2", 3 0, L_0x564a43bf4000;  alias, 1 drivers
v0x564a43bdcd30_0 .net "rd1", 31 0, L_0x564a43bf46b0;  alias, 1 drivers
v0x564a43bdce00_0 .net "rd2", 31 0, L_0x564a43bf4bb0;  alias, 1 drivers
v0x564a43bdcec0 .array "rf", 0 14, 31 0;
v0x564a43bdcf80_0 .net "wa3", 3 0, L_0x564a43bf4d40;  1 drivers
v0x564a43bdd060_0 .net "wd3", 31 0, L_0x564a43bf4f30;  alias, 1 drivers
v0x564a43bdd120_0 .net "we3", 0 0, L_0x564a43be34e0;  alias, 1 drivers
E_0x564a43bbefb0 .event posedge, v0x564a43bd2170_0;
L_0x564a43bf43a0 .cmp/eq 4, L_0x564a43bf3e20, L_0x7fa89006f138;
L_0x564a43bf44d0 .array/port v0x564a43bdcec0, L_0x564a43bf4570;
L_0x564a43bf4570 .concat [ 4 2 0 0], L_0x564a43bf3e20, L_0x7fa89006f180;
L_0x564a43bf46b0 .functor MUXZ 32, L_0x564a43bf44d0, L_0x564a43bf3d80, L_0x564a43bf43a0, C4<>;
L_0x564a43bf48b0 .cmp/eq 4, L_0x564a43bf4000, L_0x7fa89006f1c8;
L_0x564a43bf49e0 .array/port v0x564a43bdcec0, L_0x564a43bf4ac0;
L_0x564a43bf4ac0 .concat [ 4 2 0 0], L_0x564a43bf4000, L_0x7fa89006f210;
L_0x564a43bf4bb0 .functor MUXZ 32, L_0x564a43bf49e0, L_0x564a43bf3d80, L_0x564a43bf48b0, C4<>;
S_0x564a43bdd380 .scope module, "srcbmux" "mux2" 2 511, 2 621 0, S_0x564a43bd5e20;
 .timescale 0 0;
    .port_info 0 /INPUT 32 "d0";
    .port_info 1 /INPUT 32 "d1";
    .port_info 2 /INPUT 1 "s";
    .port_info 3 /OUTPUT 32 "y";
P_0x564a43bdd510 .param/l "WIDTH" 0 2 627, +C4<00000000000000000000000000100000>;
v0x564a43bdd620_0 .net "d0", 31 0, L_0x564a43bf4bb0;  alias, 1 drivers
v0x564a43bdd730_0 .net "d1", 31 0, v0x564a43bd8aa0_0;  alias, 1 drivers
v0x564a43bdd800_0 .net "s", 0 0, L_0x564a43be1fa0;  alias, 1 drivers
v0x564a43bdd920_0 .net "y", 31 0, L_0x564a43bf5070;  alias, 1 drivers
L_0x564a43bf5070 .functor MUXZ 32, L_0x564a43bf4bb0, v0x564a43bd8aa0_0, L_0x564a43be1fa0, C4<>;
S_0x564a43be0240 .scope module, "dmem" "dmem" 2 105, 2 114 0, S_0x564a43babf60;
 .timescale 0 0;
    .port_info 0 /INPUT 1 "clk";
    .port_info 1 /INPUT 1 "we";
    .port_info 2 /INPUT 32 "a";
    .port_info 3 /INPUT 32 "wd";
    .port_info 4 /OUTPUT 32 "rd";
L_0x564a43bf74a0 .functor BUFZ 32, L_0x564a43bf7310, C4<00000000000000000000000000000000>, C4<00000000000000000000000000000000>, C4<00000000000000000000000000000000>;
v0x564a43be03f0 .array "RAM", 0 63, 31 0;
v0x564a43be04b0_0 .net *"_ivl_0", 31 0, L_0x564a43bf7310;  1 drivers
v0x564a43be0590_0 .net *"_ivl_3", 29 0, L_0x564a43bf73b0;  1 drivers
v0x564a43be0650_0 .net "a", 31 0, v0x564a43bd65c0_0;  alias, 1 drivers
v0x564a43be07a0_0 .net "clk", 0 0, v0x564a43be1c10_0;  alias, 1 drivers
v0x564a43be0950_0 .net "rd", 31 0, L_0x564a43bf74a0;  alias, 1 drivers
v0x564a43be0a10_0 .net "wd", 31 0, L_0x564a43bf4bb0;  alias, 1 drivers
v0x564a43be0ad0_0 .net "we", 0 0, L_0x564a43be35e0;  alias, 1 drivers
L_0x564a43bf7310 .array/port v0x564a43be03f0, L_0x564a43bf73b0;
L_0x564a43bf73b0 .part v0x564a43bd65c0_0, 2, 30;
S_0x564a43be0c10 .scope module, "imem" "imem" 2 101, 2 133 0, S_0x564a43babf60;
 .timescale 0 0;
    .port_info 0 /INPUT 32 "a";
    .port_info 1 /OUTPUT 32 "rd";
L_0x564a43bf7250 .functor BUFZ 32, L_0x564a43bf70c0, C4<00000000000000000000000000000000>, C4<00000000000000000000000000000000>, C4<00000000000000000000000000000000>;
v0x564a43be0da0 .array "RAM", 0 63, 31 0;
v0x564a43be0e80_0 .net *"_ivl_0", 31 0, L_0x564a43bf70c0;  1 drivers
v0x564a43be0f60_0 .net *"_ivl_3", 29 0, L_0x564a43bf7160;  1 drivers
v0x564a43be1020_0 .net "a", 31 0, v0x564a43bda5b0_0;  alias, 1 drivers
v0x564a43be1170_0 .net "rd", 31 0, L_0x564a43bf7250;  alias, 1 drivers
L_0x564a43bf70c0 .array/port v0x564a43be0da0, L_0x564a43bf7160;
L_0x564a43bf7160 .part v0x564a43bda5b0_0, 2, 30;
    .scope S_0x564a43bd3c30;
T_0 ;
    %wait E_0x564a43baa0f0;
    %load/vec4 v0x564a43bd4740_0;
    %dup/vec4;
    %pushi/vec4 0, 0, 2;
    %cmp/x;
    %jmp/1 T_0.0, 4;
    %dup/vec4;
    %pushi/vec4 1, 0, 2;
    %cmp/x;
    %jmp/1 T_0.1, 4;
    %dup/vec4;
    %pushi/vec4 2, 0, 2;
    %cmp/x;
    %jmp/1 T_0.2, 4;
    %pushi/vec4 1023, 1023, 10;
    %store/vec4 v0x564a43bd4ea0_0, 0, 10;
    %jmp T_0.4;
T_0.0 ;
    %load/vec4 v0x564a43bd43d0_0;
    %parti/s 1, 5, 4;
    %flag_set/vec4 8;
    %jmp/0xz  T_0.5, 8;
    %pushi/vec4 41, 0, 10;
    %store/vec4 v0x564a43bd4ea0_0, 0, 10;
    %jmp T_0.6;
T_0.5 ;
    %pushi/vec4 9, 0, 10;
    %store/vec4 v0x564a43bd4ea0_0, 0, 10;
T_0.6 ;
    %jmp T_0.4;
T_0.1 ;
    %load/vec4 v0x564a43bd43d0_0;
    %parti/s 1, 0, 2;
    %flag_set/vec4 8;
    %jmp/0xz  T_0.7, 8;
    %pushi/vec4 120, 0, 10;
    %store/vec4 v0x564a43bd4ea0_0, 0, 10;
    %jmp T_0.8;
T_0.7 ;
    %pushi/vec4 628, 0, 10;
    %store/vec4 v0x564a43bd4ea0_0, 0, 10;
T_0.8 ;
    %jmp T_0.4;
T_0.2 ;
    %pushi/vec4 418, 0, 10;
    %store/vec4 v0x564a43bd4ea0_0, 0, 10;
    %jmp T_0.4;
T_0.4 ;
    %pop/vec4 1;
    %jmp T_0;
    .thread T_0, $push;
    .scope S_0x564a43bd3c30;
T_1 ;
    %wait E_0x564a43ba9310;
    %load/vec4 v0x564a43bd40a0_0;
    %flag_set/vec4 8;
    %jmp/0xz  T_1.0, 8;
    %load/vec4 v0x564a43bd43d0_0;
    %parti/s 4, 1, 2;
    %dup/vec4;
    %pushi/vec4 4, 0, 4;
    %cmp/u;
    %jmp/1 T_1.2, 6;
    %dup/vec4;
    %pushi/vec4 2, 0, 4;
    %cmp/u;
    %jmp/1 T_1.3, 6;
    %dup/vec4;
    %pushi/vec4 0, 0, 4;
    %cmp/u;
    %jmp/1 T_1.4, 6;
    %dup/vec4;
    %pushi/vec4 12, 0, 4;
    %cmp/u;
    %jmp/1 T_1.5, 6;
    %pushi/vec4 3, 3, 2;
    %store/vec4 v0x564a43bd3fa0_0, 0, 2;
    %jmp T_1.7;
T_1.2 ;
    %pushi/vec4 0, 0, 2;
    %store/vec4 v0x564a43bd3fa0_0, 0, 2;
    %jmp T_1.7;
T_1.3 ;
    %pushi/vec4 1, 0, 2;
    %store/vec4 v0x564a43bd3fa0_0, 0, 2;
    %jmp T_1.7;
T_1.4 ;
    %pushi/vec4 2, 0, 2;
    %store/vec4 v0x564a43bd3fa0_0, 0, 2;
    %jmp T_1.7;
T_1.5 ;
    %pushi/vec4 3, 0, 2;
    %store/vec4 v0x564a43bd3fa0_0, 0, 2;
    %jmp T_1.7;
T_1.7 ;
    %pop/vec4 1;
    %load/vec4 v0x564a43bd43d0_0;
    %parti/s 1, 0, 2;
    %ix/load 4, 1, 0;
    %flag_set/imm 4, 0;
    %store/vec4 v0x564a43bd42c0_0, 4, 1;
    %load/vec4 v0x564a43bd43d0_0;
    %parti/s 1, 0, 2;
    %load/vec4 v0x564a43bd3fa0_0;
    %pushi/vec4 0, 0, 2;
    %cmp/e;
    %flag_get/vec4 4;
    %load/vec4 v0x564a43bd3fa0_0;
    %pushi/vec4 1, 0, 2;
    %cmp/e;
    %flag_get/vec4 4;
    %or;
    %and;
    %ix/load 4, 0, 0;
    %flag_set/imm 4, 0;
    %store/vec4 v0x564a43bd42c0_0, 4, 1;
    %jmp T_1.1;
T_1.0 ;
    %pushi/vec4 0, 0, 2;
    %store/vec4 v0x564a43bd3fa0_0, 0, 2;
    %pushi/vec4 0, 0, 2;
    %store/vec4 v0x564a43bd42c0_0, 0, 2;
T_1.1 ;
    %jmp T_1;
    .thread T_1, $push;
    .scope S_0x564a43bd2660;
T_2 ;
    %wait E_0x564a43ba0990;
    %load/vec4 v0x564a43bd2cd0_0;
    %flag_set/vec4 8;
    %jmp/0xz  T_2.0, 8;
    %pushi/vec4 0, 0, 2;
    %assign/vec4 v0x564a43bd2bf0_0, 0;
    %jmp T_2.1;
T_2.0 ;
    %load/vec4 v0x564a43bd2b20_0;
    %flag_set/vec4 8;
    %jmp/0xz  T_2.2, 8;
    %load/vec4 v0x564a43bd2a60_0;
    %assign/vec4 v0x564a43bd2bf0_0, 0;
T_2.2 ;
T_2.1 ;
    %jmp T_2;
    .thread T_2;
    .scope S_0x564a43bd1e10;
T_3 ;
    %wait E_0x564a43ba0990;
    %load/vec4 v0x564a43bd24b0_0;
    %flag_set/vec4 8;
    %jmp/0xz  T_3.0, 8;
    %pushi/vec4 0, 0, 2;
    %assign/vec4 v0x564a43bd23d0_0, 0;
    %jmp T_3.1;
T_3.0 ;
    %load/vec4 v0x564a43bd2330_0;
    %flag_set/vec4 8;
    %jmp/0xz  T_3.2, 8;
    %load/vec4 v0x564a43bd2250_0;
    %assign/vec4 v0x564a43bd23d0_0, 0;
T_3.2 ;
T_3.1 ;
    %jmp T_3;
    .thread T_3;
    .scope S_0x564a43bb9f30;
T_4 ;
    %wait E_0x564a43b8d400;
    %load/vec4 v0x564a43bbd380_0;
    %dup/vec4;
    %pushi/vec4 0, 0, 4;
    %cmp/u;
    %jmp/1 T_4.0, 6;
    %dup/vec4;
    %pushi/vec4 1, 0, 4;
    %cmp/u;
    %jmp/1 T_4.1, 6;
    %dup/vec4;
    %pushi/vec4 2, 0, 4;
    %cmp/u;
    %jmp/1 T_4.2, 6;
    %dup/vec4;
    %pushi/vec4 3, 0, 4;
    %cmp/u;
    %jmp/1 T_4.3, 6;
    %dup/vec4;
    %pushi/vec4 4, 0, 4;
    %cmp/u;
    %jmp/1 T_4.4, 6;
    %dup/vec4;
    %pushi/vec4 5, 0, 4;
    %cmp/u;
    %jmp/1 T_4.5, 6;
    %dup/vec4;
    %pushi/vec4 6, 0, 4;
    %cmp/u;
    %jmp/1 T_4.6, 6;
    %dup/vec4;
    %pushi/vec4 7, 0, 4;
    %cmp/u;
    %jmp/1 T_4.7, 6;
    %dup/vec4;
    %pushi/vec4 8, 0, 4;
    %cmp/u;
    %jmp/1 T_4.8, 6;
    %dup/vec4;
    %pushi/vec4 9, 0, 4;
    %cmp/u;
    %jmp/1 T_4.9, 6;
    %dup/vec4;
    %pushi/vec4 10, 0, 4;
    %cmp/u;
    %jmp/1 T_4.10, 6;
    %dup/vec4;
    %pushi/vec4 11, 0, 4;
    %cmp/u;
    %jmp/1 T_4.11, 6;
    %dup/vec4;
    %pushi/vec4 12, 0, 4;
    %cmp/u;
    %jmp/1 T_4.12, 6;
    %dup/vec4;
    %pushi/vec4 13, 0, 4;
    %cmp/u;
    %jmp/1 T_4.13, 6;
    %dup/vec4;
    %pushi/vec4 14, 0, 4;
    %cmp/u;
    %jmp/1 T_4.14, 6;
    %pushi/vec4 1, 1, 1;
    %store/vec4 v0x564a43ba9040_0, 0, 1;
    %jmp T_4.16;
T_4.0 ;
    %load/vec4 v0x564a43bd1cd0_0;
    %store/vec4 v0x564a43ba9040_0, 0, 1;
    %jmp T_4.16;
T_4.1 ;
    %load/vec4 v0x564a43bd1cd0_0;
    %inv;
    %store/vec4 v0x564a43ba9040_0, 0, 1;
    %jmp T_4.16;
T_4.2 ;
    %load/vec4 v0x564a43ba1d50_0;
    %store/vec4 v0x564a43ba9040_0, 0, 1;
    %jmp T_4.16;
T_4.3 ;
    %load/vec4 v0x564a43ba1d50_0;
    %inv;
    %store/vec4 v0x564a43ba9040_0, 0, 1;
    %jmp T_4.16;
T_4.4 ;
    %load/vec4 v0x564a43bd1b50_0;
    %store/vec4 v0x564a43ba9040_0, 0, 1;
    %jmp T_4.16;
T_4.5 ;
    %load/vec4 v0x564a43bd1b50_0;
    %inv;
    %store/vec4 v0x564a43ba9040_0, 0, 1;
    %jmp T_4.16;
T_4.6 ;
    %load/vec4 v0x564a43bd1c10_0;
    %store/vec4 v0x564a43ba9040_0, 0, 1;
    %jmp T_4.16;
T_4.7 ;
    %load/vec4 v0x564a43bd1c10_0;
    %inv;
    %store/vec4 v0x564a43ba9040_0, 0, 1;
    %jmp T_4.16;
T_4.8 ;
    %load/vec4 v0x564a43ba1d50_0;
    %load/vec4 v0x564a43bd1cd0_0;
    %inv;
    %and;
    %store/vec4 v0x564a43ba9040_0, 0, 1;
    %jmp T_4.16;
T_4.9 ;
    %load/vec4 v0x564a43ba1d50_0;
    %load/vec4 v0x564a43bd1cd0_0;
    %inv;
    %and;
    %inv;
    %store/vec4 v0x564a43ba9040_0, 0, 1;
    %jmp T_4.16;
T_4.10 ;
    %load/vec4 v0x564a43bd1a90_0;
    %store/vec4 v0x564a43ba9040_0, 0, 1;
    %jmp T_4.16;
T_4.11 ;
    %load/vec4 v0x564a43bd1a90_0;
    %inv;
    %store/vec4 v0x564a43ba9040_0, 0, 1;
    %jmp T_4.16;
T_4.12 ;
    %load/vec4 v0x564a43bd1cd0_0;
    %inv;
    %load/vec4 v0x564a43bd1a90_0;
    %and;
    %store/vec4 v0x564a43ba9040_0, 0, 1;
    %jmp T_4.16;
T_4.13 ;
    %load/vec4 v0x564a43bd1cd0_0;
    %inv;
    %load/vec4 v0x564a43bd1a90_0;
    %and;
    %inv;
    %store/vec4 v0x564a43ba9040_0, 0, 1;
    %jmp T_4.16;
T_4.14 ;
    %pushi/vec4 1, 0, 1;
    %store/vec4 v0x564a43ba9040_0, 0, 1;
    %jmp T_4.16;
T_4.16 ;
    %pop/vec4 1;
    %jmp T_4;
    .thread T_4, $push;
    .scope S_0x564a43bda150;
T_5 ;
    %wait E_0x564a43ba0990;
    %load/vec4 v0x564a43bda6b0_0;
    %flag_set/vec4 8;
    %jmp/0xz  T_5.0, 8;
    %pushi/vec4 0, 0, 32;
    %assign/vec4 v0x564a43bda5b0_0, 0;
    %jmp T_5.1;
T_5.0 ;
    %load/vec4 v0x564a43bda4c0_0;
    %assign/vec4 v0x564a43bda5b0_0, 0;
T_5.1 ;
    %jmp T_5;
    .thread T_5;
    .scope S_0x564a43bdbe10;
T_6 ;
    %wait E_0x564a43bbefb0;
    %load/vec4 v0x564a43bdd120_0;
    %flag_set/vec4 8;
    %jmp/0xz  T_6.0, 8;
    %load/vec4 v0x564a43bdd060_0;
    %load/vec4 v0x564a43bdcf80_0;
    %pad/u 6;
    %ix/vec4 3;
    %ix/load 4, 0, 0; Constant delay
    %assign/vec4/a/d v0x564a43bdcec0, 0, 4;
T_6.0 ;
    %jmp T_6;
    .thread T_6;
    .scope S_0x564a43bd8860;
T_7 ;
    %wait E_0x564a43b3aa70;
    %load/vec4 v0x564a43bd8ba0_0;
    %dup/vec4;
    %pushi/vec4 0, 0, 2;
    %cmp/u;
    %jmp/1 T_7.0, 6;
    %dup/vec4;
    %pushi/vec4 1, 0, 2;
    %cmp/u;
    %jmp/1 T_7.1, 6;
    %dup/vec4;
    %pushi/vec4 2, 0, 2;
    %cmp/u;
    %jmp/1 T_7.2, 6;
    %pushi/vec4 4294967295, 4294967295, 32;
    %store/vec4 v0x564a43bd8aa0_0, 0, 32;
    %jmp T_7.4;
T_7.0 ;
    %pushi/vec4 0, 0, 24;
    %load/vec4 v0x564a43bd8cb0_0;
    %parti/s 8, 0, 2;
    %concat/vec4; draw_concat_vec4
    %store/vec4 v0x564a43bd8aa0_0, 0, 32;
    %jmp T_7.4;
T_7.1 ;
    %pushi/vec4 0, 0, 20;
    %load/vec4 v0x564a43bd8cb0_0;
    %parti/s 12, 0, 2;
    %concat/vec4; draw_concat_vec4
    %store/vec4 v0x564a43bd8aa0_0, 0, 32;
    %jmp T_7.4;
T_7.2 ;
    %load/vec4 v0x564a43bd8cb0_0;
    %parti/s 1, 23, 6;
    %replicate 6;
    %load/vec4 v0x564a43bd8cb0_0;
    %concat/vec4; draw_concat_vec4
    %concati/vec4 0, 0, 2;
    %store/vec4 v0x564a43bd8aa0_0, 0, 32;
    %jmp T_7.4;
T_7.4 ;
    %pop/vec4 1;
    %jmp T_7;
    .thread T_7, $push;
    .scope S_0x564a43bd60a0;
T_8 ;
    %wait E_0x564a43b8d860;
    %load/vec4 v0x564a43bd6380_0;
    %dup/vec4;
    %pushi/vec4 0, 0, 2;
    %cmp/u;
    %jmp/1 T_8.0, 6;
    %dup/vec4;
    %pushi/vec4 1, 0, 2;
    %cmp/u;
    %jmp/1 T_8.1, 6;
    %dup/vec4;
    %pushi/vec4 2, 0, 2;
    %cmp/u;
    %jmp/1 T_8.2, 6;
    %dup/vec4;
    %pushi/vec4 3, 0, 2;
    %cmp/u;
    %jmp/1 T_8.3, 6;
    %jmp T_8.4;
T_8.0 ;
    %load/vec4 v0x564a43bd8620_0;
    %pad/u 32;
    %store/vec4 v0x564a43bd65c0_0, 0, 32;
    %jmp T_8.4;
T_8.1 ;
    %load/vec4 v0x564a43bd8620_0;
    %pad/u 32;
    %store/vec4 v0x564a43bd65c0_0, 0, 32;
    %jmp T_8.4;
T_8.2 ;
    %load/vec4 v0x564a43bd6680_0;
    %load/vec4 v0x564a43bd6760_0;
    %and;
    %store/vec4 v0x564a43bd65c0_0, 0, 32;
    %jmp T_8.4;
T_8.3 ;
    %load/vec4 v0x564a43bd6680_0;
    %load/vec4 v0x564a43bd6760_0;
    %or;
    %store/vec4 v0x564a43bd65c0_0, 0, 32;
    %jmp T_8.4;
T_8.4 ;
    %pop/vec4 1;
    %jmp T_8;
    .thread T_8, $push;
    .scope S_0x564a43be0c10;
T_9 ;
    %vpi_call 2 140 "$readmemh", "memfile.dat", v0x564a43be0da0 {0 0 0};
    %end;
    .thread T_9;
    .scope S_0x564a43be0240;
T_10 ;
    %wait E_0x564a43bbefb0;
    %load/vec4 v0x564a43be0ad0_0;
    %flag_set/vec4 8;
    %jmp/0xz  T_10.0, 8;
    %load/vec4 v0x564a43be0a10_0;
    %load/vec4 v0x564a43be0650_0;
    %parti/s 30, 2, 3;
    %ix/vec4 3;
    %ix/load 4, 0, 0; Constant delay
    %assign/vec4/a/d v0x564a43be03f0, 0, 4;
T_10.0 ;
    %jmp T_10;
    .thread T_10;
    .scope S_0x564a43bbf1a0;
T_11 ;
    %pushi/vec4 1, 0, 1;
    %assign/vec4 v0x564a43be1cb0_0, 0;
    %delay 22, 0;
    %pushi/vec4 0, 0, 1;
    %assign/vec4 v0x564a43be1cb0_0, 0;
    %end;
    .thread T_11;
    .scope S_0x564a43bbf1a0;
T_12 ;
    %pushi/vec4 1, 0, 1;
    %assign/vec4 v0x564a43be1c10_0, 0;
    %delay 5, 0;
    %pushi/vec4 0, 0, 1;
    %assign/vec4 v0x564a43be1c10_0, 0;
    %delay 5, 0;
    %jmp T_12;
    .thread T_12;
    .scope S_0x564a43bbf1a0;
T_13 ;
    %wait E_0x564a43b8cfa0;
    %load/vec4 v0x564a43be1ab0_0;
    %flag_set/vec4 8;
    %jmp/0xz  T_13.0, 8;
    %load/vec4 v0x564a43be19d0_0;
    %pushi/vec4 100, 0, 32;
    %cmp/e;
    %flag_get/vec4 6;
    %load/vec4 v0x564a43be1b70_0;
    %pushi/vec4 7, 0, 32;
    %cmp/e;
    %flag_get/vec4 6;
    %and;
    %flag_set/vec4 8;
    %jmp/0xz  T_13.2, 8;
    %vpi_call 2 63 "$display", "Simulation succeeded123" {0 0 0};
    %vpi_call 2 64 "$stop" {0 0 0};
    %jmp T_13.3;
T_13.2 ;
    %load/vec4 v0x564a43be19d0_0;
    %cmpi/ne 96, 0, 32;
    %jmp/0xz  T_13.4, 6;
    %vpi_call 2 67 "$display", "Simulation failed" {0 0 0};
    %vpi_call 2 68 "$stop" {0 0 0};
T_13.4 ;
T_13.3 ;
T_13.0 ;
    %jmp T_13;
    .thread T_13;
    .scope S_0x564a43bbf1a0;
T_14 ;
    %vpi_call 2 71 "$dumpfile", "waveform.vcd" {0 0 0};
    %vpi_call 2 72 "$dumpvars" {0 0 0};
    %end;
    .thread T_14;
# The file index is used to find the file name in the following table.
:file_names 3;
    "N/A";
    "<interactive>";
    "monolito.v";
