#! /usr/bin/vvp
:ivl_version "11.0 (stable)";
:ivl_delay_selection "TYPICAL";
:vpi_time_precision + 0;
:vpi_module "/usr/lib/x86_64-linux-gnu/ivl/system.vpi";
:vpi_module "/usr/lib/x86_64-linux-gnu/ivl/vhdl_sys.vpi";
:vpi_module "/usr/lib/x86_64-linux-gnu/ivl/vhdl_textio.vpi";
:vpi_module "/usr/lib/x86_64-linux-gnu/ivl/v2005_math.vpi";
:vpi_module "/usr/lib/x86_64-linux-gnu/ivl/va_math.vpi";
S_0x5555dd752f30 .scope module, "mux16to1_tb" "mux16to1_tb" 2 36;
 .timescale 0 0;
v0x5555dd7af9b0_0 .var "a", 15 0;
v0x5555dd7afaa0_0 .var "sel", 3 0;
v0x5555dd7afb70_0 .net "y", 0 0, L_0x5555dd7b6440;  1 drivers
S_0x5555dd752990 .scope module, "prueba" "mux16to1" 2 40, 2 9 0, S_0x5555dd752f30;
 .timescale 0 0;
    .port_info 0 /OUTPUT 1 "y";
    .port_info 1 /INPUT 16 "a";
    .port_info 2 /INPUT 4 "sel";
v0x5555dd7af5e0_0 .net "a", 15 0, v0x5555dd7af9b0_0;  1 drivers
v0x5555dd7af6e0_0 .net "cables", 13 0, L_0x5555dd7b5820;  1 drivers
v0x5555dd7af7c0_0 .net "sel", 3 0, v0x5555dd7afaa0_0;  1 drivers
v0x5555dd7af880_0 .net "y", 0 0, L_0x5555dd7b6440;  alias, 1 drivers
L_0x5555dd7b0080 .part v0x5555dd7af9b0_0, 0, 1;
L_0x5555dd7b01c0 .part v0x5555dd7af9b0_0, 1, 1;
L_0x5555dd7b02b0 .part v0x5555dd7afaa0_0, 0, 1;
L_0x5555dd7b06d0 .part v0x5555dd7af9b0_0, 2, 1;
L_0x5555dd7b0880 .part v0x5555dd7af9b0_0, 3, 1;
L_0x5555dd7b0920 .part v0x5555dd7afaa0_0, 0, 1;
L_0x5555dd7b0d30 .part v0x5555dd7af9b0_0, 4, 1;
L_0x5555dd7b0e20 .part v0x5555dd7af9b0_0, 5, 1;
L_0x5555dd7b0f60 .part v0x5555dd7afaa0_0, 0, 1;
L_0x5555dd7b1370 .part v0x5555dd7af9b0_0, 6, 1;
L_0x5555dd7b14c0 .part v0x5555dd7af9b0_0, 7, 1;
L_0x5555dd7b1560 .part v0x5555dd7afaa0_0, 0, 1;
L_0x5555dd7b19d0 .part v0x5555dd7af9b0_0, 8, 1;
L_0x5555dd7b1ac0 .part v0x5555dd7af9b0_0, 9, 1;
L_0x5555dd7b1c30 .part v0x5555dd7afaa0_0, 0, 1;
L_0x5555dd7b1fc0 .part v0x5555dd7af9b0_0, 10, 1;
L_0x5555dd7b2140 .part v0x5555dd7af9b0_0, 11, 1;
L_0x5555dd7b2230 .part v0x5555dd7afaa0_0, 0, 1;
L_0x5555dd7b26d0 .part v0x5555dd7af9b0_0, 12, 1;
L_0x5555dd7b27c0 .part v0x5555dd7af9b0_0, 13, 1;
L_0x5555dd7b22d0 .part v0x5555dd7afaa0_0, 0, 1;
L_0x5555dd7b2cc0 .part v0x5555dd7af9b0_0, 14, 1;
L_0x5555dd7b2e70 .part v0x5555dd7af9b0_0, 15, 1;
L_0x5555dd7b2f60 .part v0x5555dd7afaa0_0, 0, 1;
L_0x5555dd7b3430 .part L_0x5555dd7b5820, 0, 1;
L_0x5555dd7b3520 .part L_0x5555dd7b5820, 1, 1;
L_0x5555dd7b3740 .part v0x5555dd7afaa0_0, 1, 1;
L_0x5555dd7b3b40 .part L_0x5555dd7b5820, 2, 1;
L_0x5555dd7b3d20 .part L_0x5555dd7b5820, 3, 1;
L_0x5555dd7b3e10 .part v0x5555dd7afaa0_0, 1, 1;
L_0x5555dd7b42c0 .part L_0x5555dd7b5820, 4, 1;
L_0x5555dd7b43b0 .part L_0x5555dd7b5820, 5, 1;
L_0x5555dd7b45b0 .part v0x5555dd7afaa0_0, 1, 1;
L_0x5555dd7b49b0 .part L_0x5555dd7b5820, 6, 1;
L_0x5555dd7b4bc0 .part L_0x5555dd7b5820, 7, 1;
L_0x5555dd7b4cb0 .part v0x5555dd7afaa0_0, 1, 1;
L_0x5555dd7b50d0 .part L_0x5555dd7b5820, 8, 1;
L_0x5555dd7b51c0 .part L_0x5555dd7b5820, 9, 1;
L_0x5555dd7b53f0 .part v0x5555dd7afaa0_0, 2, 1;
LS_0x5555dd7b5820_0_0 .concat8 [ 1 1 1 1], L_0x5555dd7aff40, L_0x5555dd7b0590, L_0x5555dd7b0bf0, L_0x5555dd7b1230;
LS_0x5555dd7b5820_0_4 .concat8 [ 1 1 1 1], L_0x5555dd7b1890, L_0x5555dd7b1e80, L_0x5555dd7b2590, L_0x5555dd7b2b80;
LS_0x5555dd7b5820_0_8 .concat8 [ 1 1 1 1], L_0x5555dd7b32f0, L_0x5555dd7b3a00, L_0x5555dd7b4180, L_0x5555dd7b4870;
LS_0x5555dd7b5820_0_12 .concat8 [ 1 1 0 0], L_0x5555dd7b4f90, L_0x5555dd7b56e0;
L_0x5555dd7b5820 .concat8 [ 4 4 4 2], LS_0x5555dd7b5820_0_0, LS_0x5555dd7b5820_0_4, LS_0x5555dd7b5820_0_8, LS_0x5555dd7b5820_0_12;
L_0x5555dd7b5e70 .part L_0x5555dd7b5820, 10, 1;
L_0x5555dd7b5f60 .part L_0x5555dd7b5820, 11, 1;
L_0x5555dd7b61b0 .part v0x5555dd7afaa0_0, 2, 1;
L_0x5555dd7b6550 .part L_0x5555dd7b5820, 12, 1;
L_0x5555dd7b67b0 .part L_0x5555dd7b5820, 13, 1;
L_0x5555dd7b68a0 .part v0x5555dd7afaa0_0, 3, 1;
S_0x5555dd750a10 .scope module, "mux_1" "mux2" 2 15, 2 1 0, S_0x5555dd752990;
 .timescale 0 0;
    .port_info 0 /OUTPUT 1 "y";
    .port_info 1 /INPUT 1 "a";
    .port_info 2 /INPUT 1 "b";
    .port_info 3 /INPUT 1 "c";
L_0x5555dd7afc90 .functor NOT 1, L_0x5555dd7b02b0, C4<0>, C4<0>, C4<0>;
L_0x5555dd7afd30 .functor AND 1, L_0x5555dd7b0080, L_0x5555dd7afc90, C4<1>, C4<1>;
L_0x5555dd7afe50 .functor AND 1, L_0x5555dd7b01c0, L_0x5555dd7b02b0, C4<1>, C4<1>;
L_0x5555dd7aff40 .functor OR 1, L_0x5555dd7afd30, L_0x5555dd7afe50, C4<0>, C4<0>;
v0x5555dd78b0a0_0 .net *"_ivl_0", 0 0, L_0x5555dd7afc90;  1 drivers
v0x5555dd78b590_0 .net *"_ivl_2", 0 0, L_0x5555dd7afd30;  1 drivers
v0x5555dd7a74e0_0 .net *"_ivl_4", 0 0, L_0x5555dd7afe50;  1 drivers
v0x5555dd7a75a0_0 .net "a", 0 0, L_0x5555dd7b0080;  1 drivers
v0x5555dd7a7660_0 .net "b", 0 0, L_0x5555dd7b01c0;  1 drivers
v0x5555dd7a7770_0 .net "c", 0 0, L_0x5555dd7b02b0;  1 drivers
v0x5555dd7a7830_0 .net "y", 0 0, L_0x5555dd7aff40;  1 drivers
S_0x5555dd7a7970 .scope module, "mux_10" "mux2" 2 25, 2 1 0, S_0x5555dd752990;
 .timescale 0 0;
    .port_info 0 /OUTPUT 1 "y";
    .port_info 1 /INPUT 1 "a";
    .port_info 2 /INPUT 1 "b";
    .port_info 3 /INPUT 1 "c";
L_0x5555dd7b37e0 .functor NOT 1, L_0x5555dd7b3e10, C4<0>, C4<0>, C4<0>;
L_0x5555dd7b3850 .functor AND 1, L_0x5555dd7b3b40, L_0x5555dd7b37e0, C4<1>, C4<1>;
L_0x5555dd7b3910 .functor AND 1, L_0x5555dd7b3d20, L_0x5555dd7b3e10, C4<1>, C4<1>;
L_0x5555dd7b3a00 .functor OR 1, L_0x5555dd7b3850, L_0x5555dd7b3910, C4<0>, C4<0>;
v0x5555dd7a7be0_0 .net *"_ivl_0", 0 0, L_0x5555dd7b37e0;  1 drivers
v0x5555dd7a7cc0_0 .net *"_ivl_2", 0 0, L_0x5555dd7b3850;  1 drivers
v0x5555dd7a7da0_0 .net *"_ivl_4", 0 0, L_0x5555dd7b3910;  1 drivers
v0x5555dd7a7e60_0 .net "a", 0 0, L_0x5555dd7b3b40;  1 drivers
v0x5555dd7a7f20_0 .net "b", 0 0, L_0x5555dd7b3d20;  1 drivers
v0x5555dd7a8030_0 .net "c", 0 0, L_0x5555dd7b3e10;  1 drivers
v0x5555dd7a80f0_0 .net "y", 0 0, L_0x5555dd7b3a00;  1 drivers
S_0x5555dd7a8230 .scope module, "mux_11" "mux2" 2 26, 2 1 0, S_0x5555dd752990;
 .timescale 0 0;
    .port_info 0 /OUTPUT 1 "y";
    .port_info 1 /INPUT 1 "a";
    .port_info 2 /INPUT 1 "b";
    .port_info 3 /INPUT 1 "c";
L_0x5555dd7b3fb0 .functor NOT 1, L_0x5555dd7b45b0, C4<0>, C4<0>, C4<0>;
L_0x5555dd7b4020 .functor AND 1, L_0x5555dd7b42c0, L_0x5555dd7b3fb0, C4<1>, C4<1>;
L_0x5555dd7b4090 .functor AND 1, L_0x5555dd7b43b0, L_0x5555dd7b45b0, C4<1>, C4<1>;
L_0x5555dd7b4180 .functor OR 1, L_0x5555dd7b4020, L_0x5555dd7b4090, C4<0>, C4<0>;
v0x5555dd7a8480_0 .net *"_ivl_0", 0 0, L_0x5555dd7b3fb0;  1 drivers
v0x5555dd7a8560_0 .net *"_ivl_2", 0 0, L_0x5555dd7b4020;  1 drivers
v0x5555dd7a8640_0 .net *"_ivl_4", 0 0, L_0x5555dd7b4090;  1 drivers
v0x5555dd7a8700_0 .net "a", 0 0, L_0x5555dd7b42c0;  1 drivers
v0x5555dd7a87c0_0 .net "b", 0 0, L_0x5555dd7b43b0;  1 drivers
v0x5555dd7a88d0_0 .net "c", 0 0, L_0x5555dd7b45b0;  1 drivers
v0x5555dd7a8990_0 .net "y", 0 0, L_0x5555dd7b4180;  1 drivers
S_0x5555dd7a8ad0 .scope module, "mux_12" "mux2" 2 27, 2 1 0, S_0x5555dd752990;
 .timescale 0 0;
    .port_info 0 /OUTPUT 1 "y";
    .port_info 1 /INPUT 1 "a";
    .port_info 2 /INPUT 1 "b";
    .port_info 3 /INPUT 1 "c";
L_0x5555dd7b4650 .functor NOT 1, L_0x5555dd7b4cb0, C4<0>, C4<0>, C4<0>;
L_0x5555dd7b46c0 .functor AND 1, L_0x5555dd7b49b0, L_0x5555dd7b4650, C4<1>, C4<1>;
L_0x5555dd7b4780 .functor AND 1, L_0x5555dd7b4bc0, L_0x5555dd7b4cb0, C4<1>, C4<1>;
L_0x5555dd7b4870 .functor OR 1, L_0x5555dd7b46c0, L_0x5555dd7b4780, C4<0>, C4<0>;
v0x5555dd7a8d20_0 .net *"_ivl_0", 0 0, L_0x5555dd7b4650;  1 drivers
v0x5555dd7a8e20_0 .net *"_ivl_2", 0 0, L_0x5555dd7b46c0;  1 drivers
v0x5555dd7a8f00_0 .net *"_ivl_4", 0 0, L_0x5555dd7b4780;  1 drivers
v0x5555dd7a8ff0_0 .net "a", 0 0, L_0x5555dd7b49b0;  1 drivers
v0x5555dd7a90b0_0 .net "b", 0 0, L_0x5555dd7b4bc0;  1 drivers
v0x5555dd7a91c0_0 .net "c", 0 0, L_0x5555dd7b4cb0;  1 drivers
v0x5555dd7a9280_0 .net "y", 0 0, L_0x5555dd7b4870;  1 drivers
S_0x5555dd7a93c0 .scope module, "mux_13" "mux2" 2 29, 2 1 0, S_0x5555dd752990;
 .timescale 0 0;
    .port_info 0 /OUTPUT 1 "y";
    .port_info 1 /INPUT 1 "a";
    .port_info 2 /INPUT 1 "b";
    .port_info 3 /INPUT 1 "c";
L_0x5555dd7b4aa0 .functor NOT 1, L_0x5555dd7b53f0, C4<0>, C4<0>, C4<0>;
L_0x5555dd7b4b10 .functor AND 1, L_0x5555dd7b50d0, L_0x5555dd7b4aa0, C4<1>, C4<1>;
L_0x5555dd7b4ed0 .functor AND 1, L_0x5555dd7b51c0, L_0x5555dd7b53f0, C4<1>, C4<1>;
L_0x5555dd7b4f90 .functor OR 1, L_0x5555dd7b4b10, L_0x5555dd7b4ed0, C4<0>, C4<0>;
v0x5555dd7a9660_0 .net *"_ivl_0", 0 0, L_0x5555dd7b4aa0;  1 drivers
v0x5555dd7a9760_0 .net *"_ivl_2", 0 0, L_0x5555dd7b4b10;  1 drivers
v0x5555dd7a9840_0 .net *"_ivl_4", 0 0, L_0x5555dd7b4ed0;  1 drivers
v0x5555dd7a9900_0 .net "a", 0 0, L_0x5555dd7b50d0;  1 drivers
v0x5555dd7a99c0_0 .net "b", 0 0, L_0x5555dd7b51c0;  1 drivers
v0x5555dd7a9ad0_0 .net "c", 0 0, L_0x5555dd7b53f0;  1 drivers
v0x5555dd7a9b90_0 .net "y", 0 0, L_0x5555dd7b4f90;  1 drivers
S_0x5555dd7a9cd0 .scope module, "mux_14" "mux2" 2 30, 2 1 0, S_0x5555dd752990;
 .timescale 0 0;
    .port_info 0 /OUTPUT 1 "y";
    .port_info 1 /INPUT 1 "a";
    .port_info 2 /INPUT 1 "b";
    .port_info 3 /INPUT 1 "c";
L_0x5555dd7b5490 .functor NOT 1, L_0x5555dd7b61b0, C4<0>, C4<0>, C4<0>;
L_0x5555dd7b5500 .functor AND 1, L_0x5555dd7b5e70, L_0x5555dd7b5490, C4<1>, C4<1>;
L_0x5555dd7b55f0 .functor AND 1, L_0x5555dd7b5f60, L_0x5555dd7b61b0, C4<1>, C4<1>;
L_0x5555dd7b56e0 .functor OR 1, L_0x5555dd7b5500, L_0x5555dd7b55f0, C4<0>, C4<0>;
v0x5555dd7a9f20_0 .net *"_ivl_0", 0 0, L_0x5555dd7b5490;  1 drivers
v0x5555dd7aa020_0 .net *"_ivl_2", 0 0, L_0x5555dd7b5500;  1 drivers
v0x5555dd7aa100_0 .net *"_ivl_4", 0 0, L_0x5555dd7b55f0;  1 drivers
v0x5555dd7aa1f0_0 .net "a", 0 0, L_0x5555dd7b5e70;  1 drivers
v0x5555dd7aa2b0_0 .net "b", 0 0, L_0x5555dd7b5f60;  1 drivers
v0x5555dd7aa3c0_0 .net "c", 0 0, L_0x5555dd7b61b0;  1 drivers
v0x5555dd7aa480_0 .net "y", 0 0, L_0x5555dd7b56e0;  1 drivers
S_0x5555dd7aa5c0 .scope module, "mux_15" "mux2" 2 32, 2 1 0, S_0x5555dd752990;
 .timescale 0 0;
    .port_info 0 /OUTPUT 1 "y";
    .port_info 1 /INPUT 1 "a";
    .port_info 2 /INPUT 1 "b";
    .port_info 3 /INPUT 1 "c";
L_0x5555dd7b6250 .functor NOT 1, L_0x5555dd7b68a0, C4<0>, C4<0>, C4<0>;
L_0x5555dd7b62c0 .functor AND 1, L_0x5555dd7b6550, L_0x5555dd7b6250, C4<1>, C4<1>;
L_0x5555dd7b6380 .functor AND 1, L_0x5555dd7b67b0, L_0x5555dd7b68a0, C4<1>, C4<1>;
L_0x5555dd7b6440 .functor OR 1, L_0x5555dd7b62c0, L_0x5555dd7b6380, C4<0>, C4<0>;
v0x5555dd7aa810_0 .net *"_ivl_0", 0 0, L_0x5555dd7b6250;  1 drivers
v0x5555dd7aa910_0 .net *"_ivl_2", 0 0, L_0x5555dd7b62c0;  1 drivers
v0x5555dd7aa9f0_0 .net *"_ivl_4", 0 0, L_0x5555dd7b6380;  1 drivers
v0x5555dd7aaae0_0 .net "a", 0 0, L_0x5555dd7b6550;  1 drivers
v0x5555dd7aaba0_0 .net "b", 0 0, L_0x5555dd7b67b0;  1 drivers
v0x5555dd7aacb0_0 .net "c", 0 0, L_0x5555dd7b68a0;  1 drivers
v0x5555dd7aad70_0 .net "y", 0 0, L_0x5555dd7b6440;  alias, 1 drivers
S_0x5555dd7aaeb0 .scope module, "mux_2" "mux2" 2 16, 2 1 0, S_0x5555dd752990;
 .timescale 0 0;
    .port_info 0 /OUTPUT 1 "y";
    .port_info 1 /INPUT 1 "a";
    .port_info 2 /INPUT 1 "b";
    .port_info 3 /INPUT 1 "c";
L_0x5555dd7b03a0 .functor NOT 1, L_0x5555dd7b0920, C4<0>, C4<0>, C4<0>;
L_0x5555dd7b0410 .functor AND 1, L_0x5555dd7b06d0, L_0x5555dd7b03a0, C4<1>, C4<1>;
L_0x5555dd7b04d0 .functor AND 1, L_0x5555dd7b0880, L_0x5555dd7b0920, C4<1>, C4<1>;
L_0x5555dd7b0590 .functor OR 1, L_0x5555dd7b0410, L_0x5555dd7b04d0, C4<0>, C4<0>;
v0x5555dd7ab100_0 .net *"_ivl_0", 0 0, L_0x5555dd7b03a0;  1 drivers
v0x5555dd7ab200_0 .net *"_ivl_2", 0 0, L_0x5555dd7b0410;  1 drivers
v0x5555dd7ab2e0_0 .net *"_ivl_4", 0 0, L_0x5555dd7b04d0;  1 drivers
v0x5555dd7ab3d0_0 .net "a", 0 0, L_0x5555dd7b06d0;  1 drivers
v0x5555dd7ab490_0 .net "b", 0 0, L_0x5555dd7b0880;  1 drivers
v0x5555dd7ab5a0_0 .net "c", 0 0, L_0x5555dd7b0920;  1 drivers
v0x5555dd7ab660_0 .net "y", 0 0, L_0x5555dd7b0590;  1 drivers
S_0x5555dd7ab7a0 .scope module, "mux_3" "mux2" 2 17, 2 1 0, S_0x5555dd752990;
 .timescale 0 0;
    .port_info 0 /OUTPUT 1 "y";
    .port_info 1 /INPUT 1 "a";
    .port_info 2 /INPUT 1 "b";
    .port_info 3 /INPUT 1 "c";
L_0x5555dd7b0a00 .functor NOT 1, L_0x5555dd7b0f60, C4<0>, C4<0>, C4<0>;
L_0x5555dd7b0a70 .functor AND 1, L_0x5555dd7b0d30, L_0x5555dd7b0a00, C4<1>, C4<1>;
L_0x5555dd7b0b30 .functor AND 1, L_0x5555dd7b0e20, L_0x5555dd7b0f60, C4<1>, C4<1>;
L_0x5555dd7b0bf0 .functor OR 1, L_0x5555dd7b0a70, L_0x5555dd7b0b30, C4<0>, C4<0>;
v0x5555dd7ab9f0_0 .net *"_ivl_0", 0 0, L_0x5555dd7b0a00;  1 drivers
v0x5555dd7abaf0_0 .net *"_ivl_2", 0 0, L_0x5555dd7b0a70;  1 drivers
v0x5555dd7abbd0_0 .net *"_ivl_4", 0 0, L_0x5555dd7b0b30;  1 drivers
v0x5555dd7abcc0_0 .net "a", 0 0, L_0x5555dd7b0d30;  1 drivers
v0x5555dd7abd80_0 .net "b", 0 0, L_0x5555dd7b0e20;  1 drivers
v0x5555dd7abe40_0 .net "c", 0 0, L_0x5555dd7b0f60;  1 drivers
v0x5555dd7abf00_0 .net "y", 0 0, L_0x5555dd7b0bf0;  1 drivers
S_0x5555dd7ac040 .scope module, "mux_4" "mux2" 2 18, 2 1 0, S_0x5555dd752990;
 .timescale 0 0;
    .port_info 0 /OUTPUT 1 "y";
    .port_info 1 /INPUT 1 "a";
    .port_info 2 /INPUT 1 "b";
    .port_info 3 /INPUT 1 "c";
L_0x5555dd7b1090 .functor NOT 1, L_0x5555dd7b1560, C4<0>, C4<0>, C4<0>;
L_0x5555dd7b1100 .functor AND 1, L_0x5555dd7b1370, L_0x5555dd7b1090, C4<1>, C4<1>;
L_0x5555dd7b1170 .functor AND 1, L_0x5555dd7b14c0, L_0x5555dd7b1560, C4<1>, C4<1>;
L_0x5555dd7b1230 .functor OR 1, L_0x5555dd7b1100, L_0x5555dd7b1170, C4<0>, C4<0>;
v0x5555dd7ac290_0 .net *"_ivl_0", 0 0, L_0x5555dd7b1090;  1 drivers
v0x5555dd7ac390_0 .net *"_ivl_2", 0 0, L_0x5555dd7b1100;  1 drivers
v0x5555dd7ac470_0 .net *"_ivl_4", 0 0, L_0x5555dd7b1170;  1 drivers
v0x5555dd7ac560_0 .net "a", 0 0, L_0x5555dd7b1370;  1 drivers
v0x5555dd7ac620_0 .net "b", 0 0, L_0x5555dd7b14c0;  1 drivers
v0x5555dd7ac730_0 .net "c", 0 0, L_0x5555dd7b1560;  1 drivers
v0x5555dd7ac7f0_0 .net "y", 0 0, L_0x5555dd7b1230;  1 drivers
S_0x5555dd7ac930 .scope module, "mux_5" "mux2" 2 19, 2 1 0, S_0x5555dd752990;
 .timescale 0 0;
    .port_info 0 /OUTPUT 1 "y";
    .port_info 1 /INPUT 1 "a";
    .port_info 2 /INPUT 1 "b";
    .port_info 3 /INPUT 1 "c";
L_0x5555dd7b1670 .functor NOT 1, L_0x5555dd7b1c30, C4<0>, C4<0>, C4<0>;
L_0x5555dd7b16e0 .functor AND 1, L_0x5555dd7b19d0, L_0x5555dd7b1670, C4<1>, C4<1>;
L_0x5555dd7b17a0 .functor AND 1, L_0x5555dd7b1ac0, L_0x5555dd7b1c30, C4<1>, C4<1>;
L_0x5555dd7b1890 .functor OR 1, L_0x5555dd7b16e0, L_0x5555dd7b17a0, C4<0>, C4<0>;
v0x5555dd7acb80_0 .net *"_ivl_0", 0 0, L_0x5555dd7b1670;  1 drivers
v0x5555dd7acc80_0 .net *"_ivl_2", 0 0, L_0x5555dd7b16e0;  1 drivers
v0x5555dd7acd60_0 .net *"_ivl_4", 0 0, L_0x5555dd7b17a0;  1 drivers
v0x5555dd7ace50_0 .net "a", 0 0, L_0x5555dd7b19d0;  1 drivers
v0x5555dd7acf10_0 .net "b", 0 0, L_0x5555dd7b1ac0;  1 drivers
v0x5555dd7ad020_0 .net "c", 0 0, L_0x5555dd7b1c30;  1 drivers
v0x5555dd7ad0e0_0 .net "y", 0 0, L_0x5555dd7b1890;  1 drivers
S_0x5555dd7ad220 .scope module, "mux_6" "mux2" 2 20, 2 1 0, S_0x5555dd752990;
 .timescale 0 0;
    .port_info 0 /OUTPUT 1 "y";
    .port_info 1 /INPUT 1 "a";
    .port_info 2 /INPUT 1 "b";
    .port_info 3 /INPUT 1 "c";
L_0x5555dd7b1600 .functor NOT 1, L_0x5555dd7b2230, C4<0>, C4<0>, C4<0>;
L_0x5555dd7b1cd0 .functor AND 1, L_0x5555dd7b1fc0, L_0x5555dd7b1600, C4<1>, C4<1>;
L_0x5555dd7b1d90 .functor AND 1, L_0x5555dd7b2140, L_0x5555dd7b2230, C4<1>, C4<1>;
L_0x5555dd7b1e80 .functor OR 1, L_0x5555dd7b1cd0, L_0x5555dd7b1d90, C4<0>, C4<0>;
v0x5555dd7ad470_0 .net *"_ivl_0", 0 0, L_0x5555dd7b1600;  1 drivers
v0x5555dd7ad570_0 .net *"_ivl_2", 0 0, L_0x5555dd7b1cd0;  1 drivers
v0x5555dd7ad650_0 .net *"_ivl_4", 0 0, L_0x5555dd7b1d90;  1 drivers
v0x5555dd7ad740_0 .net "a", 0 0, L_0x5555dd7b1fc0;  1 drivers
v0x5555dd7ad800_0 .net "b", 0 0, L_0x5555dd7b2140;  1 drivers
v0x5555dd7ad910_0 .net "c", 0 0, L_0x5555dd7b2230;  1 drivers
v0x5555dd7ad9d0_0 .net "y", 0 0, L_0x5555dd7b1e80;  1 drivers
S_0x5555dd7adb10 .scope module, "mux_7" "mux2" 2 21, 2 1 0, S_0x5555dd752990;
 .timescale 0 0;
    .port_info 0 /OUTPUT 1 "y";
    .port_info 1 /INPUT 1 "a";
    .port_info 2 /INPUT 1 "b";
    .port_info 3 /INPUT 1 "c";
L_0x5555dd7b2370 .functor NOT 1, L_0x5555dd7b22d0, C4<0>, C4<0>, C4<0>;
L_0x5555dd7b23e0 .functor AND 1, L_0x5555dd7b26d0, L_0x5555dd7b2370, C4<1>, C4<1>;
L_0x5555dd7b24a0 .functor AND 1, L_0x5555dd7b27c0, L_0x5555dd7b22d0, C4<1>, C4<1>;
L_0x5555dd7b2590 .functor OR 1, L_0x5555dd7b23e0, L_0x5555dd7b24a0, C4<0>, C4<0>;
v0x5555dd7add60_0 .net *"_ivl_0", 0 0, L_0x5555dd7b2370;  1 drivers
v0x5555dd7ade60_0 .net *"_ivl_2", 0 0, L_0x5555dd7b23e0;  1 drivers
v0x5555dd7adf40_0 .net *"_ivl_4", 0 0, L_0x5555dd7b24a0;  1 drivers
v0x5555dd7ae030_0 .net "a", 0 0, L_0x5555dd7b26d0;  1 drivers
v0x5555dd7ae0f0_0 .net "b", 0 0, L_0x5555dd7b27c0;  1 drivers
v0x5555dd7ae200_0 .net "c", 0 0, L_0x5555dd7b22d0;  1 drivers
v0x5555dd7ae2c0_0 .net "y", 0 0, L_0x5555dd7b2590;  1 drivers
S_0x5555dd7ae400 .scope module, "mux_8" "mux2" 2 22, 2 1 0, S_0x5555dd752990;
 .timescale 0 0;
    .port_info 0 /OUTPUT 1 "y";
    .port_info 1 /INPUT 1 "a";
    .port_info 2 /INPUT 1 "b";
    .port_info 3 /INPUT 1 "c";
L_0x5555dd7b2960 .functor NOT 1, L_0x5555dd7b2f60, C4<0>, C4<0>, C4<0>;
L_0x5555dd7b29d0 .functor AND 1, L_0x5555dd7b2cc0, L_0x5555dd7b2960, C4<1>, C4<1>;
L_0x5555dd7b2a90 .functor AND 1, L_0x5555dd7b2e70, L_0x5555dd7b2f60, C4<1>, C4<1>;
L_0x5555dd7b2b80 .functor OR 1, L_0x5555dd7b29d0, L_0x5555dd7b2a90, C4<0>, C4<0>;
v0x5555dd7ae650_0 .net *"_ivl_0", 0 0, L_0x5555dd7b2960;  1 drivers
v0x5555dd7ae750_0 .net *"_ivl_2", 0 0, L_0x5555dd7b29d0;  1 drivers
v0x5555dd7ae830_0 .net *"_ivl_4", 0 0, L_0x5555dd7b2a90;  1 drivers
v0x5555dd7ae920_0 .net "a", 0 0, L_0x5555dd7b2cc0;  1 drivers
v0x5555dd7ae9e0_0 .net "b", 0 0, L_0x5555dd7b2e70;  1 drivers
v0x5555dd7aeaf0_0 .net "c", 0 0, L_0x5555dd7b2f60;  1 drivers
v0x5555dd7aebb0_0 .net "y", 0 0, L_0x5555dd7b2b80;  1 drivers
S_0x5555dd7aecf0 .scope module, "mux_9" "mux2" 2 24, 2 1 0, S_0x5555dd752990;
 .timescale 0 0;
    .port_info 0 /OUTPUT 1 "y";
    .port_info 1 /INPUT 1 "a";
    .port_info 2 /INPUT 1 "b";
    .port_info 3 /INPUT 1 "c";
L_0x5555dd7b30d0 .functor NOT 1, L_0x5555dd7b3740, C4<0>, C4<0>, C4<0>;
L_0x5555dd7b3140 .functor AND 1, L_0x5555dd7b3430, L_0x5555dd7b30d0, C4<1>, C4<1>;
L_0x5555dd7b3200 .functor AND 1, L_0x5555dd7b3520, L_0x5555dd7b3740, C4<1>, C4<1>;
L_0x5555dd7b32f0 .functor OR 1, L_0x5555dd7b3140, L_0x5555dd7b3200, C4<0>, C4<0>;
v0x5555dd7aef40_0 .net *"_ivl_0", 0 0, L_0x5555dd7b30d0;  1 drivers
v0x5555dd7af040_0 .net *"_ivl_2", 0 0, L_0x5555dd7b3140;  1 drivers
v0x5555dd7af120_0 .net *"_ivl_4", 0 0, L_0x5555dd7b3200;  1 drivers
v0x5555dd7af210_0 .net "a", 0 0, L_0x5555dd7b3430;  1 drivers
v0x5555dd7af2d0_0 .net "b", 0 0, L_0x5555dd7b3520;  1 drivers
v0x5555dd7af3e0_0 .net "c", 0 0, L_0x5555dd7b3740;  1 drivers
v0x5555dd7af4a0_0 .net "y", 0 0, L_0x5555dd7b32f0;  1 drivers
    .scope S_0x5555dd752f30;
T_0 ;
    %pushi/vec4 1, 0, 1;
    %ix/load 4, 0, 0;
    %flag_set/imm 4, 0;
    %store/vec4 v0x5555dd7af9b0_0, 4, 1;
    %pushi/vec4 0, 0, 1;
    %ix/load 4, 1, 0;
    %flag_set/imm 4, 0;
    %store/vec4 v0x5555dd7af9b0_0, 4, 1;
    %pushi/vec4 0, 0, 1;
    %ix/load 4, 2, 0;
    %flag_set/imm 4, 0;
    %store/vec4 v0x5555dd7af9b0_0, 4, 1;
    %pushi/vec4 0, 0, 1;
    %ix/load 4, 3, 0;
    %flag_set/imm 4, 0;
    %store/vec4 v0x5555dd7af9b0_0, 4, 1;
    %pushi/vec4 0, 0, 1;
    %ix/load 4, 4, 0;
    %flag_set/imm 4, 0;
    %store/vec4 v0x5555dd7af9b0_0, 4, 1;
    %pushi/vec4 0, 0, 1;
    %ix/load 4, 5, 0;
    %flag_set/imm 4, 0;
    %store/vec4 v0x5555dd7af9b0_0, 4, 1;
    %pushi/vec4 0, 0, 1;
    %ix/load 4, 6, 0;
    %flag_set/imm 4, 0;
    %store/vec4 v0x5555dd7af9b0_0, 4, 1;
    %pushi/vec4 0, 0, 1;
    %ix/load 4, 7, 0;
    %flag_set/imm 4, 0;
    %store/vec4 v0x5555dd7af9b0_0, 4, 1;
    %pushi/vec4 0, 0, 1;
    %ix/load 4, 8, 0;
    %flag_set/imm 4, 0;
    %store/vec4 v0x5555dd7af9b0_0, 4, 1;
    %pushi/vec4 0, 0, 1;
    %ix/load 4, 9, 0;
    %flag_set/imm 4, 0;
    %store/vec4 v0x5555dd7af9b0_0, 4, 1;
    %pushi/vec4 0, 0, 1;
    %ix/load 4, 10, 0;
    %flag_set/imm 4, 0;
    %store/vec4 v0x5555dd7af9b0_0, 4, 1;
    %pushi/vec4 0, 0, 1;
    %ix/load 4, 11, 0;
    %flag_set/imm 4, 0;
    %store/vec4 v0x5555dd7af9b0_0, 4, 1;
    %pushi/vec4 0, 0, 1;
    %ix/load 4, 12, 0;
    %flag_set/imm 4, 0;
    %store/vec4 v0x5555dd7af9b0_0, 4, 1;
    %pushi/vec4 0, 0, 1;
    %ix/load 4, 13, 0;
    %flag_set/imm 4, 0;
    %store/vec4 v0x5555dd7af9b0_0, 4, 1;
    %pushi/vec4 0, 0, 1;
    %ix/load 4, 14, 0;
    %flag_set/imm 4, 0;
    %store/vec4 v0x5555dd7af9b0_0, 4, 1;
    %pushi/vec4 0, 0, 1;
    %ix/load 4, 15, 0;
    %flag_set/imm 4, 0;
    %store/vec4 v0x5555dd7af9b0_0, 4, 1;
    %pushi/vec4 0, 0, 1;
    %ix/load 4, 3, 0;
    %flag_set/imm 4, 0;
    %store/vec4 v0x5555dd7afaa0_0, 4, 1;
    %pushi/vec4 0, 0, 1;
    %ix/load 4, 2, 0;
    %flag_set/imm 4, 0;
    %store/vec4 v0x5555dd7afaa0_0, 4, 1;
    %pushi/vec4 0, 0, 1;
    %ix/load 4, 1, 0;
    %flag_set/imm 4, 0;
    %store/vec4 v0x5555dd7afaa0_0, 4, 1;
    %pushi/vec4 0, 0, 1;
    %ix/load 4, 0, 0;
    %flag_set/imm 4, 0;
    %store/vec4 v0x5555dd7afaa0_0, 4, 1;
    %delay 1, 0;
    %pushi/vec4 0, 0, 1;
    %ix/load 4, 0, 0;
    %flag_set/imm 4, 0;
    %store/vec4 v0x5555dd7af9b0_0, 4, 1;
    %pushi/vec4 1, 0, 1;
    %ix/load 4, 1, 0;
    %flag_set/imm 4, 0;
    %store/vec4 v0x5555dd7af9b0_0, 4, 1;
    %pushi/vec4 0, 0, 1;
    %ix/load 4, 2, 0;
    %flag_set/imm 4, 0;
    %store/vec4 v0x5555dd7af9b0_0, 4, 1;
    %pushi/vec4 0, 0, 1;
    %ix/load 4, 3, 0;
    %flag_set/imm 4, 0;
    %store/vec4 v0x5555dd7af9b0_0, 4, 1;
    %pushi/vec4 0, 0, 1;
    %ix/load 4, 4, 0;
    %flag_set/imm 4, 0;
    %store/vec4 v0x5555dd7af9b0_0, 4, 1;
    %pushi/vec4 0, 0, 1;
    %ix/load 4, 5, 0;
    %flag_set/imm 4, 0;
    %store/vec4 v0x5555dd7af9b0_0, 4, 1;
    %pushi/vec4 0, 0, 1;
    %ix/load 4, 6, 0;
    %flag_set/imm 4, 0;
    %store/vec4 v0x5555dd7af9b0_0, 4, 1;
    %pushi/vec4 0, 0, 1;
    %ix/load 4, 7, 0;
    %flag_set/imm 4, 0;
    %store/vec4 v0x5555dd7af9b0_0, 4, 1;
    %pushi/vec4 0, 0, 1;
    %ix/load 4, 8, 0;
    %flag_set/imm 4, 0;
    %store/vec4 v0x5555dd7af9b0_0, 4, 1;
    %pushi/vec4 0, 0, 1;
    %ix/load 4, 9, 0;
    %flag_set/imm 4, 0;
    %store/vec4 v0x5555dd7af9b0_0, 4, 1;
    %pushi/vec4 0, 0, 1;
    %ix/load 4, 10, 0;
    %flag_set/imm 4, 0;
    %store/vec4 v0x5555dd7af9b0_0, 4, 1;
    %pushi/vec4 0, 0, 1;
    %ix/load 4, 11, 0;
    %flag_set/imm 4, 0;
    %store/vec4 v0x5555dd7af9b0_0, 4, 1;
    %pushi/vec4 0, 0, 1;
    %ix/load 4, 12, 0;
    %flag_set/imm 4, 0;
    %store/vec4 v0x5555dd7af9b0_0, 4, 1;
    %pushi/vec4 0, 0, 1;
    %ix/load 4, 13, 0;
    %flag_set/imm 4, 0;
    %store/vec4 v0x5555dd7af9b0_0, 4, 1;
    %pushi/vec4 0, 0, 1;
    %ix/load 4, 14, 0;
    %flag_set/imm 4, 0;
    %store/vec4 v0x5555dd7af9b0_0, 4, 1;
    %pushi/vec4 0, 0, 1;
    %ix/load 4, 15, 0;
    %flag_set/imm 4, 0;
    %store/vec4 v0x5555dd7af9b0_0, 4, 1;
    %pushi/vec4 0, 0, 1;
    %ix/load 4, 3, 0;
    %flag_set/imm 4, 0;
    %store/vec4 v0x5555dd7afaa0_0, 4, 1;
    %pushi/vec4 0, 0, 1;
    %ix/load 4, 2, 0;
    %flag_set/imm 4, 0;
    %store/vec4 v0x5555dd7afaa0_0, 4, 1;
    %pushi/vec4 0, 0, 1;
    %ix/load 4, 1, 0;
    %flag_set/imm 4, 0;
    %store/vec4 v0x5555dd7afaa0_0, 4, 1;
    %pushi/vec4 1, 0, 1;
    %ix/load 4, 0, 0;
    %flag_set/imm 4, 0;
    %store/vec4 v0x5555dd7afaa0_0, 4, 1;
    %delay 1, 0;
    %pushi/vec4 0, 0, 1;
    %ix/load 4, 0, 0;
    %flag_set/imm 4, 0;
    %store/vec4 v0x5555dd7af9b0_0, 4, 1;
    %pushi/vec4 0, 0, 1;
    %ix/load 4, 1, 0;
    %flag_set/imm 4, 0;
    %store/vec4 v0x5555dd7af9b0_0, 4, 1;
    %pushi/vec4 1, 0, 1;
    %ix/load 4, 2, 0;
    %flag_set/imm 4, 0;
    %store/vec4 v0x5555dd7af9b0_0, 4, 1;
    %pushi/vec4 0, 0, 1;
    %ix/load 4, 3, 0;
    %flag_set/imm 4, 0;
    %store/vec4 v0x5555dd7af9b0_0, 4, 1;
    %pushi/vec4 0, 0, 1;
    %ix/load 4, 4, 0;
    %flag_set/imm 4, 0;
    %store/vec4 v0x5555dd7af9b0_0, 4, 1;
    %pushi/vec4 0, 0, 1;
    %ix/load 4, 5, 0;
    %flag_set/imm 4, 0;
    %store/vec4 v0x5555dd7af9b0_0, 4, 1;
    %pushi/vec4 0, 0, 1;
    %ix/load 4, 6, 0;
    %flag_set/imm 4, 0;
    %store/vec4 v0x5555dd7af9b0_0, 4, 1;
    %pushi/vec4 0, 0, 1;
    %ix/load 4, 7, 0;
    %flag_set/imm 4, 0;
    %store/vec4 v0x5555dd7af9b0_0, 4, 1;
    %pushi/vec4 0, 0, 1;
    %ix/load 4, 8, 0;
    %flag_set/imm 4, 0;
    %store/vec4 v0x5555dd7af9b0_0, 4, 1;
    %pushi/vec4 0, 0, 1;
    %ix/load 4, 9, 0;
    %flag_set/imm 4, 0;
    %store/vec4 v0x5555dd7af9b0_0, 4, 1;
    %pushi/vec4 0, 0, 1;
    %ix/load 4, 10, 0;
    %flag_set/imm 4, 0;
    %store/vec4 v0x5555dd7af9b0_0, 4, 1;
    %pushi/vec4 0, 0, 1;
    %ix/load 4, 11, 0;
    %flag_set/imm 4, 0;
    %store/vec4 v0x5555dd7af9b0_0, 4, 1;
    %pushi/vec4 0, 0, 1;
    %ix/load 4, 12, 0;
    %flag_set/imm 4, 0;
    %store/vec4 v0x5555dd7af9b0_0, 4, 1;
    %pushi/vec4 0, 0, 1;
    %ix/load 4, 13, 0;
    %flag_set/imm 4, 0;
    %store/vec4 v0x5555dd7af9b0_0, 4, 1;
    %pushi/vec4 0, 0, 1;
    %ix/load 4, 14, 0;
    %flag_set/imm 4, 0;
    %store/vec4 v0x5555dd7af9b0_0, 4, 1;
    %pushi/vec4 0, 0, 1;
    %ix/load 4, 15, 0;
    %flag_set/imm 4, 0;
    %store/vec4 v0x5555dd7af9b0_0, 4, 1;
    %pushi/vec4 0, 0, 1;
    %ix/load 4, 3, 0;
    %flag_set/imm 4, 0;
    %store/vec4 v0x5555dd7afaa0_0, 4, 1;
    %pushi/vec4 0, 0, 1;
    %ix/load 4, 2, 0;
    %flag_set/imm 4, 0;
    %store/vec4 v0x5555dd7afaa0_0, 4, 1;
    %pushi/vec4 1, 0, 1;
    %ix/load 4, 1, 0;
    %flag_set/imm 4, 0;
    %store/vec4 v0x5555dd7afaa0_0, 4, 1;
    %pushi/vec4 0, 0, 1;
    %ix/load 4, 0, 0;
    %flag_set/imm 4, 0;
    %store/vec4 v0x5555dd7afaa0_0, 4, 1;
    %delay 1, 0;
    %pushi/vec4 0, 0, 1;
    %ix/load 4, 0, 0;
    %flag_set/imm 4, 0;
    %store/vec4 v0x5555dd7af9b0_0, 4, 1;
    %pushi/vec4 0, 0, 1;
    %ix/load 4, 1, 0;
    %flag_set/imm 4, 0;
    %store/vec4 v0x5555dd7af9b0_0, 4, 1;
    %pushi/vec4 0, 0, 1;
    %ix/load 4, 2, 0;
    %flag_set/imm 4, 0;
    %store/vec4 v0x5555dd7af9b0_0, 4, 1;
    %pushi/vec4 1, 0, 1;
    %ix/load 4, 3, 0;
    %flag_set/imm 4, 0;
    %store/vec4 v0x5555dd7af9b0_0, 4, 1;
    %pushi/vec4 0, 0, 1;
    %ix/load 4, 4, 0;
    %flag_set/imm 4, 0;
    %store/vec4 v0x5555dd7af9b0_0, 4, 1;
    %pushi/vec4 0, 0, 1;
    %ix/load 4, 5, 0;
    %flag_set/imm 4, 0;
    %store/vec4 v0x5555dd7af9b0_0, 4, 1;
    %pushi/vec4 0, 0, 1;
    %ix/load 4, 6, 0;
    %flag_set/imm 4, 0;
    %store/vec4 v0x5555dd7af9b0_0, 4, 1;
    %pushi/vec4 0, 0, 1;
    %ix/load 4, 7, 0;
    %flag_set/imm 4, 0;
    %store/vec4 v0x5555dd7af9b0_0, 4, 1;
    %pushi/vec4 0, 0, 1;
    %ix/load 4, 8, 0;
    %flag_set/imm 4, 0;
    %store/vec4 v0x5555dd7af9b0_0, 4, 1;
    %pushi/vec4 0, 0, 1;
    %ix/load 4, 9, 0;
    %flag_set/imm 4, 0;
    %store/vec4 v0x5555dd7af9b0_0, 4, 1;
    %pushi/vec4 0, 0, 1;
    %ix/load 4, 10, 0;
    %flag_set/imm 4, 0;
    %store/vec4 v0x5555dd7af9b0_0, 4, 1;
    %pushi/vec4 0, 0, 1;
    %ix/load 4, 11, 0;
    %flag_set/imm 4, 0;
    %store/vec4 v0x5555dd7af9b0_0, 4, 1;
    %pushi/vec4 0, 0, 1;
    %ix/load 4, 12, 0;
    %flag_set/imm 4, 0;
    %store/vec4 v0x5555dd7af9b0_0, 4, 1;
    %pushi/vec4 0, 0, 1;
    %ix/load 4, 13, 0;
    %flag_set/imm 4, 0;
    %store/vec4 v0x5555dd7af9b0_0, 4, 1;
    %pushi/vec4 0, 0, 1;
    %ix/load 4, 14, 0;
    %flag_set/imm 4, 0;
    %store/vec4 v0x5555dd7af9b0_0, 4, 1;
    %pushi/vec4 0, 0, 1;
    %ix/load 4, 15, 0;
    %flag_set/imm 4, 0;
    %store/vec4 v0x5555dd7af9b0_0, 4, 1;
    %pushi/vec4 0, 0, 1;
    %ix/load 4, 3, 0;
    %flag_set/imm 4, 0;
    %store/vec4 v0x5555dd7afaa0_0, 4, 1;
    %pushi/vec4 0, 0, 1;
    %ix/load 4, 2, 0;
    %flag_set/imm 4, 0;
    %store/vec4 v0x5555dd7afaa0_0, 4, 1;
    %pushi/vec4 1, 0, 1;
    %ix/load 4, 1, 0;
    %flag_set/imm 4, 0;
    %store/vec4 v0x5555dd7afaa0_0, 4, 1;
    %pushi/vec4 1, 0, 1;
    %ix/load 4, 0, 0;
    %flag_set/imm 4, 0;
    %store/vec4 v0x5555dd7afaa0_0, 4, 1;
    %delay 1, 0;
    %pushi/vec4 0, 0, 1;
    %ix/load 4, 0, 0;
    %flag_set/imm 4, 0;
    %store/vec4 v0x5555dd7af9b0_0, 4, 1;
    %pushi/vec4 0, 0, 1;
    %ix/load 4, 1, 0;
    %flag_set/imm 4, 0;
    %store/vec4 v0x5555dd7af9b0_0, 4, 1;
    %pushi/vec4 0, 0, 1;
    %ix/load 4, 2, 0;
    %flag_set/imm 4, 0;
    %store/vec4 v0x5555dd7af9b0_0, 4, 1;
    %pushi/vec4 0, 0, 1;
    %ix/load 4, 3, 0;
    %flag_set/imm 4, 0;
    %store/vec4 v0x5555dd7af9b0_0, 4, 1;
    %pushi/vec4 1, 0, 1;
    %ix/load 4, 4, 0;
    %flag_set/imm 4, 0;
    %store/vec4 v0x5555dd7af9b0_0, 4, 1;
    %pushi/vec4 0, 0, 1;
    %ix/load 4, 5, 0;
    %flag_set/imm 4, 0;
    %store/vec4 v0x5555dd7af9b0_0, 4, 1;
    %pushi/vec4 0, 0, 1;
    %ix/load 4, 6, 0;
    %flag_set/imm 4, 0;
    %store/vec4 v0x5555dd7af9b0_0, 4, 1;
    %pushi/vec4 0, 0, 1;
    %ix/load 4, 7, 0;
    %flag_set/imm 4, 0;
    %store/vec4 v0x5555dd7af9b0_0, 4, 1;
    %pushi/vec4 0, 0, 1;
    %ix/load 4, 8, 0;
    %flag_set/imm 4, 0;
    %store/vec4 v0x5555dd7af9b0_0, 4, 1;
    %pushi/vec4 0, 0, 1;
    %ix/load 4, 9, 0;
    %flag_set/imm 4, 0;
    %store/vec4 v0x5555dd7af9b0_0, 4, 1;
    %pushi/vec4 0, 0, 1;
    %ix/load 4, 10, 0;
    %flag_set/imm 4, 0;
    %store/vec4 v0x5555dd7af9b0_0, 4, 1;
    %pushi/vec4 0, 0, 1;
    %ix/load 4, 11, 0;
    %flag_set/imm 4, 0;
    %store/vec4 v0x5555dd7af9b0_0, 4, 1;
    %pushi/vec4 0, 0, 1;
    %ix/load 4, 12, 0;
    %flag_set/imm 4, 0;
    %store/vec4 v0x5555dd7af9b0_0, 4, 1;
    %pushi/vec4 0, 0, 1;
    %ix/load 4, 13, 0;
    %flag_set/imm 4, 0;
    %store/vec4 v0x5555dd7af9b0_0, 4, 1;
    %pushi/vec4 0, 0, 1;
    %ix/load 4, 14, 0;
    %flag_set/imm 4, 0;
    %store/vec4 v0x5555dd7af9b0_0, 4, 1;
    %pushi/vec4 0, 0, 1;
    %ix/load 4, 15, 0;
    %flag_set/imm 4, 0;
    %store/vec4 v0x5555dd7af9b0_0, 4, 1;
    %pushi/vec4 0, 0, 1;
    %ix/load 4, 3, 0;
    %flag_set/imm 4, 0;
    %store/vec4 v0x5555dd7afaa0_0, 4, 1;
    %pushi/vec4 1, 0, 1;
    %ix/load 4, 2, 0;
    %flag_set/imm 4, 0;
    %store/vec4 v0x5555dd7afaa0_0, 4, 1;
    %pushi/vec4 0, 0, 1;
    %ix/load 4, 1, 0;
    %flag_set/imm 4, 0;
    %store/vec4 v0x5555dd7afaa0_0, 4, 1;
    %pushi/vec4 0, 0, 1;
    %ix/load 4, 0, 0;
    %flag_set/imm 4, 0;
    %store/vec4 v0x5555dd7afaa0_0, 4, 1;
    %delay 1, 0;
    %pushi/vec4 0, 0, 1;
    %ix/load 4, 0, 0;
    %flag_set/imm 4, 0;
    %store/vec4 v0x5555dd7af9b0_0, 4, 1;
    %pushi/vec4 0, 0, 1;
    %ix/load 4, 1, 0;
    %flag_set/imm 4, 0;
    %store/vec4 v0x5555dd7af9b0_0, 4, 1;
    %pushi/vec4 0, 0, 1;
    %ix/load 4, 2, 0;
    %flag_set/imm 4, 0;
    %store/vec4 v0x5555dd7af9b0_0, 4, 1;
    %pushi/vec4 0, 0, 1;
    %ix/load 4, 3, 0;
    %flag_set/imm 4, 0;
    %store/vec4 v0x5555dd7af9b0_0, 4, 1;
    %pushi/vec4 0, 0, 1;
    %ix/load 4, 4, 0;
    %flag_set/imm 4, 0;
    %store/vec4 v0x5555dd7af9b0_0, 4, 1;
    %pushi/vec4 1, 0, 1;
    %ix/load 4, 5, 0;
    %flag_set/imm 4, 0;
    %store/vec4 v0x5555dd7af9b0_0, 4, 1;
    %pushi/vec4 0, 0, 1;
    %ix/load 4, 6, 0;
    %flag_set/imm 4, 0;
    %store/vec4 v0x5555dd7af9b0_0, 4, 1;
    %pushi/vec4 0, 0, 1;
    %ix/load 4, 7, 0;
    %flag_set/imm 4, 0;
    %store/vec4 v0x5555dd7af9b0_0, 4, 1;
    %pushi/vec4 0, 0, 1;
    %ix/load 4, 8, 0;
    %flag_set/imm 4, 0;
    %store/vec4 v0x5555dd7af9b0_0, 4, 1;
    %pushi/vec4 0, 0, 1;
    %ix/load 4, 9, 0;
    %flag_set/imm 4, 0;
    %store/vec4 v0x5555dd7af9b0_0, 4, 1;
    %pushi/vec4 0, 0, 1;
    %ix/load 4, 10, 0;
    %flag_set/imm 4, 0;
    %store/vec4 v0x5555dd7af9b0_0, 4, 1;
    %pushi/vec4 0, 0, 1;
    %ix/load 4, 11, 0;
    %flag_set/imm 4, 0;
    %store/vec4 v0x5555dd7af9b0_0, 4, 1;
    %pushi/vec4 0, 0, 1;
    %ix/load 4, 12, 0;
    %flag_set/imm 4, 0;
    %store/vec4 v0x5555dd7af9b0_0, 4, 1;
    %pushi/vec4 0, 0, 1;
    %ix/load 4, 13, 0;
    %flag_set/imm 4, 0;
    %store/vec4 v0x5555dd7af9b0_0, 4, 1;
    %pushi/vec4 0, 0, 1;
    %ix/load 4, 14, 0;
    %flag_set/imm 4, 0;
    %store/vec4 v0x5555dd7af9b0_0, 4, 1;
    %pushi/vec4 0, 0, 1;
    %ix/load 4, 15, 0;
    %flag_set/imm 4, 0;
    %store/vec4 v0x5555dd7af9b0_0, 4, 1;
    %pushi/vec4 0, 0, 1;
    %ix/load 4, 3, 0;
    %flag_set/imm 4, 0;
    %store/vec4 v0x5555dd7afaa0_0, 4, 1;
    %pushi/vec4 1, 0, 1;
    %ix/load 4, 2, 0;
    %flag_set/imm 4, 0;
    %store/vec4 v0x5555dd7afaa0_0, 4, 1;
    %pushi/vec4 0, 0, 1;
    %ix/load 4, 1, 0;
    %flag_set/imm 4, 0;
    %store/vec4 v0x5555dd7afaa0_0, 4, 1;
    %pushi/vec4 1, 0, 1;
    %ix/load 4, 0, 0;
    %flag_set/imm 4, 0;
    %store/vec4 v0x5555dd7afaa0_0, 4, 1;
    %delay 1, 0;
    %pushi/vec4 0, 0, 1;
    %ix/load 4, 0, 0;
    %flag_set/imm 4, 0;
    %store/vec4 v0x5555dd7af9b0_0, 4, 1;
    %pushi/vec4 0, 0, 1;
    %ix/load 4, 1, 0;
    %flag_set/imm 4, 0;
    %store/vec4 v0x5555dd7af9b0_0, 4, 1;
    %pushi/vec4 0, 0, 1;
    %ix/load 4, 2, 0;
    %flag_set/imm 4, 0;
    %store/vec4 v0x5555dd7af9b0_0, 4, 1;
    %pushi/vec4 0, 0, 1;
    %ix/load 4, 3, 0;
    %flag_set/imm 4, 0;
    %store/vec4 v0x5555dd7af9b0_0, 4, 1;
    %pushi/vec4 0, 0, 1;
    %ix/load 4, 4, 0;
    %flag_set/imm 4, 0;
    %store/vec4 v0x5555dd7af9b0_0, 4, 1;
    %pushi/vec4 0, 0, 1;
    %ix/load 4, 5, 0;
    %flag_set/imm 4, 0;
    %store/vec4 v0x5555dd7af9b0_0, 4, 1;
    %pushi/vec4 1, 0, 1;
    %ix/load 4, 6, 0;
    %flag_set/imm 4, 0;
    %store/vec4 v0x5555dd7af9b0_0, 4, 1;
    %pushi/vec4 0, 0, 1;
    %ix/load 4, 7, 0;
    %flag_set/imm 4, 0;
    %store/vec4 v0x5555dd7af9b0_0, 4, 1;
    %pushi/vec4 0, 0, 1;
    %ix/load 4, 8, 0;
    %flag_set/imm 4, 0;
    %store/vec4 v0x5555dd7af9b0_0, 4, 1;
    %pushi/vec4 0, 0, 1;
    %ix/load 4, 9, 0;
    %flag_set/imm 4, 0;
    %store/vec4 v0x5555dd7af9b0_0, 4, 1;
    %pushi/vec4 0, 0, 1;
    %ix/load 4, 10, 0;
    %flag_set/imm 4, 0;
    %store/vec4 v0x5555dd7af9b0_0, 4, 1;
    %pushi/vec4 0, 0, 1;
    %ix/load 4, 11, 0;
    %flag_set/imm 4, 0;
    %store/vec4 v0x5555dd7af9b0_0, 4, 1;
    %pushi/vec4 0, 0, 1;
    %ix/load 4, 12, 0;
    %flag_set/imm 4, 0;
    %store/vec4 v0x5555dd7af9b0_0, 4, 1;
    %pushi/vec4 0, 0, 1;
    %ix/load 4, 13, 0;
    %flag_set/imm 4, 0;
    %store/vec4 v0x5555dd7af9b0_0, 4, 1;
    %pushi/vec4 0, 0, 1;
    %ix/load 4, 14, 0;
    %flag_set/imm 4, 0;
    %store/vec4 v0x5555dd7af9b0_0, 4, 1;
    %pushi/vec4 0, 0, 1;
    %ix/load 4, 15, 0;
    %flag_set/imm 4, 0;
    %store/vec4 v0x5555dd7af9b0_0, 4, 1;
    %pushi/vec4 0, 0, 1;
    %ix/load 4, 3, 0;
    %flag_set/imm 4, 0;
    %store/vec4 v0x5555dd7afaa0_0, 4, 1;
    %pushi/vec4 1, 0, 1;
    %ix/load 4, 2, 0;
    %flag_set/imm 4, 0;
    %store/vec4 v0x5555dd7afaa0_0, 4, 1;
    %pushi/vec4 1, 0, 1;
    %ix/load 4, 1, 0;
    %flag_set/imm 4, 0;
    %store/vec4 v0x5555dd7afaa0_0, 4, 1;
    %pushi/vec4 0, 0, 1;
    %ix/load 4, 0, 0;
    %flag_set/imm 4, 0;
    %store/vec4 v0x5555dd7afaa0_0, 4, 1;
    %delay 1, 0;
    %pushi/vec4 0, 0, 1;
    %ix/load 4, 0, 0;
    %flag_set/imm 4, 0;
    %store/vec4 v0x5555dd7af9b0_0, 4, 1;
    %pushi/vec4 0, 0, 1;
    %ix/load 4, 1, 0;
    %flag_set/imm 4, 0;
    %store/vec4 v0x5555dd7af9b0_0, 4, 1;
    %pushi/vec4 0, 0, 1;
    %ix/load 4, 2, 0;
    %flag_set/imm 4, 0;
    %store/vec4 v0x5555dd7af9b0_0, 4, 1;
    %pushi/vec4 0, 0, 1;
    %ix/load 4, 3, 0;
    %flag_set/imm 4, 0;
    %store/vec4 v0x5555dd7af9b0_0, 4, 1;
    %pushi/vec4 0, 0, 1;
    %ix/load 4, 4, 0;
    %flag_set/imm 4, 0;
    %store/vec4 v0x5555dd7af9b0_0, 4, 1;
    %pushi/vec4 0, 0, 1;
    %ix/load 4, 5, 0;
    %flag_set/imm 4, 0;
    %store/vec4 v0x5555dd7af9b0_0, 4, 1;
    %pushi/vec4 0, 0, 1;
    %ix/load 4, 6, 0;
    %flag_set/imm 4, 0;
    %store/vec4 v0x5555dd7af9b0_0, 4, 1;
    %pushi/vec4 1, 0, 1;
    %ix/load 4, 7, 0;
    %flag_set/imm 4, 0;
    %store/vec4 v0x5555dd7af9b0_0, 4, 1;
    %pushi/vec4 0, 0, 1;
    %ix/load 4, 8, 0;
    %flag_set/imm 4, 0;
    %store/vec4 v0x5555dd7af9b0_0, 4, 1;
    %pushi/vec4 0, 0, 1;
    %ix/load 4, 9, 0;
    %flag_set/imm 4, 0;
    %store/vec4 v0x5555dd7af9b0_0, 4, 1;
    %pushi/vec4 0, 0, 1;
    %ix/load 4, 10, 0;
    %flag_set/imm 4, 0;
    %store/vec4 v0x5555dd7af9b0_0, 4, 1;
    %pushi/vec4 0, 0, 1;
    %ix/load 4, 11, 0;
    %flag_set/imm 4, 0;
    %store/vec4 v0x5555dd7af9b0_0, 4, 1;
    %pushi/vec4 0, 0, 1;
    %ix/load 4, 12, 0;
    %flag_set/imm 4, 0;
    %store/vec4 v0x5555dd7af9b0_0, 4, 1;
    %pushi/vec4 0, 0, 1;
    %ix/load 4, 13, 0;
    %flag_set/imm 4, 0;
    %store/vec4 v0x5555dd7af9b0_0, 4, 1;
    %pushi/vec4 0, 0, 1;
    %ix/load 4, 14, 0;
    %flag_set/imm 4, 0;
    %store/vec4 v0x5555dd7af9b0_0, 4, 1;
    %pushi/vec4 0, 0, 1;
    %ix/load 4, 15, 0;
    %flag_set/imm 4, 0;
    %store/vec4 v0x5555dd7af9b0_0, 4, 1;
    %pushi/vec4 0, 0, 1;
    %ix/load 4, 3, 0;
    %flag_set/imm 4, 0;
    %store/vec4 v0x5555dd7afaa0_0, 4, 1;
    %pushi/vec4 1, 0, 1;
    %ix/load 4, 2, 0;
    %flag_set/imm 4, 0;
    %store/vec4 v0x5555dd7afaa0_0, 4, 1;
    %pushi/vec4 1, 0, 1;
    %ix/load 4, 1, 0;
    %flag_set/imm 4, 0;
    %store/vec4 v0x5555dd7afaa0_0, 4, 1;
    %pushi/vec4 1, 0, 1;
    %ix/load 4, 0, 0;
    %flag_set/imm 4, 0;
    %store/vec4 v0x5555dd7afaa0_0, 4, 1;
    %delay 1, 0;
    %pushi/vec4 0, 0, 1;
    %ix/load 4, 0, 0;
    %flag_set/imm 4, 0;
    %store/vec4 v0x5555dd7af9b0_0, 4, 1;
    %pushi/vec4 0, 0, 1;
    %ix/load 4, 1, 0;
    %flag_set/imm 4, 0;
    %store/vec4 v0x5555dd7af9b0_0, 4, 1;
    %pushi/vec4 0, 0, 1;
    %ix/load 4, 2, 0;
    %flag_set/imm 4, 0;
    %store/vec4 v0x5555dd7af9b0_0, 4, 1;
    %pushi/vec4 0, 0, 1;
    %ix/load 4, 3, 0;
    %flag_set/imm 4, 0;
    %store/vec4 v0x5555dd7af9b0_0, 4, 1;
    %pushi/vec4 0, 0, 1;
    %ix/load 4, 4, 0;
    %flag_set/imm 4, 0;
    %store/vec4 v0x5555dd7af9b0_0, 4, 1;
    %pushi/vec4 0, 0, 1;
    %ix/load 4, 5, 0;
    %flag_set/imm 4, 0;
    %store/vec4 v0x5555dd7af9b0_0, 4, 1;
    %pushi/vec4 0, 0, 1;
    %ix/load 4, 6, 0;
    %flag_set/imm 4, 0;
    %store/vec4 v0x5555dd7af9b0_0, 4, 1;
    %pushi/vec4 0, 0, 1;
    %ix/load 4, 7, 0;
    %flag_set/imm 4, 0;
    %store/vec4 v0x5555dd7af9b0_0, 4, 1;
    %pushi/vec4 1, 0, 1;
    %ix/load 4, 8, 0;
    %flag_set/imm 4, 0;
    %store/vec4 v0x5555dd7af9b0_0, 4, 1;
    %pushi/vec4 0, 0, 1;
    %ix/load 4, 9, 0;
    %flag_set/imm 4, 0;
    %store/vec4 v0x5555dd7af9b0_0, 4, 1;
    %pushi/vec4 0, 0, 1;
    %ix/load 4, 10, 0;
    %flag_set/imm 4, 0;
    %store/vec4 v0x5555dd7af9b0_0, 4, 1;
    %pushi/vec4 0, 0, 1;
    %ix/load 4, 11, 0;
    %flag_set/imm 4, 0;
    %store/vec4 v0x5555dd7af9b0_0, 4, 1;
    %pushi/vec4 0, 0, 1;
    %ix/load 4, 12, 0;
    %flag_set/imm 4, 0;
    %store/vec4 v0x5555dd7af9b0_0, 4, 1;
    %pushi/vec4 0, 0, 1;
    %ix/load 4, 13, 0;
    %flag_set/imm 4, 0;
    %store/vec4 v0x5555dd7af9b0_0, 4, 1;
    %pushi/vec4 0, 0, 1;
    %ix/load 4, 14, 0;
    %flag_set/imm 4, 0;
    %store/vec4 v0x5555dd7af9b0_0, 4, 1;
    %pushi/vec4 0, 0, 1;
    %ix/load 4, 15, 0;
    %flag_set/imm 4, 0;
    %store/vec4 v0x5555dd7af9b0_0, 4, 1;
    %pushi/vec4 1, 0, 1;
    %ix/load 4, 3, 0;
    %flag_set/imm 4, 0;
    %store/vec4 v0x5555dd7afaa0_0, 4, 1;
    %pushi/vec4 0, 0, 1;
    %ix/load 4, 2, 0;
    %flag_set/imm 4, 0;
    %store/vec4 v0x5555dd7afaa0_0, 4, 1;
    %pushi/vec4 0, 0, 1;
    %ix/load 4, 1, 0;
    %flag_set/imm 4, 0;
    %store/vec4 v0x5555dd7afaa0_0, 4, 1;
    %pushi/vec4 0, 0, 1;
    %ix/load 4, 0, 0;
    %flag_set/imm 4, 0;
    %store/vec4 v0x5555dd7afaa0_0, 4, 1;
    %delay 1, 0;
    %pushi/vec4 0, 0, 1;
    %ix/load 4, 0, 0;
    %flag_set/imm 4, 0;
    %store/vec4 v0x5555dd7af9b0_0, 4, 1;
    %pushi/vec4 0, 0, 1;
    %ix/load 4, 1, 0;
    %flag_set/imm 4, 0;
    %store/vec4 v0x5555dd7af9b0_0, 4, 1;
    %pushi/vec4 0, 0, 1;
    %ix/load 4, 2, 0;
    %flag_set/imm 4, 0;
    %store/vec4 v0x5555dd7af9b0_0, 4, 1;
    %pushi/vec4 0, 0, 1;
    %ix/load 4, 3, 0;
    %flag_set/imm 4, 0;
    %store/vec4 v0x5555dd7af9b0_0, 4, 1;
    %pushi/vec4 0, 0, 1;
    %ix/load 4, 4, 0;
    %flag_set/imm 4, 0;
    %store/vec4 v0x5555dd7af9b0_0, 4, 1;
    %pushi/vec4 0, 0, 1;
    %ix/load 4, 5, 0;
    %flag_set/imm 4, 0;
    %store/vec4 v0x5555dd7af9b0_0, 4, 1;
    %pushi/vec4 0, 0, 1;
    %ix/load 4, 6, 0;
    %flag_set/imm 4, 0;
    %store/vec4 v0x5555dd7af9b0_0, 4, 1;
    %pushi/vec4 0, 0, 1;
    %ix/load 4, 7, 0;
    %flag_set/imm 4, 0;
    %store/vec4 v0x5555dd7af9b0_0, 4, 1;
    %pushi/vec4 0, 0, 1;
    %ix/load 4, 8, 0;
    %flag_set/imm 4, 0;
    %store/vec4 v0x5555dd7af9b0_0, 4, 1;
    %pushi/vec4 1, 0, 1;
    %ix/load 4, 9, 0;
    %flag_set/imm 4, 0;
    %store/vec4 v0x5555dd7af9b0_0, 4, 1;
    %pushi/vec4 0, 0, 1;
    %ix/load 4, 10, 0;
    %flag_set/imm 4, 0;
    %store/vec4 v0x5555dd7af9b0_0, 4, 1;
    %pushi/vec4 0, 0, 1;
    %ix/load 4, 11, 0;
    %flag_set/imm 4, 0;
    %store/vec4 v0x5555dd7af9b0_0, 4, 1;
    %pushi/vec4 0, 0, 1;
    %ix/load 4, 12, 0;
    %flag_set/imm 4, 0;
    %store/vec4 v0x5555dd7af9b0_0, 4, 1;
    %pushi/vec4 0, 0, 1;
    %ix/load 4, 13, 0;
    %flag_set/imm 4, 0;
    %store/vec4 v0x5555dd7af9b0_0, 4, 1;
    %pushi/vec4 0, 0, 1;
    %ix/load 4, 14, 0;
    %flag_set/imm 4, 0;
    %store/vec4 v0x5555dd7af9b0_0, 4, 1;
    %pushi/vec4 0, 0, 1;
    %ix/load 4, 15, 0;
    %flag_set/imm 4, 0;
    %store/vec4 v0x5555dd7af9b0_0, 4, 1;
    %pushi/vec4 1, 0, 1;
    %ix/load 4, 3, 0;
    %flag_set/imm 4, 0;
    %store/vec4 v0x5555dd7afaa0_0, 4, 1;
    %pushi/vec4 0, 0, 1;
    %ix/load 4, 2, 0;
    %flag_set/imm 4, 0;
    %store/vec4 v0x5555dd7afaa0_0, 4, 1;
    %pushi/vec4 0, 0, 1;
    %ix/load 4, 1, 0;
    %flag_set/imm 4, 0;
    %store/vec4 v0x5555dd7afaa0_0, 4, 1;
    %pushi/vec4 1, 0, 1;
    %ix/load 4, 0, 0;
    %flag_set/imm 4, 0;
    %store/vec4 v0x5555dd7afaa0_0, 4, 1;
    %delay 1, 0;
    %pushi/vec4 0, 0, 1;
    %ix/load 4, 0, 0;
    %flag_set/imm 4, 0;
    %store/vec4 v0x5555dd7af9b0_0, 4, 1;
    %pushi/vec4 0, 0, 1;
    %ix/load 4, 1, 0;
    %flag_set/imm 4, 0;
    %store/vec4 v0x5555dd7af9b0_0, 4, 1;
    %pushi/vec4 0, 0, 1;
    %ix/load 4, 2, 0;
    %flag_set/imm 4, 0;
    %store/vec4 v0x5555dd7af9b0_0, 4, 1;
    %pushi/vec4 0, 0, 1;
    %ix/load 4, 3, 0;
    %flag_set/imm 4, 0;
    %store/vec4 v0x5555dd7af9b0_0, 4, 1;
    %pushi/vec4 0, 0, 1;
    %ix/load 4, 4, 0;
    %flag_set/imm 4, 0;
    %store/vec4 v0x5555dd7af9b0_0, 4, 1;
    %pushi/vec4 0, 0, 1;
    %ix/load 4, 5, 0;
    %flag_set/imm 4, 0;
    %store/vec4 v0x5555dd7af9b0_0, 4, 1;
    %pushi/vec4 0, 0, 1;
    %ix/load 4, 6, 0;
    %flag_set/imm 4, 0;
    %store/vec4 v0x5555dd7af9b0_0, 4, 1;
    %pushi/vec4 0, 0, 1;
    %ix/load 4, 7, 0;
    %flag_set/imm 4, 0;
    %store/vec4 v0x5555dd7af9b0_0, 4, 1;
    %pushi/vec4 0, 0, 1;
    %ix/load 4, 8, 0;
    %flag_set/imm 4, 0;
    %store/vec4 v0x5555dd7af9b0_0, 4, 1;
    %pushi/vec4 0, 0, 1;
    %ix/load 4, 9, 0;
    %flag_set/imm 4, 0;
    %store/vec4 v0x5555dd7af9b0_0, 4, 1;
    %pushi/vec4 1, 0, 1;
    %ix/load 4, 10, 0;
    %flag_set/imm 4, 0;
    %store/vec4 v0x5555dd7af9b0_0, 4, 1;
    %pushi/vec4 0, 0, 1;
    %ix/load 4, 11, 0;
    %flag_set/imm 4, 0;
    %store/vec4 v0x5555dd7af9b0_0, 4, 1;
    %pushi/vec4 0, 0, 1;
    %ix/load 4, 12, 0;
    %flag_set/imm 4, 0;
    %store/vec4 v0x5555dd7af9b0_0, 4, 1;
    %pushi/vec4 0, 0, 1;
    %ix/load 4, 13, 0;
    %flag_set/imm 4, 0;
    %store/vec4 v0x5555dd7af9b0_0, 4, 1;
    %pushi/vec4 0, 0, 1;
    %ix/load 4, 14, 0;
    %flag_set/imm 4, 0;
    %store/vec4 v0x5555dd7af9b0_0, 4, 1;
    %pushi/vec4 0, 0, 1;
    %ix/load 4, 15, 0;
    %flag_set/imm 4, 0;
    %store/vec4 v0x5555dd7af9b0_0, 4, 1;
    %pushi/vec4 1, 0, 1;
    %ix/load 4, 3, 0;
    %flag_set/imm 4, 0;
    %store/vec4 v0x5555dd7afaa0_0, 4, 1;
    %pushi/vec4 0, 0, 1;
    %ix/load 4, 2, 0;
    %flag_set/imm 4, 0;
    %store/vec4 v0x5555dd7afaa0_0, 4, 1;
    %pushi/vec4 1, 0, 1;
    %ix/load 4, 1, 0;
    %flag_set/imm 4, 0;
    %store/vec4 v0x5555dd7afaa0_0, 4, 1;
    %pushi/vec4 0, 0, 1;
    %ix/load 4, 0, 0;
    %flag_set/imm 4, 0;
    %store/vec4 v0x5555dd7afaa0_0, 4, 1;
    %delay 1, 0;
    %pushi/vec4 0, 0, 1;
    %ix/load 4, 0, 0;
    %flag_set/imm 4, 0;
    %store/vec4 v0x5555dd7af9b0_0, 4, 1;
    %pushi/vec4 0, 0, 1;
    %ix/load 4, 1, 0;
    %flag_set/imm 4, 0;
    %store/vec4 v0x5555dd7af9b0_0, 4, 1;
    %pushi/vec4 0, 0, 1;
    %ix/load 4, 2, 0;
    %flag_set/imm 4, 0;
    %store/vec4 v0x5555dd7af9b0_0, 4, 1;
    %pushi/vec4 0, 0, 1;
    %ix/load 4, 3, 0;
    %flag_set/imm 4, 0;
    %store/vec4 v0x5555dd7af9b0_0, 4, 1;
    %pushi/vec4 0, 0, 1;
    %ix/load 4, 4, 0;
    %flag_set/imm 4, 0;
    %store/vec4 v0x5555dd7af9b0_0, 4, 1;
    %pushi/vec4 0, 0, 1;
    %ix/load 4, 5, 0;
    %flag_set/imm 4, 0;
    %store/vec4 v0x5555dd7af9b0_0, 4, 1;
    %pushi/vec4 0, 0, 1;
    %ix/load 4, 6, 0;
    %flag_set/imm 4, 0;
    %store/vec4 v0x5555dd7af9b0_0, 4, 1;
    %pushi/vec4 0, 0, 1;
    %ix/load 4, 7, 0;
    %flag_set/imm 4, 0;
    %store/vec4 v0x5555dd7af9b0_0, 4, 1;
    %pushi/vec4 0, 0, 1;
    %ix/load 4, 8, 0;
    %flag_set/imm 4, 0;
    %store/vec4 v0x5555dd7af9b0_0, 4, 1;
    %pushi/vec4 0, 0, 1;
    %ix/load 4, 9, 0;
    %flag_set/imm 4, 0;
    %store/vec4 v0x5555dd7af9b0_0, 4, 1;
    %pushi/vec4 0, 0, 1;
    %ix/load 4, 10, 0;
    %flag_set/imm 4, 0;
    %store/vec4 v0x5555dd7af9b0_0, 4, 1;
    %pushi/vec4 1, 0, 1;
    %ix/load 4, 11, 0;
    %flag_set/imm 4, 0;
    %store/vec4 v0x5555dd7af9b0_0, 4, 1;
    %pushi/vec4 0, 0, 1;
    %ix/load 4, 12, 0;
    %flag_set/imm 4, 0;
    %store/vec4 v0x5555dd7af9b0_0, 4, 1;
    %pushi/vec4 0, 0, 1;
    %ix/load 4, 13, 0;
    %flag_set/imm 4, 0;
    %store/vec4 v0x5555dd7af9b0_0, 4, 1;
    %pushi/vec4 0, 0, 1;
    %ix/load 4, 14, 0;
    %flag_set/imm 4, 0;
    %store/vec4 v0x5555dd7af9b0_0, 4, 1;
    %pushi/vec4 0, 0, 1;
    %ix/load 4, 15, 0;
    %flag_set/imm 4, 0;
    %store/vec4 v0x5555dd7af9b0_0, 4, 1;
    %pushi/vec4 1, 0, 1;
    %ix/load 4, 3, 0;
    %flag_set/imm 4, 0;
    %store/vec4 v0x5555dd7afaa0_0, 4, 1;
    %pushi/vec4 0, 0, 1;
    %ix/load 4, 2, 0;
    %flag_set/imm 4, 0;
    %store/vec4 v0x5555dd7afaa0_0, 4, 1;
    %pushi/vec4 1, 0, 1;
    %ix/load 4, 1, 0;
    %flag_set/imm 4, 0;
    %store/vec4 v0x5555dd7afaa0_0, 4, 1;
    %pushi/vec4 1, 0, 1;
    %ix/load 4, 0, 0;
    %flag_set/imm 4, 0;
    %store/vec4 v0x5555dd7afaa0_0, 4, 1;
    %delay 1, 0;
    %pushi/vec4 0, 0, 1;
    %ix/load 4, 0, 0;
    %flag_set/imm 4, 0;
    %store/vec4 v0x5555dd7af9b0_0, 4, 1;
    %pushi/vec4 0, 0, 1;
    %ix/load 4, 1, 0;
    %flag_set/imm 4, 0;
    %store/vec4 v0x5555dd7af9b0_0, 4, 1;
    %pushi/vec4 0, 0, 1;
    %ix/load 4, 2, 0;
    %flag_set/imm 4, 0;
    %store/vec4 v0x5555dd7af9b0_0, 4, 1;
    %pushi/vec4 0, 0, 1;
    %ix/load 4, 3, 0;
    %flag_set/imm 4, 0;
    %store/vec4 v0x5555dd7af9b0_0, 4, 1;
    %pushi/vec4 0, 0, 1;
    %ix/load 4, 4, 0;
    %flag_set/imm 4, 0;
    %store/vec4 v0x5555dd7af9b0_0, 4, 1;
    %pushi/vec4 0, 0, 1;
    %ix/load 4, 5, 0;
    %flag_set/imm 4, 0;
    %store/vec4 v0x5555dd7af9b0_0, 4, 1;
    %pushi/vec4 0, 0, 1;
    %ix/load 4, 6, 0;
    %flag_set/imm 4, 0;
    %store/vec4 v0x5555dd7af9b0_0, 4, 1;
    %pushi/vec4 0, 0, 1;
    %ix/load 4, 7, 0;
    %flag_set/imm 4, 0;
    %store/vec4 v0x5555dd7af9b0_0, 4, 1;
    %pushi/vec4 0, 0, 1;
    %ix/load 4, 8, 0;
    %flag_set/imm 4, 0;
    %store/vec4 v0x5555dd7af9b0_0, 4, 1;
    %pushi/vec4 0, 0, 1;
    %ix/load 4, 9, 0;
    %flag_set/imm 4, 0;
    %store/vec4 v0x5555dd7af9b0_0, 4, 1;
    %pushi/vec4 0, 0, 1;
    %ix/load 4, 10, 0;
    %flag_set/imm 4, 0;
    %store/vec4 v0x5555dd7af9b0_0, 4, 1;
    %pushi/vec4 0, 0, 1;
    %ix/load 4, 11, 0;
    %flag_set/imm 4, 0;
    %store/vec4 v0x5555dd7af9b0_0, 4, 1;
    %pushi/vec4 1, 0, 1;
    %ix/load 4, 12, 0;
    %flag_set/imm 4, 0;
    %store/vec4 v0x5555dd7af9b0_0, 4, 1;
    %pushi/vec4 0, 0, 1;
    %ix/load 4, 13, 0;
    %flag_set/imm 4, 0;
    %store/vec4 v0x5555dd7af9b0_0, 4, 1;
    %pushi/vec4 0, 0, 1;
    %ix/load 4, 14, 0;
    %flag_set/imm 4, 0;
    %store/vec4 v0x5555dd7af9b0_0, 4, 1;
    %pushi/vec4 0, 0, 1;
    %ix/load 4, 15, 0;
    %flag_set/imm 4, 0;
    %store/vec4 v0x5555dd7af9b0_0, 4, 1;
    %pushi/vec4 1, 0, 1;
    %ix/load 4, 3, 0;
    %flag_set/imm 4, 0;
    %store/vec4 v0x5555dd7afaa0_0, 4, 1;
    %pushi/vec4 1, 0, 1;
    %ix/load 4, 2, 0;
    %flag_set/imm 4, 0;
    %store/vec4 v0x5555dd7afaa0_0, 4, 1;
    %pushi/vec4 0, 0, 1;
    %ix/load 4, 1, 0;
    %flag_set/imm 4, 0;
    %store/vec4 v0x5555dd7afaa0_0, 4, 1;
    %pushi/vec4 0, 0, 1;
    %ix/load 4, 0, 0;
    %flag_set/imm 4, 0;
    %store/vec4 v0x5555dd7afaa0_0, 4, 1;
    %delay 1, 0;
    %pushi/vec4 0, 0, 1;
    %ix/load 4, 0, 0;
    %flag_set/imm 4, 0;
    %store/vec4 v0x5555dd7af9b0_0, 4, 1;
    %pushi/vec4 0, 0, 1;
    %ix/load 4, 1, 0;
    %flag_set/imm 4, 0;
    %store/vec4 v0x5555dd7af9b0_0, 4, 1;
    %pushi/vec4 0, 0, 1;
    %ix/load 4, 2, 0;
    %flag_set/imm 4, 0;
    %store/vec4 v0x5555dd7af9b0_0, 4, 1;
    %pushi/vec4 0, 0, 1;
    %ix/load 4, 3, 0;
    %flag_set/imm 4, 0;
    %store/vec4 v0x5555dd7af9b0_0, 4, 1;
    %pushi/vec4 0, 0, 1;
    %ix/load 4, 4, 0;
    %flag_set/imm 4, 0;
    %store/vec4 v0x5555dd7af9b0_0, 4, 1;
    %pushi/vec4 0, 0, 1;
    %ix/load 4, 5, 0;
    %flag_set/imm 4, 0;
    %store/vec4 v0x5555dd7af9b0_0, 4, 1;
    %pushi/vec4 0, 0, 1;
    %ix/load 4, 6, 0;
    %flag_set/imm 4, 0;
    %store/vec4 v0x5555dd7af9b0_0, 4, 1;
    %pushi/vec4 0, 0, 1;
    %ix/load 4, 7, 0;
    %flag_set/imm 4, 0;
    %store/vec4 v0x5555dd7af9b0_0, 4, 1;
    %pushi/vec4 0, 0, 1;
    %ix/load 4, 8, 0;
    %flag_set/imm 4, 0;
    %store/vec4 v0x5555dd7af9b0_0, 4, 1;
    %pushi/vec4 0, 0, 1;
    %ix/load 4, 9, 0;
    %flag_set/imm 4, 0;
    %store/vec4 v0x5555dd7af9b0_0, 4, 1;
    %pushi/vec4 0, 0, 1;
    %ix/load 4, 10, 0;
    %flag_set/imm 4, 0;
    %store/vec4 v0x5555dd7af9b0_0, 4, 1;
    %pushi/vec4 0, 0, 1;
    %ix/load 4, 11, 0;
    %flag_set/imm 4, 0;
    %store/vec4 v0x5555dd7af9b0_0, 4, 1;
    %pushi/vec4 0, 0, 1;
    %ix/load 4, 12, 0;
    %flag_set/imm 4, 0;
    %store/vec4 v0x5555dd7af9b0_0, 4, 1;
    %pushi/vec4 1, 0, 1;
    %ix/load 4, 13, 0;
    %flag_set/imm 4, 0;
    %store/vec4 v0x5555dd7af9b0_0, 4, 1;
    %pushi/vec4 0, 0, 1;
    %ix/load 4, 14, 0;
    %flag_set/imm 4, 0;
    %store/vec4 v0x5555dd7af9b0_0, 4, 1;
    %pushi/vec4 0, 0, 1;
    %ix/load 4, 15, 0;
    %flag_set/imm 4, 0;
    %store/vec4 v0x5555dd7af9b0_0, 4, 1;
    %pushi/vec4 1, 0, 1;
    %ix/load 4, 3, 0;
    %flag_set/imm 4, 0;
    %store/vec4 v0x5555dd7afaa0_0, 4, 1;
    %pushi/vec4 1, 0, 1;
    %ix/load 4, 2, 0;
    %flag_set/imm 4, 0;
    %store/vec4 v0x5555dd7afaa0_0, 4, 1;
    %pushi/vec4 0, 0, 1;
    %ix/load 4, 1, 0;
    %flag_set/imm 4, 0;
    %store/vec4 v0x5555dd7afaa0_0, 4, 1;
    %pushi/vec4 1, 0, 1;
    %ix/load 4, 0, 0;
    %flag_set/imm 4, 0;
    %store/vec4 v0x5555dd7afaa0_0, 4, 1;
    %delay 1, 0;
    %pushi/vec4 0, 0, 1;
    %ix/load 4, 0, 0;
    %flag_set/imm 4, 0;
    %store/vec4 v0x5555dd7af9b0_0, 4, 1;
    %pushi/vec4 0, 0, 1;
    %ix/load 4, 1, 0;
    %flag_set/imm 4, 0;
    %store/vec4 v0x5555dd7af9b0_0, 4, 1;
    %pushi/vec4 0, 0, 1;
    %ix/load 4, 2, 0;
    %flag_set/imm 4, 0;
    %store/vec4 v0x5555dd7af9b0_0, 4, 1;
    %pushi/vec4 0, 0, 1;
    %ix/load 4, 3, 0;
    %flag_set/imm 4, 0;
    %store/vec4 v0x5555dd7af9b0_0, 4, 1;
    %pushi/vec4 0, 0, 1;
    %ix/load 4, 4, 0;
    %flag_set/imm 4, 0;
    %store/vec4 v0x5555dd7af9b0_0, 4, 1;
    %pushi/vec4 0, 0, 1;
    %ix/load 4, 5, 0;
    %flag_set/imm 4, 0;
    %store/vec4 v0x5555dd7af9b0_0, 4, 1;
    %pushi/vec4 0, 0, 1;
    %ix/load 4, 6, 0;
    %flag_set/imm 4, 0;
    %store/vec4 v0x5555dd7af9b0_0, 4, 1;
    %pushi/vec4 0, 0, 1;
    %ix/load 4, 7, 0;
    %flag_set/imm 4, 0;
    %store/vec4 v0x5555dd7af9b0_0, 4, 1;
    %pushi/vec4 0, 0, 1;
    %ix/load 4, 8, 0;
    %flag_set/imm 4, 0;
    %store/vec4 v0x5555dd7af9b0_0, 4, 1;
    %pushi/vec4 0, 0, 1;
    %ix/load 4, 9, 0;
    %flag_set/imm 4, 0;
    %store/vec4 v0x5555dd7af9b0_0, 4, 1;
    %pushi/vec4 0, 0, 1;
    %ix/load 4, 10, 0;
    %flag_set/imm 4, 0;
    %store/vec4 v0x5555dd7af9b0_0, 4, 1;
    %pushi/vec4 0, 0, 1;
    %ix/load 4, 11, 0;
    %flag_set/imm 4, 0;
    %store/vec4 v0x5555dd7af9b0_0, 4, 1;
    %pushi/vec4 0, 0, 1;
    %ix/load 4, 12, 0;
    %flag_set/imm 4, 0;
    %store/vec4 v0x5555dd7af9b0_0, 4, 1;
    %pushi/vec4 0, 0, 1;
    %ix/load 4, 13, 0;
    %flag_set/imm 4, 0;
    %store/vec4 v0x5555dd7af9b0_0, 4, 1;
    %pushi/vec4 1, 0, 1;
    %ix/load 4, 14, 0;
    %flag_set/imm 4, 0;
    %store/vec4 v0x5555dd7af9b0_0, 4, 1;
    %pushi/vec4 0, 0, 1;
    %ix/load 4, 15, 0;
    %flag_set/imm 4, 0;
    %store/vec4 v0x5555dd7af9b0_0, 4, 1;
    %pushi/vec4 1, 0, 1;
    %ix/load 4, 3, 0;
    %flag_set/imm 4, 0;
    %store/vec4 v0x5555dd7afaa0_0, 4, 1;
    %pushi/vec4 1, 0, 1;
    %ix/load 4, 2, 0;
    %flag_set/imm 4, 0;
    %store/vec4 v0x5555dd7afaa0_0, 4, 1;
    %pushi/vec4 1, 0, 1;
    %ix/load 4, 1, 0;
    %flag_set/imm 4, 0;
    %store/vec4 v0x5555dd7afaa0_0, 4, 1;
    %pushi/vec4 0, 0, 1;
    %ix/load 4, 0, 0;
    %flag_set/imm 4, 0;
    %store/vec4 v0x5555dd7afaa0_0, 4, 1;
    %delay 1, 0;
    %pushi/vec4 0, 0, 1;
    %ix/load 4, 0, 0;
    %flag_set/imm 4, 0;
    %store/vec4 v0x5555dd7af9b0_0, 4, 1;
    %pushi/vec4 0, 0, 1;
    %ix/load 4, 1, 0;
    %flag_set/imm 4, 0;
    %store/vec4 v0x5555dd7af9b0_0, 4, 1;
    %pushi/vec4 0, 0, 1;
    %ix/load 4, 2, 0;
    %flag_set/imm 4, 0;
    %store/vec4 v0x5555dd7af9b0_0, 4, 1;
    %pushi/vec4 0, 0, 1;
    %ix/load 4, 3, 0;
    %flag_set/imm 4, 0;
    %store/vec4 v0x5555dd7af9b0_0, 4, 1;
    %pushi/vec4 0, 0, 1;
    %ix/load 4, 4, 0;
    %flag_set/imm 4, 0;
    %store/vec4 v0x5555dd7af9b0_0, 4, 1;
    %pushi/vec4 0, 0, 1;
    %ix/load 4, 5, 0;
    %flag_set/imm 4, 0;
    %store/vec4 v0x5555dd7af9b0_0, 4, 1;
    %pushi/vec4 0, 0, 1;
    %ix/load 4, 6, 0;
    %flag_set/imm 4, 0;
    %store/vec4 v0x5555dd7af9b0_0, 4, 1;
    %pushi/vec4 0, 0, 1;
    %ix/load 4, 7, 0;
    %flag_set/imm 4, 0;
    %store/vec4 v0x5555dd7af9b0_0, 4, 1;
    %pushi/vec4 0, 0, 1;
    %ix/load 4, 8, 0;
    %flag_set/imm 4, 0;
    %store/vec4 v0x5555dd7af9b0_0, 4, 1;
    %pushi/vec4 0, 0, 1;
    %ix/load 4, 9, 0;
    %flag_set/imm 4, 0;
    %store/vec4 v0x5555dd7af9b0_0, 4, 1;
    %pushi/vec4 0, 0, 1;
    %ix/load 4, 10, 0;
    %flag_set/imm 4, 0;
    %store/vec4 v0x5555dd7af9b0_0, 4, 1;
    %pushi/vec4 0, 0, 1;
    %ix/load 4, 11, 0;
    %flag_set/imm 4, 0;
    %store/vec4 v0x5555dd7af9b0_0, 4, 1;
    %pushi/vec4 0, 0, 1;
    %ix/load 4, 12, 0;
    %flag_set/imm 4, 0;
    %store/vec4 v0x5555dd7af9b0_0, 4, 1;
    %pushi/vec4 0, 0, 1;
    %ix/load 4, 13, 0;
    %flag_set/imm 4, 0;
    %store/vec4 v0x5555dd7af9b0_0, 4, 1;
    %pushi/vec4 0, 0, 1;
    %ix/load 4, 14, 0;
    %flag_set/imm 4, 0;
    %store/vec4 v0x5555dd7af9b0_0, 4, 1;
    %pushi/vec4 1, 0, 1;
    %ix/load 4, 15, 0;
    %flag_set/imm 4, 0;
    %store/vec4 v0x5555dd7af9b0_0, 4, 1;
    %pushi/vec4 1, 0, 1;
    %ix/load 4, 3, 0;
    %flag_set/imm 4, 0;
    %store/vec4 v0x5555dd7afaa0_0, 4, 1;
    %pushi/vec4 1, 0, 1;
    %ix/load 4, 2, 0;
    %flag_set/imm 4, 0;
    %store/vec4 v0x5555dd7afaa0_0, 4, 1;
    %pushi/vec4 1, 0, 1;
    %ix/load 4, 1, 0;
    %flag_set/imm 4, 0;
    %store/vec4 v0x5555dd7afaa0_0, 4, 1;
    %pushi/vec4 1, 0, 1;
    %ix/load 4, 0, 0;
    %flag_set/imm 4, 0;
    %store/vec4 v0x5555dd7afaa0_0, 4, 1;
    %delay 1, 0;
    %vpi_call 2 74 "$finish" {0 0 0};
    %end;
    .thread T_0;
    .scope S_0x5555dd752f30;
T_1 ;
    %vpi_call 2 77 "$monitor", "%2d\011 a0 = %b\011 a1 = %b\011 a2 = %b\011a3 = %b\011a4 = %b\011a5 = %b\011a6 = %b\011a7 = %b\011a8 = %b\011a9 = %b\011a10 = %b\011a11 = %b\011a12 = %b\011a13 = %b\011a14 = %b\011a15 = %b\011y = %b\011", $time, &PV<v0x5555dd7af9b0_0, 0, 1>, &PV<v0x5555dd7af9b0_0, 1, 1>, &PV<v0x5555dd7af9b0_0, 2, 1>, &PV<v0x5555dd7af9b0_0, 3, 1>, &PV<v0x5555dd7af9b0_0, 4, 1>, &PV<v0x5555dd7af9b0_0, 5, 1>, &PV<v0x5555dd7af9b0_0, 6, 1>, &PV<v0x5555dd7af9b0_0, 7, 1>, &PV<v0x5555dd7af9b0_0, 8, 1>, &PV<v0x5555dd7af9b0_0, 9, 1>, &PV<v0x5555dd7af9b0_0, 10, 1>, &PV<v0x5555dd7af9b0_0, 11, 1>, &PV<v0x5555dd7af9b0_0, 12, 1>, &PV<v0x5555dd7af9b0_0, 13, 1>, &PV<v0x5555dd7af9b0_0, 14, 1>, &PV<v0x5555dd7af9b0_0, 15, 1>, v0x5555dd7afb70_0 {0 0 0};
    %end;
    .thread T_1;
# The file index is used to find the file name in the following table.
:file_names 3;
    "N/A";
    "<interactive>";
    "p3.v";
